Jan 26,2022 11:09:09 [info]  filter Button is present true
Jan 26,2022 11:09:09 [info]  refresh button is present true
Jan 26,2022 11:09:09 [info]  export button is presenttrue
Jan 26,2022 11:10:03 [info]  Clicked on Heade of Column : Alias
Jan 26,2022 11:11:08 [info]  TestrailProjectName:  Arexdata
Jan 26,2022 11:11:08 [info]  TestrailRunName:  AutomatedTestCases
Jan 26,2022 11:30:56 [info]  Clicked on Filter Icon
Jan 26,2022 11:30:58 [info]  User has clicked on dropdown field: //label[text()='Machine Name']/following-sibling::div//span[@class='k-input']
Jan 26,2022 11:30:59 [info]  User has selected dropdown option: //li[text()='Contains']
Jan 26,2022 11:31:06 [info]  User has clicked on dropdown field: //label[text()='Machine Name']/..//input
Jan 26,2022 11:31:10 [info]  Clicked on 'OK' button at Filter Dialog
Jan 26,2022 11:31:14 [info]  Clicked on Filter Icon
Jan 26,2022 11:31:18 [info]  Clicked on 'CLEAR' button at Filter Dialog
Jan 26,2022 11:31:23 [info]  Clicked on 'OK' button at Filter Dialog
Jan 26,2022 11:31:26 [info]  TestrailProjectName:  Arexdata
Jan 26,2022 11:31:26 [info]  TestrailRunName:  AutomatedTestCases
Jan 26,2022 11:38:27 [info]  Clicked on Filter Icon
Jan 26,2022 11:38:29 [info]  User has clicked on dropdown field: //label[text()='Machine Name']/following-sibling::div//span[@class='k-input']
Jan 26,2022 11:38:30 [info]  User has selected dropdown option: //li[text()='Equals']
Jan 26,2022 11:38:37 [info]  User has clicked on dropdown field: //label[text()='Machine Name']/..//input
Jan 26,2022 11:38:41 [info]  Clicked on 'OK' button at Filter Dialog
Jan 26,2022 11:38:45 [info]  Clicked on Filter Icon
Jan 26,2022 11:38:49 [info]  Clicked on 'CLEAR' button at Filter Dialog
Jan 26,2022 11:38:53 [info]  Clicked on 'OK' button at Filter Dialog
Jan 26,2022 11:38:56 [info]  TestrailProjectName:  Arexdata
Jan 26,2022 11:38:56 [info]  TestrailRunName:  AutomatedTestCases
Jan 26,2022 11:44:41 [info]  Clicked on Filter Icon
Jan 26,2022 11:44:43 [info]  User has clicked on dropdown field: //label[text()='Machine Name']/following-sibling::div//span[@class='k-input']
Jan 26,2022 11:44:45 [info]  User has selected dropdown option: //li[text()='Start With']
Jan 26,2022 11:44:51 [info]  User has clicked on dropdown field: //label[text()='Machine Name']/..//input
Jan 26,2022 11:44:55 [info]  Clicked on 'OK' button at Filter Dialog
Jan 26,2022 11:44:59 [info]  Clicked on Filter Icon
Jan 26,2022 11:45:03 [info]  Clicked on 'CLEAR' button at Filter Dialog
Jan 26,2022 11:45:08 [info]  Clicked on 'OK' button at Filter Dialog
Jan 26,2022 11:45:11 [info]  TestrailProjectName:  Arexdata
Jan 26,2022 11:45:11 [info]  TestrailRunName:  AutomatedTestCases
Jan 26,2022 11:51:01 [info]  Clicked on Filter Icon
Jan 26,2022 11:51:23 [info]  Jan 26,2022 11:51:23 [info]  <<<<<<<<<<<<<<<<<<<<<<<<<<<<<<<<<< Error message >>>>>>>>>>>>>>>>>>>>>>>>>>>>>>
org.openqa.selenium.NoSuchElementException: no such element: Unable to locate element: {"method":"xpath","selector":"//label[text()='Alias Name']/following-sibling::div//span[@class='k-input']"}
  (Session info: chrome=97.0.4692.99)
For documentation on this error, please visit: https://www.seleniumhq.org/exceptions/no_such_element.html
Build info: version: '3.141.59', revision: 'e82be7d358', time: '2018-11-14T08:17:03'
System info: host: 'WIN-IAU3NU9P049', ip: '192.168.0.5', os.name: 'Windows 10', os.arch: 'amd64', os.version: '10.0', java.version: '17'
Driver info: org.openqa.selenium.chrome.ChromeDriver
Capabilities {acceptInsecureCerts: false, browserName: chrome, browserVersion: 97.0.4692.99, chrome: {chromedriverVersion: 96.0.4664.45 (76e4c1bb2ab46..., userDataDir: C:\Users\User\AppData\Local...}, goog:chromeOptions: {debuggerAddress: localhost:57605}, javascriptEnabled: true, networkConnectionEnabled: false, pageLoadStrategy: normal, platform: WINDOWS, platformName: WINDOWS, proxy: Proxy(), setWindowRect: true, strictFileInteractability: false, timeouts: {implicit: 0, pageLoad: 300000, script: 30000}, unhandledPromptBehavior: dismiss and notify, webauthn:extension:credBlob: true, webauthn:extension:largeBlob: true, webauthn:virtualAuthenticators: true}
Session ID: 3dd29b1231d4135c5abf09b5b05f28db
*** Element info: {Using=xpath, value=//label[text()='Alias Name']/following-sibling::div//span[@class='k-input']}
	at java.base/jdk.internal.reflect.NativeConstructorAccessorImpl.newInstance0(Native Method)
	at java.base/jdk.internal.reflect.NativeConstructorAccessorImpl.newInstance(NativeConstructorAccessorImpl.java:77)
	at java.base/jdk.internal.reflect.DelegatingConstructorAccessorImpl.newInstance(DelegatingConstructorAccessorImpl.java:45)
	at java.base/java.lang.reflect.Constructor.newInstanceWithCaller(Constructor.java:499)
	at java.base/java.lang.reflect.Constructor.newInstance(Constructor.java:480)
	at org.openqa.selenium.remote.http.W3CHttpResponseCodec.createException(W3CHttpResponseCodec.java:187)
	at org.openqa.selenium.remote.http.W3CHttpResponseCodec.decode(W3CHttpResponseCodec.java:122)
	at org.openqa.selenium.remote.http.W3CHttpResponseCodec.decode(W3CHttpResponseCodec.java:49)
	at org.openqa.selenium.remote.HttpCommandExecutor.execute(HttpCommandExecutor.java:158)
	at org.openqa.selenium.remote.service.DriverCommandExecutor.execute(DriverCommandExecutor.java:83)
	at org.openqa.selenium.remote.RemoteWebDriver.execute(RemoteWebDriver.java:552)
	at org.openqa.selenium.remote.RemoteWebDriver.findElement(RemoteWebDriver.java:323)
	at org.openqa.selenium.remote.RemoteWebDriver.findElementByXPath(RemoteWebDriver.java:428)
	at org.openqa.selenium.By$ByXPath.findElement(By.java:353)
	at org.openqa.selenium.remote.RemoteWebDriver.findElement(RemoteWebDriver.java:315)
	at utility.DriverPage.clickOn(DriverPage.java:155)
	at pages.FilterDialogPage.selectOptionFromDropdown(FilterDialogPage.java:24)
	at tests.Admin_Manage_EndpointTest.testUserAbleToFilterByAliasNameWithContainsCondition(Admin_Manage_EndpointTest.java:273)
	at java.base/jdk.internal.reflect.NativeMethodAccessorImpl.invoke0(Native Method)
	at java.base/jdk.internal.reflect.NativeMethodAccessorImpl.invoke(NativeMethodAccessorImpl.java:77)
	at java.base/jdk.internal.reflect.DelegatingMethodAccessorImpl.invoke(DelegatingMethodAccessorImpl.java:43)
	at java.base/java.lang.reflect.Method.invoke(Method.java:568)
	at org.testng.internal.MethodInvocationHelper.invokeMethod(MethodInvocationHelper.java:133)
	at org.testng.internal.TestInvoker.invokeMethod(TestInvoker.java:598)
	at org.testng.internal.TestInvoker.invokeTestMethod(TestInvoker.java:173)
	at org.testng.internal.MethodRunner.runInSequence(MethodRunner.java:46)
	at org.testng.internal.TestInvoker$MethodInvocationAgent.invoke(TestInvoker.java:824)
	at org.testng.internal.TestInvoker.invokeTestMethods(TestInvoker.java:146)
	at org.testng.internal.TestMethodWorker.invokeTestMethods(TestMethodWorker.java:146)
	at org.testng.internal.TestMethodWorker.run(TestMethodWorker.java:128)
	at java.base/java.util.ArrayList.forEach(ArrayList.java:1511)
	at org.testng.TestRunner.privateRun(TestRunner.java:794)
	at org.testng.TestRunner.run(TestRunner.java:596)
	at org.testng.SuiteRunner.runTest(SuiteRunner.java:377)
	at org.testng.SuiteRunner.access$000(SuiteRunner.java:28)
	at org.testng.SuiteRunner$SuiteWorker.run(SuiteRunner.java:418)
	at org.testng.internal.thread.ThreadUtil.lambda$execute$0(ThreadUtil.java:64)
	at java.base/java.util.concurrent.FutureTask.run(FutureTask.java:264)
	at java.base/java.util.concurrent.ThreadPoolExecutor.runWorker(ThreadPoolExecutor.java:1136)
	at java.base/java.util.concurrent.ThreadPoolExecutor$Worker.run(ThreadPoolExecutor.java:635)
	at java.base/java.lang.Thread.run(Thread.java:833)
Jan 26,2022 11:51:25 [info]  Jan 26,2022 11:51:25 [info]  <<<<<<<<<<<<<<<<<<<<<<<<<<<<<<<<<< Error message >>>>>>>>>>>>>>>>>>>>>>>>>>>>>>
org.openqa.selenium.ElementClickInterceptedException: element click intercepted: Element <i class="fas fa-filter"></i> is not clickable at point (1264, 70). Other element would receive the click: <div class="k-overlay" aria-hidden="true" tabindex="-1"></div>
  (Session info: chrome=97.0.4692.99)
Build info: version: '3.141.59', revision: 'e82be7d358', time: '2018-11-14T08:17:03'
System info: host: 'WIN-IAU3NU9P049', ip: '192.168.0.5', os.name: 'Windows 10', os.arch: 'amd64', os.version: '10.0', java.version: '17'
Driver info: org.openqa.selenium.chrome.ChromeDriver
Capabilities {acceptInsecureCerts: false, browserName: chrome, browserVersion: 97.0.4692.99, chrome: {chromedriverVersion: 96.0.4664.45 (76e4c1bb2ab46..., userDataDir: C:\Users\User\AppData\Local...}, goog:chromeOptions: {debuggerAddress: localhost:57605}, javascriptEnabled: true, networkConnectionEnabled: false, pageLoadStrategy: normal, platform: WINDOWS, platformName: WINDOWS, proxy: Proxy(), setWindowRect: true, strictFileInteractability: false, timeouts: {implicit: 0, pageLoad: 300000, script: 30000}, unhandledPromptBehavior: dismiss and notify, webauthn:extension:credBlob: true, webauthn:extension:largeBlob: true, webauthn:virtualAuthenticators: true}
Session ID: 3dd29b1231d4135c5abf09b5b05f28db
	at java.base/jdk.internal.reflect.NativeConstructorAccessorImpl.newInstance0(Native Method)
	at java.base/jdk.internal.reflect.NativeConstructorAccessorImpl.newInstance(NativeConstructorAccessorImpl.java:77)
	at java.base/jdk.internal.reflect.DelegatingConstructorAccessorImpl.newInstance(DelegatingConstructorAccessorImpl.java:45)
	at java.base/java.lang.reflect.Constructor.newInstanceWithCaller(Constructor.java:499)
	at java.base/java.lang.reflect.Constructor.newInstance(Constructor.java:480)
	at org.openqa.selenium.remote.http.W3CHttpResponseCodec.createException(W3CHttpResponseCodec.java:187)
	at org.openqa.selenium.remote.http.W3CHttpResponseCodec.decode(W3CHttpResponseCodec.java:122)
	at org.openqa.selenium.remote.http.W3CHttpResponseCodec.decode(W3CHttpResponseCodec.java:49)
	at org.openqa.selenium.remote.HttpCommandExecutor.execute(HttpCommandExecutor.java:158)
	at org.openqa.selenium.remote.service.DriverCommandExecutor.execute(DriverCommandExecutor.java:83)
	at org.openqa.selenium.remote.RemoteWebDriver.execute(RemoteWebDriver.java:552)
	at org.openqa.selenium.remote.RemoteWebElement.execute(RemoteWebElement.java:285)
	at org.openqa.selenium.remote.RemoteWebElement.click(RemoteWebElement.java:84)
	at utility.DriverPage.clickOn(DriverPage.java:155)
	at pages.FilterDialogPage.clickOnFilterButton(FilterDialogPage.java:17)
	at tests.Admin_Manage_EndpointTest.testUserAbleToFilterByAliasNameWithContainsCondition(Admin_Manage_EndpointTest.java:287)
	at java.base/jdk.internal.reflect.NativeMethodAccessorImpl.invoke0(Native Method)
	at java.base/jdk.internal.reflect.NativeMethodAccessorImpl.invoke(NativeMethodAccessorImpl.java:77)
	at java.base/jdk.internal.reflect.DelegatingMethodAccessorImpl.invoke(DelegatingMethodAccessorImpl.java:43)
	at java.base/java.lang.reflect.Method.invoke(Method.java:568)
	at org.testng.internal.MethodInvocationHelper.invokeMethod(MethodInvocationHelper.java:133)
	at org.testng.internal.TestInvoker.invokeMethod(TestInvoker.java:598)
	at org.testng.internal.TestInvoker.invokeTestMethod(TestInvoker.java:173)
	at org.testng.internal.MethodRunner.runInSequence(MethodRunner.java:46)
	at org.testng.internal.TestInvoker$MethodInvocationAgent.invoke(TestInvoker.java:824)
	at org.testng.internal.TestInvoker.invokeTestMethods(TestInvoker.java:146)
	at org.testng.internal.TestMethodWorker.invokeTestMethods(TestMethodWorker.java:146)
	at org.testng.internal.TestMethodWorker.run(TestMethodWorker.java:128)
	at java.base/java.util.ArrayList.forEach(ArrayList.java:1511)
	at org.testng.TestRunner.privateRun(TestRunner.java:794)
	at org.testng.TestRunner.run(TestRunner.java:596)
	at org.testng.SuiteRunner.runTest(SuiteRunner.java:377)
	at org.testng.SuiteRunner.access$000(SuiteRunner.java:28)
	at org.testng.SuiteRunner$SuiteWorker.run(SuiteRunner.java:418)
	at org.testng.internal.thread.ThreadUtil.lambda$execute$0(ThreadUtil.java:64)
	at java.base/java.util.concurrent.FutureTask.run(FutureTask.java:264)
	at java.base/java.util.concurrent.ThreadPoolExecutor.runWorker(ThreadPoolExecutor.java:1136)
	at java.base/java.util.concurrent.ThreadPoolExecutor$Worker.run(ThreadPoolExecutor.java:635)
	at java.base/java.lang.Thread.run(Thread.java:833)
Jan 26,2022 11:51:28 [info]  TestrailProjectName:  Arexdata
Jan 26,2022 11:51:28 [info]  TestrailRunName:  AutomatedTestCases
Jan 26,2022 11:53:25 [info]  Clicked on Filter Icon
Jan 26,2022 11:53:28 [info]  User has clicked on dropdown field: //label[text()='Alias']/following-sibling::div//span[@class='k-input']
Jan 26,2022 11:53:29 [info]  User has selected dropdown option: //li[text()='Contains']
Jan 26,2022 11:53:36 [info]  User has clicked on dropdown field: //label[text()='Alias']/..//input
Jan 26,2022 11:53:40 [info]  Clicked on 'OK' button at Filter Dialog
Jan 26,2022 11:53:44 [info]  Clicked on Filter Icon
Jan 26,2022 11:53:48 [info]  Clicked on 'CLEAR' button at Filter Dialog
Jan 26,2022 11:53:52 [info]  Clicked on 'OK' button at Filter Dialog
Jan 26,2022 11:53:55 [info]  TestrailProjectName:  Arexdata
Jan 26,2022 11:53:55 [info]  TestrailRunName:  AutomatedTestCases
Jan 26,2022 11:57:46 [info]  Clicked on Filter Icon
Jan 26,2022 11:57:49 [info]  User has clicked on dropdown field: //label[text()='Alias']/following-sibling::div//span[@class='k-input']
Jan 26,2022 11:58:10 [info]  Jan 26,2022 11:58:10 [info]  <<<<<<<<<<<<<<<<<<<<<<<<<<<<<<<<<< Error message >>>>>>>>>>>>>>>>>>>>>>>>>>>>>>
org.openqa.selenium.NoSuchElementException: no such element: Unable to locate element: {"method":"xpath","selector":"//li[text()='Equal']"}
  (Session info: chrome=97.0.4692.99)
For documentation on this error, please visit: https://www.seleniumhq.org/exceptions/no_such_element.html
Build info: version: '3.141.59', revision: 'e82be7d358', time: '2018-11-14T08:17:03'
System info: host: 'WIN-IAU3NU9P049', ip: '192.168.0.5', os.name: 'Windows 10', os.arch: 'amd64', os.version: '10.0', java.version: '17'
Driver info: org.openqa.selenium.chrome.ChromeDriver
Capabilities {acceptInsecureCerts: false, browserName: chrome, browserVersion: 97.0.4692.99, chrome: {chromedriverVersion: 96.0.4664.45 (76e4c1bb2ab46..., userDataDir: C:\Users\User\AppData\Local...}, goog:chromeOptions: {debuggerAddress: localhost:57842}, javascriptEnabled: true, networkConnectionEnabled: false, pageLoadStrategy: normal, platform: WINDOWS, platformName: WINDOWS, proxy: Proxy(), setWindowRect: true, strictFileInteractability: false, timeouts: {implicit: 0, pageLoad: 300000, script: 30000}, unhandledPromptBehavior: dismiss and notify, webauthn:extension:credBlob: true, webauthn:extension:largeBlob: true, webauthn:virtualAuthenticators: true}
Session ID: 72a2d201f4d55725ac3550abb5be9f33
*** Element info: {Using=xpath, value=//li[text()='Equal']}
	at java.base/jdk.internal.reflect.NativeConstructorAccessorImpl.newInstance0(Native Method)
	at java.base/jdk.internal.reflect.NativeConstructorAccessorImpl.newInstance(NativeConstructorAccessorImpl.java:77)
	at java.base/jdk.internal.reflect.DelegatingConstructorAccessorImpl.newInstance(DelegatingConstructorAccessorImpl.java:45)
	at java.base/java.lang.reflect.Constructor.newInstanceWithCaller(Constructor.java:499)
	at java.base/java.lang.reflect.Constructor.newInstance(Constructor.java:480)
	at org.openqa.selenium.remote.http.W3CHttpResponseCodec.createException(W3CHttpResponseCodec.java:187)
	at org.openqa.selenium.remote.http.W3CHttpResponseCodec.decode(W3CHttpResponseCodec.java:122)
	at org.openqa.selenium.remote.http.W3CHttpResponseCodec.decode(W3CHttpResponseCodec.java:49)
	at org.openqa.selenium.remote.HttpCommandExecutor.execute(HttpCommandExecutor.java:158)
	at org.openqa.selenium.remote.service.DriverCommandExecutor.execute(DriverCommandExecutor.java:83)
	at org.openqa.selenium.remote.RemoteWebDriver.execute(RemoteWebDriver.java:552)
	at org.openqa.selenium.remote.RemoteWebDriver.findElement(RemoteWebDriver.java:323)
	at org.openqa.selenium.remote.RemoteWebDriver.findElementByXPath(RemoteWebDriver.java:428)
	at org.openqa.selenium.By$ByXPath.findElement(By.java:353)
	at org.openqa.selenium.remote.RemoteWebDriver.findElement(RemoteWebDriver.java:315)
	at utility.DriverPage.clickOn(DriverPage.java:155)
	at pages.FilterDialogPage.selectOptionFromDropdown(FilterDialogPage.java:28)
	at tests.Admin_Manage_EndpointTest.testUserAbleToFilterByAliasNameWithEqualCondition(Admin_Manage_EndpointTest.java:311)
	at java.base/jdk.internal.reflect.NativeMethodAccessorImpl.invoke0(Native Method)
	at java.base/jdk.internal.reflect.NativeMethodAccessorImpl.invoke(NativeMethodAccessorImpl.java:77)
	at java.base/jdk.internal.reflect.DelegatingMethodAccessorImpl.invoke(DelegatingMethodAccessorImpl.java:43)
	at java.base/java.lang.reflect.Method.invoke(Method.java:568)
	at org.testng.internal.MethodInvocationHelper.invokeMethod(MethodInvocationHelper.java:133)
	at org.testng.internal.TestInvoker.invokeMethod(TestInvoker.java:598)
	at org.testng.internal.TestInvoker.invokeTestMethod(TestInvoker.java:173)
	at org.testng.internal.MethodRunner.runInSequence(MethodRunner.java:46)
	at org.testng.internal.TestInvoker$MethodInvocationAgent.invoke(TestInvoker.java:824)
	at org.testng.internal.TestInvoker.invokeTestMethods(TestInvoker.java:146)
	at org.testng.internal.TestMethodWorker.invokeTestMethods(TestMethodWorker.java:146)
	at org.testng.internal.TestMethodWorker.run(TestMethodWorker.java:128)
	at java.base/java.util.ArrayList.forEach(ArrayList.java:1511)
	at org.testng.TestRunner.privateRun(TestRunner.java:794)
	at org.testng.TestRunner.run(TestRunner.java:596)
	at org.testng.SuiteRunner.runTest(SuiteRunner.java:377)
	at org.testng.SuiteRunner.access$000(SuiteRunner.java:28)
	at org.testng.SuiteRunner$SuiteWorker.run(SuiteRunner.java:418)
	at org.testng.internal.thread.ThreadUtil.lambda$execute$0(ThreadUtil.java:64)
	at java.base/java.util.concurrent.FutureTask.run(FutureTask.java:264)
	at java.base/java.util.concurrent.ThreadPoolExecutor.runWorker(ThreadPoolExecutor.java:1136)
	at java.base/java.util.concurrent.ThreadPoolExecutor$Worker.run(ThreadPoolExecutor.java:635)
	at java.base/java.lang.Thread.run(Thread.java:833)
Jan 26,2022 11:58:13 [info]  Jan 26,2022 11:58:13 [info]  <<<<<<<<<<<<<<<<<<<<<<<<<<<<<<<<<< Error message >>>>>>>>>>>>>>>>>>>>>>>>>>>>>>
org.openqa.selenium.ElementClickInterceptedException: element click intercepted: Element <i class="fas fa-filter"></i> is not clickable at point (1264, 70). Other element would receive the click: <div class="k-overlay" aria-hidden="true" tabindex="-1"></div>
  (Session info: chrome=97.0.4692.99)
Build info: version: '3.141.59', revision: 'e82be7d358', time: '2018-11-14T08:17:03'
System info: host: 'WIN-IAU3NU9P049', ip: '192.168.0.5', os.name: 'Windows 10', os.arch: 'amd64', os.version: '10.0', java.version: '17'
Driver info: org.openqa.selenium.chrome.ChromeDriver
Capabilities {acceptInsecureCerts: false, browserName: chrome, browserVersion: 97.0.4692.99, chrome: {chromedriverVersion: 96.0.4664.45 (76e4c1bb2ab46..., userDataDir: C:\Users\User\AppData\Local...}, goog:chromeOptions: {debuggerAddress: localhost:57842}, javascriptEnabled: true, networkConnectionEnabled: false, pageLoadStrategy: normal, platform: WINDOWS, platformName: WINDOWS, proxy: Proxy(), setWindowRect: true, strictFileInteractability: false, timeouts: {implicit: 0, pageLoad: 300000, script: 30000}, unhandledPromptBehavior: dismiss and notify, webauthn:extension:credBlob: true, webauthn:extension:largeBlob: true, webauthn:virtualAuthenticators: true}
Session ID: 72a2d201f4d55725ac3550abb5be9f33
	at java.base/jdk.internal.reflect.NativeConstructorAccessorImpl.newInstance0(Native Method)
	at java.base/jdk.internal.reflect.NativeConstructorAccessorImpl.newInstance(NativeConstructorAccessorImpl.java:77)
	at java.base/jdk.internal.reflect.DelegatingConstructorAccessorImpl.newInstance(DelegatingConstructorAccessorImpl.java:45)
	at java.base/java.lang.reflect.Constructor.newInstanceWithCaller(Constructor.java:499)
	at java.base/java.lang.reflect.Constructor.newInstance(Constructor.java:480)
	at org.openqa.selenium.remote.http.W3CHttpResponseCodec.createException(W3CHttpResponseCodec.java:187)
	at org.openqa.selenium.remote.http.W3CHttpResponseCodec.decode(W3CHttpResponseCodec.java:122)
	at org.openqa.selenium.remote.http.W3CHttpResponseCodec.decode(W3CHttpResponseCodec.java:49)
	at org.openqa.selenium.remote.HttpCommandExecutor.execute(HttpCommandExecutor.java:158)
	at org.openqa.selenium.remote.service.DriverCommandExecutor.execute(DriverCommandExecutor.java:83)
	at org.openqa.selenium.remote.RemoteWebDriver.execute(RemoteWebDriver.java:552)
	at org.openqa.selenium.remote.RemoteWebElement.execute(RemoteWebElement.java:285)
	at org.openqa.selenium.remote.RemoteWebElement.click(RemoteWebElement.java:84)
	at utility.DriverPage.clickOn(DriverPage.java:155)
	at pages.FilterDialogPage.clickOnFilterButton(FilterDialogPage.java:17)
	at tests.Admin_Manage_EndpointTest.testUserAbleToFilterByAliasNameWithEqualCondition(Admin_Manage_EndpointTest.java:325)
	at java.base/jdk.internal.reflect.NativeMethodAccessorImpl.invoke0(Native Method)
	at java.base/jdk.internal.reflect.NativeMethodAccessorImpl.invoke(NativeMethodAccessorImpl.java:77)
	at java.base/jdk.internal.reflect.DelegatingMethodAccessorImpl.invoke(DelegatingMethodAccessorImpl.java:43)
	at java.base/java.lang.reflect.Method.invoke(Method.java:568)
	at org.testng.internal.MethodInvocationHelper.invokeMethod(MethodInvocationHelper.java:133)
	at org.testng.internal.TestInvoker.invokeMethod(TestInvoker.java:598)
	at org.testng.internal.TestInvoker.invokeTestMethod(TestInvoker.java:173)
	at org.testng.internal.MethodRunner.runInSequence(MethodRunner.java:46)
	at org.testng.internal.TestInvoker$MethodInvocationAgent.invoke(TestInvoker.java:824)
	at org.testng.internal.TestInvoker.invokeTestMethods(TestInvoker.java:146)
	at org.testng.internal.TestMethodWorker.invokeTestMethods(TestMethodWorker.java:146)
	at org.testng.internal.TestMethodWorker.run(TestMethodWorker.java:128)
	at java.base/java.util.ArrayList.forEach(ArrayList.java:1511)
	at org.testng.TestRunner.privateRun(TestRunner.java:794)
	at org.testng.TestRunner.run(TestRunner.java:596)
	at org.testng.SuiteRunner.runTest(SuiteRunner.java:377)
	at org.testng.SuiteRunner.access$000(SuiteRunner.java:28)
	at org.testng.SuiteRunner$SuiteWorker.run(SuiteRunner.java:418)
	at org.testng.internal.thread.ThreadUtil.lambda$execute$0(ThreadUtil.java:64)
	at java.base/java.util.concurrent.FutureTask.run(FutureTask.java:264)
	at java.base/java.util.concurrent.ThreadPoolExecutor.runWorker(ThreadPoolExecutor.java:1136)
	at java.base/java.util.concurrent.ThreadPoolExecutor$Worker.run(ThreadPoolExecutor.java:635)
	at java.base/java.lang.Thread.run(Thread.java:833)
Jan 26,2022 11:58:16 [info]  TestrailProjectName:  Arexdata
Jan 26,2022 11:58:16 [info]  TestrailRunName:  AutomatedTestCases
Jan 26,2022 12:00:00 [info]  Clicked on Filter Icon
Jan 26,2022 12:00:03 [info]  User has clicked on dropdown field: //label[text()='Alias']/following-sibling::div//span[@class='k-input']
Jan 26,2022 12:00:04 [info]  User has selected dropdown option: //li[text()='Equals']
Jan 26,2022 12:00:10 [info]  User has clicked on dropdown field: //label[text()='Alias']/..//input
Jan 26,2022 12:00:15 [info]  Clicked on 'OK' button at Filter Dialog
Jan 26,2022 12:00:19 [info]  Clicked on Filter Icon
Jan 26,2022 12:00:23 [info]  Clicked on 'CLEAR' button at Filter Dialog
Jan 26,2022 12:00:27 [info]  Clicked on 'OK' button at Filter Dialog
Jan 26,2022 12:00:31 [info]  TestrailProjectName:  Arexdata
Jan 26,2022 12:00:31 [info]  TestrailRunName:  AutomatedTestCases
Jan 26,2022 12:07:38 [info]  Clicked on Filter Icon
Jan 26,2022 12:07:41 [info]  User has clicked on dropdown field: //label[text()='Alias']/following-sibling::div//span[@class='k-input']
Jan 26,2022 12:07:42 [info]  User has selected dropdown option: //li[text()='Start With']
Jan 26,2022 12:07:48 [info]  User has clicked on dropdown field: //label[text()='Alias']/..//input
Jan 26,2022 12:07:52 [info]  Clicked on 'OK' button at Filter Dialog
Jan 26,2022 12:07:56 [info]  Clicked on Filter Icon
Jan 26,2022 12:08:01 [info]  Clicked on 'CLEAR' button at Filter Dialog
Jan 26,2022 12:08:05 [info]  Clicked on 'OK' button at Filter Dialog
Jan 26,2022 12:08:08 [info]  TestrailProjectName:  Arexdata
Jan 26,2022 12:08:08 [info]  TestrailRunName:  AutomatedTestCases
Jan 26,2022 12:14:50 [info]  Clicked on Filter Icon
Jan 26,2022 12:14:52 [info]  User has clicked on dropdown field: //label[text()='Local IP']/following-sibling::div//span[@class='k-input']
Jan 26,2022 12:14:53 [info]  User has selected dropdown option: //li[text()='Contains']
Jan 26,2022 12:15:00 [info]  User has clicked on dropdown field: //label[text()='Local IP']/..//input
Jan 26,2022 12:15:04 [info]  Clicked on 'OK' button at Filter Dialog
Jan 26,2022 12:15:08 [info]  Clicked on Filter Icon
Jan 26,2022 12:15:12 [info]  Clicked on 'CLEAR' button at Filter Dialog
Jan 26,2022 12:15:16 [info]  Clicked on 'OK' button at Filter Dialog
Jan 26,2022 12:15:19 [info]  TestrailProjectName:  Arexdata
Jan 26,2022 12:15:19 [info]  TestrailRunName:  AutomatedTestCases
Jan 26,2022 12:20:45 [info]  Clicked on Filter Icon
Jan 26,2022 12:20:47 [info]  User has clicked on dropdown field: //label[text()='Local IP']/following-sibling::div//span[@class='k-input']
Jan 26,2022 12:20:49 [info]  User has selected dropdown option: //li[text()='Equals']
Jan 26,2022 12:20:55 [info]  User has clicked on dropdown field: //label[text()='Local IP']/..//input
Jan 26,2022 12:20:59 [info]  Clicked on 'OK' button at Filter Dialog
Jan 26,2022 12:21:03 [info]  Clicked on Filter Icon
Jan 26,2022 12:21:07 [info]  Clicked on 'CLEAR' button at Filter Dialog
Jan 26,2022 12:21:12 [info]  Clicked on 'OK' button at Filter Dialog
Jan 26,2022 12:21:15 [info]  TestrailProjectName:  Arexdata
Jan 26,2022 12:21:15 [info]  TestrailRunName:  AutomatedTestCases
Jan 26,2022 12:36:25 [info]  Clicked on Filter Icon
Jan 26,2022 12:36:27 [info]  User has clicked on dropdown field: //label[text()='Local IP']/following-sibling::div//span[@class='k-input']
Jan 26,2022 12:36:29 [info]  User has selected dropdown option: //li[text()='Equals']
Jan 26,2022 12:36:35 [info]  User has clicked on dropdown field: //label[text()='Local IP']/..//input
Jan 26,2022 12:36:39 [info]  Clicked on 'OK' button at Filter Dialog
Jan 26,2022 12:36:43 [info]  Clicked on Filter Icon
Jan 26,2022 12:36:47 [info]  Clicked on 'CLEAR' button at Filter Dialog
Jan 26,2022 12:36:52 [info]  Clicked on 'OK' button at Filter Dialog
Jan 26,2022 12:37:44 [info]  Clicked on Filter Icon
Jan 26,2022 12:37:47 [info]  User has clicked on dropdown field: //label[text()='Local IP']/following-sibling::div//span[@class='k-input']
Jan 26,2022 12:37:48 [info]  User has selected dropdown option: //li[text()='Start With']
Jan 26,2022 12:37:54 [info]  User has clicked on dropdown field: //label[text()='Local IP']/..//input
Jan 26,2022 12:37:59 [info]  Clicked on 'OK' button at Filter Dialog
Jan 26,2022 12:38:03 [info]  Clicked on Filter Icon
Jan 26,2022 12:38:07 [info]  Clicked on 'CLEAR' button at Filter Dialog
Jan 26,2022 12:38:11 [info]  Clicked on 'OK' button at Filter Dialog
Jan 26,2022 12:39:04 [info]  Clicked on Filter Icon
Jan 26,2022 12:39:06 [info]  User has clicked on dropdown field: //label[text()='Public IP']/following-sibling::div//span[@class='k-input']
Jan 26,2022 12:39:07 [info]  User has selected dropdown option: //li[text()='Contains']
Jan 26,2022 12:39:13 [info]  User has clicked on dropdown field: //label[text()='Public IP']/..//input
Jan 26,2022 12:39:18 [info]  Clicked on 'OK' button at Filter Dialog
Jan 26,2022 12:39:22 [info]  Clicked on Filter Icon
Jan 26,2022 12:39:26 [info]  Clicked on 'CLEAR' button at Filter Dialog
Jan 26,2022 12:39:30 [info]  Clicked on 'OK' button at Filter Dialog
Jan 26,2022 12:40:22 [info]  Clicked on Filter Icon
Jan 26,2022 12:40:25 [info]  User has clicked on dropdown field: //label[text()='Public IP']/following-sibling::div//span[@class='k-input']
Jan 26,2022 12:40:26 [info]  User has selected dropdown option: //li[text()='Equals']
Jan 26,2022 12:40:32 [info]  User has clicked on dropdown field: //label[text()='Public IP']/..//input
Jan 26,2022 12:40:36 [info]  Clicked on 'OK' button at Filter Dialog
Jan 26,2022 12:40:40 [info]  Clicked on Filter Icon
Jan 26,2022 12:40:45 [info]  Clicked on 'CLEAR' button at Filter Dialog
Jan 26,2022 12:40:49 [info]  Clicked on 'OK' button at Filter Dialog
Jan 26,2022 12:41:40 [info]  Clicked on Filter Icon
Jan 26,2022 12:41:42 [info]  User has clicked on dropdown field: //label[text()='Public IP']/following-sibling::div//span[@class='k-input']
Jan 26,2022 12:42:04 [info]  Jan 26,2022 12:42:04 [info]  <<<<<<<<<<<<<<<<<<<<<<<<<<<<<<<<<< Error message >>>>>>>>>>>>>>>>>>>>>>>>>>>>>>
org.openqa.selenium.NoSuchElementException: no such element: Unable to locate element: {"method":"xpath","selector":"//li[text()='Start with']"}
  (Session info: chrome=97.0.4692.99)
For documentation on this error, please visit: https://www.seleniumhq.org/exceptions/no_such_element.html
Build info: version: '3.141.59', revision: 'e82be7d358', time: '2018-11-14T08:17:03'
System info: host: 'WIN-IAU3NU9P049', ip: '192.168.0.5', os.name: 'Windows 10', os.arch: 'amd64', os.version: '10.0', java.version: '17'
Driver info: org.openqa.selenium.chrome.ChromeDriver
Capabilities {acceptInsecureCerts: false, browserName: chrome, browserVersion: 97.0.4692.99, chrome: {chromedriverVersion: 96.0.4664.45 (76e4c1bb2ab46..., userDataDir: C:\Users\User\AppData\Local...}, goog:chromeOptions: {debuggerAddress: localhost:59195}, javascriptEnabled: true, networkConnectionEnabled: false, pageLoadStrategy: normal, platform: WINDOWS, platformName: WINDOWS, proxy: Proxy(), setWindowRect: true, strictFileInteractability: false, timeouts: {implicit: 0, pageLoad: 300000, script: 30000}, unhandledPromptBehavior: dismiss and notify, webauthn:extension:credBlob: true, webauthn:extension:largeBlob: true, webauthn:virtualAuthenticators: true}
Session ID: 15fb75abefc9bd9bf64735529a5e8057
*** Element info: {Using=xpath, value=//li[text()='Start with']}
	at java.base/jdk.internal.reflect.NativeConstructorAccessorImpl.newInstance0(Native Method)
	at java.base/jdk.internal.reflect.NativeConstructorAccessorImpl.newInstance(NativeConstructorAccessorImpl.java:77)
	at java.base/jdk.internal.reflect.DelegatingConstructorAccessorImpl.newInstance(DelegatingConstructorAccessorImpl.java:45)
	at java.base/java.lang.reflect.Constructor.newInstanceWithCaller(Constructor.java:499)
	at java.base/java.lang.reflect.Constructor.newInstance(Constructor.java:480)
	at org.openqa.selenium.remote.http.W3CHttpResponseCodec.createException(W3CHttpResponseCodec.java:187)
	at org.openqa.selenium.remote.http.W3CHttpResponseCodec.decode(W3CHttpResponseCodec.java:122)
	at org.openqa.selenium.remote.http.W3CHttpResponseCodec.decode(W3CHttpResponseCodec.java:49)
	at org.openqa.selenium.remote.HttpCommandExecutor.execute(HttpCommandExecutor.java:158)
	at org.openqa.selenium.remote.service.DriverCommandExecutor.execute(DriverCommandExecutor.java:83)
	at org.openqa.selenium.remote.RemoteWebDriver.execute(RemoteWebDriver.java:552)
	at org.openqa.selenium.remote.RemoteWebDriver.findElement(RemoteWebDriver.java:323)
	at org.openqa.selenium.remote.RemoteWebDriver.findElementByXPath(RemoteWebDriver.java:428)
	at org.openqa.selenium.By$ByXPath.findElement(By.java:353)
	at org.openqa.selenium.remote.RemoteWebDriver.findElement(RemoteWebDriver.java:315)
	at utility.DriverPage.clickOn(DriverPage.java:155)
	at pages.FilterDialogPage.selectOptionFromDropdown(FilterDialogPage.java:28)
	at tests.Admin_Manage_EndpointTest.testUserAbleToFilterByPublicIPWithStartWithCondition(Admin_Manage_EndpointTest.java:577)
	at java.base/jdk.internal.reflect.NativeMethodAccessorImpl.invoke0(Native Method)
	at java.base/jdk.internal.reflect.NativeMethodAccessorImpl.invoke(NativeMethodAccessorImpl.java:77)
	at java.base/jdk.internal.reflect.DelegatingMethodAccessorImpl.invoke(DelegatingMethodAccessorImpl.java:43)
	at java.base/java.lang.reflect.Method.invoke(Method.java:568)
	at org.testng.internal.MethodInvocationHelper.invokeMethod(MethodInvocationHelper.java:133)
	at org.testng.internal.TestInvoker.invokeMethod(TestInvoker.java:598)
	at org.testng.internal.TestInvoker.invokeTestMethod(TestInvoker.java:173)
	at org.testng.internal.MethodRunner.runInSequence(MethodRunner.java:46)
	at org.testng.internal.TestInvoker$MethodInvocationAgent.invoke(TestInvoker.java:824)
	at org.testng.internal.TestInvoker.invokeTestMethods(TestInvoker.java:146)
	at org.testng.internal.TestMethodWorker.invokeTestMethods(TestMethodWorker.java:146)
	at org.testng.internal.TestMethodWorker.run(TestMethodWorker.java:128)
	at java.base/java.util.ArrayList.forEach(ArrayList.java:1511)
	at org.testng.TestRunner.privateRun(TestRunner.java:794)
	at org.testng.TestRunner.run(TestRunner.java:596)
	at org.testng.SuiteRunner.runTest(SuiteRunner.java:377)
	at org.testng.SuiteRunner.access$000(SuiteRunner.java:28)
	at org.testng.SuiteRunner$SuiteWorker.run(SuiteRunner.java:418)
	at org.testng.internal.thread.ThreadUtil.lambda$execute$0(ThreadUtil.java:64)
	at java.base/java.util.concurrent.FutureTask.run(FutureTask.java:264)
	at java.base/java.util.concurrent.ThreadPoolExecutor.runWorker(ThreadPoolExecutor.java:1136)
	at java.base/java.util.concurrent.ThreadPoolExecutor$Worker.run(ThreadPoolExecutor.java:635)
	at java.base/java.lang.Thread.run(Thread.java:833)
Jan 26,2022 12:42:06 [info]  Jan 26,2022 12:42:06 [info]  <<<<<<<<<<<<<<<<<<<<<<<<<<<<<<<<<< Error message >>>>>>>>>>>>>>>>>>>>>>>>>>>>>>
org.openqa.selenium.ElementClickInterceptedException: element click intercepted: Element <i class="fas fa-filter"></i> is not clickable at point (1264, 70). Other element would receive the click: <div class="k-overlay" aria-hidden="true" tabindex="-1"></div>
  (Session info: chrome=97.0.4692.99)
Build info: version: '3.141.59', revision: 'e82be7d358', time: '2018-11-14T08:17:03'
System info: host: 'WIN-IAU3NU9P049', ip: '192.168.0.5', os.name: 'Windows 10', os.arch: 'amd64', os.version: '10.0', java.version: '17'
Driver info: org.openqa.selenium.chrome.ChromeDriver
Capabilities {acceptInsecureCerts: false, browserName: chrome, browserVersion: 97.0.4692.99, chrome: {chromedriverVersion: 96.0.4664.45 (76e4c1bb2ab46..., userDataDir: C:\Users\User\AppData\Local...}, goog:chromeOptions: {debuggerAddress: localhost:59195}, javascriptEnabled: true, networkConnectionEnabled: false, pageLoadStrategy: normal, platform: WINDOWS, platformName: WINDOWS, proxy: Proxy(), setWindowRect: true, strictFileInteractability: false, timeouts: {implicit: 0, pageLoad: 300000, script: 30000}, unhandledPromptBehavior: dismiss and notify, webauthn:extension:credBlob: true, webauthn:extension:largeBlob: true, webauthn:virtualAuthenticators: true}
Session ID: 15fb75abefc9bd9bf64735529a5e8057
	at java.base/jdk.internal.reflect.NativeConstructorAccessorImpl.newInstance0(Native Method)
	at java.base/jdk.internal.reflect.NativeConstructorAccessorImpl.newInstance(NativeConstructorAccessorImpl.java:77)
	at java.base/jdk.internal.reflect.DelegatingConstructorAccessorImpl.newInstance(DelegatingConstructorAccessorImpl.java:45)
	at java.base/java.lang.reflect.Constructor.newInstanceWithCaller(Constructor.java:499)
	at java.base/java.lang.reflect.Constructor.newInstance(Constructor.java:480)
	at org.openqa.selenium.remote.http.W3CHttpResponseCodec.createException(W3CHttpResponseCodec.java:187)
	at org.openqa.selenium.remote.http.W3CHttpResponseCodec.decode(W3CHttpResponseCodec.java:122)
	at org.openqa.selenium.remote.http.W3CHttpResponseCodec.decode(W3CHttpResponseCodec.java:49)
	at org.openqa.selenium.remote.HttpCommandExecutor.execute(HttpCommandExecutor.java:158)
	at org.openqa.selenium.remote.service.DriverCommandExecutor.execute(DriverCommandExecutor.java:83)
	at org.openqa.selenium.remote.RemoteWebDriver.execute(RemoteWebDriver.java:552)
	at org.openqa.selenium.remote.RemoteWebElement.execute(RemoteWebElement.java:285)
	at org.openqa.selenium.remote.RemoteWebElement.click(RemoteWebElement.java:84)
	at utility.DriverPage.clickOn(DriverPage.java:155)
	at pages.FilterDialogPage.clickOnFilterButton(FilterDialogPage.java:17)
	at tests.Admin_Manage_EndpointTest.testUserAbleToFilterByPublicIPWithStartWithCondition(Admin_Manage_EndpointTest.java:591)
	at java.base/jdk.internal.reflect.NativeMethodAccessorImpl.invoke0(Native Method)
	at java.base/jdk.internal.reflect.NativeMethodAccessorImpl.invoke(NativeMethodAccessorImpl.java:77)
	at java.base/jdk.internal.reflect.DelegatingMethodAccessorImpl.invoke(DelegatingMethodAccessorImpl.java:43)
	at java.base/java.lang.reflect.Method.invoke(Method.java:568)
	at org.testng.internal.MethodInvocationHelper.invokeMethod(MethodInvocationHelper.java:133)
	at org.testng.internal.TestInvoker.invokeMethod(TestInvoker.java:598)
	at org.testng.internal.TestInvoker.invokeTestMethod(TestInvoker.java:173)
	at org.testng.internal.MethodRunner.runInSequence(MethodRunner.java:46)
	at org.testng.internal.TestInvoker$MethodInvocationAgent.invoke(TestInvoker.java:824)
	at org.testng.internal.TestInvoker.invokeTestMethods(TestInvoker.java:146)
	at org.testng.internal.TestMethodWorker.invokeTestMethods(TestMethodWorker.java:146)
	at org.testng.internal.TestMethodWorker.run(TestMethodWorker.java:128)
	at java.base/java.util.ArrayList.forEach(ArrayList.java:1511)
	at org.testng.TestRunner.privateRun(TestRunner.java:794)
	at org.testng.TestRunner.run(TestRunner.java:596)
	at org.testng.SuiteRunner.runTest(SuiteRunner.java:377)
	at org.testng.SuiteRunner.access$000(SuiteRunner.java:28)
	at org.testng.SuiteRunner$SuiteWorker.run(SuiteRunner.java:418)
	at org.testng.internal.thread.ThreadUtil.lambda$execute$0(ThreadUtil.java:64)
	at java.base/java.util.concurrent.FutureTask.run(FutureTask.java:264)
	at java.base/java.util.concurrent.ThreadPoolExecutor.runWorker(ThreadPoolExecutor.java:1136)
	at java.base/java.util.concurrent.ThreadPoolExecutor$Worker.run(ThreadPoolExecutor.java:635)
	at java.base/java.lang.Thread.run(Thread.java:833)
Jan 26,2022 12:42:08 [info]  TestrailProjectName:  Arexdata
Jan 26,2022 12:42:08 [info]  TestrailRunName:  AutomatedTestCases
Jan 26,2022 12:46:08 [info]  Clicked on Filter Icon
Jan 26,2022 12:46:11 [info]  User has clicked on dropdown field: //label[text()='Public IP']/following-sibling::div//span[@class='k-input']
Jan 26,2022 12:46:32 [info]  Jan 26,2022 12:46:32 [info]  <<<<<<<<<<<<<<<<<<<<<<<<<<<<<<<<<< Error message >>>>>>>>>>>>>>>>>>>>>>>>>>>>>>
org.openqa.selenium.NoSuchElementException: no such element: Unable to locate element: {"method":"xpath","selector":"//li[text()='Start with']"}
  (Session info: chrome=97.0.4692.99)
For documentation on this error, please visit: https://www.seleniumhq.org/exceptions/no_such_element.html
Build info: version: '3.141.59', revision: 'e82be7d358', time: '2018-11-14T08:17:03'
System info: host: 'WIN-IAU3NU9P049', ip: '192.168.0.5', os.name: 'Windows 10', os.arch: 'amd64', os.version: '10.0', java.version: '17'
Driver info: org.openqa.selenium.chrome.ChromeDriver
Capabilities {acceptInsecureCerts: false, browserName: chrome, browserVersion: 97.0.4692.99, chrome: {chromedriverVersion: 96.0.4664.45 (76e4c1bb2ab46..., userDataDir: C:\Users\User\AppData\Local...}, goog:chromeOptions: {debuggerAddress: localhost:59350}, javascriptEnabled: true, networkConnectionEnabled: false, pageLoadStrategy: normal, platform: WINDOWS, platformName: WINDOWS, proxy: Proxy(), setWindowRect: true, strictFileInteractability: false, timeouts: {implicit: 0, pageLoad: 300000, script: 30000}, unhandledPromptBehavior: dismiss and notify, webauthn:extension:credBlob: true, webauthn:extension:largeBlob: true, webauthn:virtualAuthenticators: true}
Session ID: f4519daffef276e8a31aa415f83babd7
*** Element info: {Using=xpath, value=//li[text()='Start with']}
	at java.base/jdk.internal.reflect.NativeConstructorAccessorImpl.newInstance0(Native Method)
	at java.base/jdk.internal.reflect.NativeConstructorAccessorImpl.newInstance(NativeConstructorAccessorImpl.java:77)
	at java.base/jdk.internal.reflect.DelegatingConstructorAccessorImpl.newInstance(DelegatingConstructorAccessorImpl.java:45)
	at java.base/java.lang.reflect.Constructor.newInstanceWithCaller(Constructor.java:499)
	at java.base/java.lang.reflect.Constructor.newInstance(Constructor.java:480)
	at org.openqa.selenium.remote.http.W3CHttpResponseCodec.createException(W3CHttpResponseCodec.java:187)
	at org.openqa.selenium.remote.http.W3CHttpResponseCodec.decode(W3CHttpResponseCodec.java:122)
	at org.openqa.selenium.remote.http.W3CHttpResponseCodec.decode(W3CHttpResponseCodec.java:49)
	at org.openqa.selenium.remote.HttpCommandExecutor.execute(HttpCommandExecutor.java:158)
	at org.openqa.selenium.remote.service.DriverCommandExecutor.execute(DriverCommandExecutor.java:83)
	at org.openqa.selenium.remote.RemoteWebDriver.execute(RemoteWebDriver.java:552)
	at org.openqa.selenium.remote.RemoteWebDriver.findElement(RemoteWebDriver.java:323)
	at org.openqa.selenium.remote.RemoteWebDriver.findElementByXPath(RemoteWebDriver.java:428)
	at org.openqa.selenium.By$ByXPath.findElement(By.java:353)
	at org.openqa.selenium.remote.RemoteWebDriver.findElement(RemoteWebDriver.java:315)
	at utility.DriverPage.clickOn(DriverPage.java:155)
	at pages.FilterDialogPage.selectOptionFromDropdown(FilterDialogPage.java:28)
	at tests.Admin_Manage_EndpointTest.testUserAbleToFilterByPublicIPWithStartWithCondition(Admin_Manage_EndpointTest.java:577)
	at java.base/jdk.internal.reflect.NativeMethodAccessorImpl.invoke0(Native Method)
	at java.base/jdk.internal.reflect.NativeMethodAccessorImpl.invoke(NativeMethodAccessorImpl.java:77)
	at java.base/jdk.internal.reflect.DelegatingMethodAccessorImpl.invoke(DelegatingMethodAccessorImpl.java:43)
	at java.base/java.lang.reflect.Method.invoke(Method.java:568)
	at org.testng.internal.MethodInvocationHelper.invokeMethod(MethodInvocationHelper.java:133)
	at org.testng.internal.TestInvoker.invokeMethod(TestInvoker.java:598)
	at org.testng.internal.TestInvoker.invokeTestMethod(TestInvoker.java:173)
	at org.testng.internal.MethodRunner.runInSequence(MethodRunner.java:46)
	at org.testng.internal.TestInvoker$MethodInvocationAgent.invoke(TestInvoker.java:824)
	at org.testng.internal.TestInvoker.invokeTestMethods(TestInvoker.java:146)
	at org.testng.internal.TestMethodWorker.invokeTestMethods(TestMethodWorker.java:146)
	at org.testng.internal.TestMethodWorker.run(TestMethodWorker.java:128)
	at java.base/java.util.ArrayList.forEach(ArrayList.java:1511)
	at org.testng.TestRunner.privateRun(TestRunner.java:794)
	at org.testng.TestRunner.run(TestRunner.java:596)
	at org.testng.SuiteRunner.runTest(SuiteRunner.java:377)
	at org.testng.SuiteRunner.access$000(SuiteRunner.java:28)
	at org.testng.SuiteRunner$SuiteWorker.run(SuiteRunner.java:418)
	at org.testng.internal.thread.ThreadUtil.lambda$execute$0(ThreadUtil.java:64)
	at java.base/java.util.concurrent.FutureTask.run(FutureTask.java:264)
	at java.base/java.util.concurrent.ThreadPoolExecutor.runWorker(ThreadPoolExecutor.java:1136)
	at java.base/java.util.concurrent.ThreadPoolExecutor$Worker.run(ThreadPoolExecutor.java:635)
	at java.base/java.lang.Thread.run(Thread.java:833)
Jan 26,2022 12:46:34 [info]  Jan 26,2022 12:46:34 [info]  <<<<<<<<<<<<<<<<<<<<<<<<<<<<<<<<<< Error message >>>>>>>>>>>>>>>>>>>>>>>>>>>>>>
org.openqa.selenium.ElementClickInterceptedException: element click intercepted: Element <i class="fas fa-filter"></i> is not clickable at point (1264, 70). Other element would receive the click: <div class="k-overlay" aria-hidden="true" tabindex="-1"></div>
  (Session info: chrome=97.0.4692.99)
Build info: version: '3.141.59', revision: 'e82be7d358', time: '2018-11-14T08:17:03'
System info: host: 'WIN-IAU3NU9P049', ip: '192.168.0.5', os.name: 'Windows 10', os.arch: 'amd64', os.version: '10.0', java.version: '17'
Driver info: org.openqa.selenium.chrome.ChromeDriver
Capabilities {acceptInsecureCerts: false, browserName: chrome, browserVersion: 97.0.4692.99, chrome: {chromedriverVersion: 96.0.4664.45 (76e4c1bb2ab46..., userDataDir: C:\Users\User\AppData\Local...}, goog:chromeOptions: {debuggerAddress: localhost:59350}, javascriptEnabled: true, networkConnectionEnabled: false, pageLoadStrategy: normal, platform: WINDOWS, platformName: WINDOWS, proxy: Proxy(), setWindowRect: true, strictFileInteractability: false, timeouts: {implicit: 0, pageLoad: 300000, script: 30000}, unhandledPromptBehavior: dismiss and notify, webauthn:extension:credBlob: true, webauthn:extension:largeBlob: true, webauthn:virtualAuthenticators: true}
Session ID: f4519daffef276e8a31aa415f83babd7
	at java.base/jdk.internal.reflect.NativeConstructorAccessorImpl.newInstance0(Native Method)
	at java.base/jdk.internal.reflect.NativeConstructorAccessorImpl.newInstance(NativeConstructorAccessorImpl.java:77)
	at java.base/jdk.internal.reflect.DelegatingConstructorAccessorImpl.newInstance(DelegatingConstructorAccessorImpl.java:45)
	at java.base/java.lang.reflect.Constructor.newInstanceWithCaller(Constructor.java:499)
	at java.base/java.lang.reflect.Constructor.newInstance(Constructor.java:480)
	at org.openqa.selenium.remote.http.W3CHttpResponseCodec.createException(W3CHttpResponseCodec.java:187)
	at org.openqa.selenium.remote.http.W3CHttpResponseCodec.decode(W3CHttpResponseCodec.java:122)
	at org.openqa.selenium.remote.http.W3CHttpResponseCodec.decode(W3CHttpResponseCodec.java:49)
	at org.openqa.selenium.remote.HttpCommandExecutor.execute(HttpCommandExecutor.java:158)
	at org.openqa.selenium.remote.service.DriverCommandExecutor.execute(DriverCommandExecutor.java:83)
	at org.openqa.selenium.remote.RemoteWebDriver.execute(RemoteWebDriver.java:552)
	at org.openqa.selenium.remote.RemoteWebElement.execute(RemoteWebElement.java:285)
	at org.openqa.selenium.remote.RemoteWebElement.click(RemoteWebElement.java:84)
	at utility.DriverPage.clickOn(DriverPage.java:155)
	at pages.FilterDialogPage.clickOnFilterButton(FilterDialogPage.java:17)
	at tests.Admin_Manage_EndpointTest.testUserAbleToFilterByPublicIPWithStartWithCondition(Admin_Manage_EndpointTest.java:591)
	at java.base/jdk.internal.reflect.NativeMethodAccessorImpl.invoke0(Native Method)
	at java.base/jdk.internal.reflect.NativeMethodAccessorImpl.invoke(NativeMethodAccessorImpl.java:77)
	at java.base/jdk.internal.reflect.DelegatingMethodAccessorImpl.invoke(DelegatingMethodAccessorImpl.java:43)
	at java.base/java.lang.reflect.Method.invoke(Method.java:568)
	at org.testng.internal.MethodInvocationHelper.invokeMethod(MethodInvocationHelper.java:133)
	at org.testng.internal.TestInvoker.invokeMethod(TestInvoker.java:598)
	at org.testng.internal.TestInvoker.invokeTestMethod(TestInvoker.java:173)
	at org.testng.internal.MethodRunner.runInSequence(MethodRunner.java:46)
	at org.testng.internal.TestInvoker$MethodInvocationAgent.invoke(TestInvoker.java:824)
	at org.testng.internal.TestInvoker.invokeTestMethods(TestInvoker.java:146)
	at org.testng.internal.TestMethodWorker.invokeTestMethods(TestMethodWorker.java:146)
	at org.testng.internal.TestMethodWorker.run(TestMethodWorker.java:128)
	at java.base/java.util.ArrayList.forEach(ArrayList.java:1511)
	at org.testng.TestRunner.privateRun(TestRunner.java:794)
	at org.testng.TestRunner.run(TestRunner.java:596)
	at org.testng.SuiteRunner.runTest(SuiteRunner.java:377)
	at org.testng.SuiteRunner.access$000(SuiteRunner.java:28)
	at org.testng.SuiteRunner$SuiteWorker.run(SuiteRunner.java:418)
	at org.testng.internal.thread.ThreadUtil.lambda$execute$0(ThreadUtil.java:64)
	at java.base/java.util.concurrent.FutureTask.run(FutureTask.java:264)
	at java.base/java.util.concurrent.ThreadPoolExecutor.runWorker(ThreadPoolExecutor.java:1136)
	at java.base/java.util.concurrent.ThreadPoolExecutor$Worker.run(ThreadPoolExecutor.java:635)
	at java.base/java.lang.Thread.run(Thread.java:833)
Jan 26,2022 12:46:37 [info]  TestrailProjectName:  Arexdata
Jan 26,2022 12:46:37 [info]  TestrailRunName:  AutomatedTestCases
Jan 26,2022 12:48:18 [info]  Clicked on Filter Icon
Jan 26,2022 12:48:20 [info]  User has clicked on dropdown field: //label[text()='Public IP']/following-sibling::div//span[@class='k-input']
Jan 26,2022 12:48:21 [info]  User has selected dropdown option: //li[text()='Start With']
Jan 26,2022 12:48:28 [info]  User has clicked on dropdown field: //label[text()='Public IP']/..//input
Jan 26,2022 12:48:32 [info]  Clicked on 'OK' button at Filter Dialog
Jan 26,2022 12:48:36 [info]  Clicked on Filter Icon
Jan 26,2022 12:48:40 [info]  Clicked on 'CLEAR' button at Filter Dialog
Jan 26,2022 12:48:44 [info]  Clicked on 'OK' button at Filter Dialog
Jan 26,2022 12:48:47 [info]  TestrailProjectName:  Arexdata
Jan 26,2022 12:48:47 [info]  TestrailRunName:  AutomatedTestCases
Jan 26,2022 13:03:45 [info]  Clicked on Filter Icon
Jan 26,2022 13:03:47 [info]  User has clicked on dropdown field: //label[text()='Public IP']/following-sibling::div//span[@class='k-input']
Jan 26,2022 13:03:48 [info]  User has selected dropdown option: //li[text()='Start With']
Jan 26,2022 13:03:54 [info]  User has clicked on dropdown field: //label[text()='Public IP']/..//input
Jan 26,2022 13:03:59 [info]  Clicked on 'Cancel' button at Filter Dialog
Jan 26,2022 13:04:55 [info]  Clicked on Filter Icon
Jan 26,2022 13:04:57 [info]  User has clicked on dropdown field: //label[text()='Alias']/following-sibling::div//span[@class='k-input']
Jan 26,2022 13:04:58 [info]  User has selected dropdown option: //li[text()='Start With']
Jan 26,2022 13:05:04 [info]  User has clicked on dropdown field: //label[text()='Alias']/..//input
Jan 26,2022 13:05:09 [info]  Clicked on 'CLEAR' button at Filter Dialog
Jan 26,2022 13:05:13 [info]  Clicked on 'OK' button at Filter Dialog
Jan 26,2022 13:05:20 [info]  TestrailProjectName:  Arexdata
Jan 26,2022 13:05:20 [info]  TestrailRunName:  AutomatedTestCases
Jan 26,2022 18:40:45 [info]  Clicked on Filter Icon
Jan 26,2022 18:40:48 [info]  User has clicked on dropdown field: //label[text()='Email']/following-sibling::div//span[@class='k-input']
Jan 26,2022 18:40:49 [info]  User has selected dropdown option: //li[text()='Contains']
Jan 26,2022 18:40:55 [info]  User has clicked on dropdown field: //label[text()='Email']/..//input
Jan 26,2022 18:40:59 [info]  Clicked on 'OK' button at Filter Dialog
Jan 26,2022 18:41:01 [info]  Jan 26,2022 18:41:01 [info]  <<<<<<<<<<<<<<<<<<<<<<<<<<<<<<<<<< Error message >>>>>>>>>>>>>>>>>>>>>>>>>>>>>>
java.lang.AssertionError: expected [2] but found [1]
	at org.testng.Assert.fail(Assert.java:99)
	at org.testng.Assert.failNotEquals(Assert.java:1037)
	at org.testng.Assert.assertEqualsImpl(Assert.java:140)
	at org.testng.Assert.assertEquals(Assert.java:122)
	at org.testng.Assert.assertEquals(Assert.java:907)
	at org.testng.Assert.assertEquals(Assert.java:917)
	at pages.FilterDialogPage.assertNumberOnFilterButton(FilterDialogPage.java:61)
	at tests.Admin_UserTest.testApplicationAllowToFilterUserByEmailDropdownCondition(Admin_UserTest.java:489)
	at java.base/jdk.internal.reflect.NativeMethodAccessorImpl.invoke0(Native Method)
	at java.base/jdk.internal.reflect.NativeMethodAccessorImpl.invoke(NativeMethodAccessorImpl.java:77)
	at java.base/jdk.internal.reflect.DelegatingMethodAccessorImpl.invoke(DelegatingMethodAccessorImpl.java:43)
	at java.base/java.lang.reflect.Method.invoke(Method.java:568)
	at org.testng.internal.MethodInvocationHelper.invokeMethod(MethodInvocationHelper.java:133)
	at org.testng.internal.TestInvoker.invokeMethod(TestInvoker.java:598)
	at org.testng.internal.TestInvoker.invokeTestMethod(TestInvoker.java:173)
	at org.testng.internal.MethodRunner.runInSequence(MethodRunner.java:46)
	at org.testng.internal.TestInvoker$MethodInvocationAgent.invoke(TestInvoker.java:824)
	at org.testng.internal.TestInvoker.invokeTestMethods(TestInvoker.java:146)
	at org.testng.internal.TestMethodWorker.invokeTestMethods(TestMethodWorker.java:146)
	at org.testng.internal.TestMethodWorker.run(TestMethodWorker.java:128)
	at java.base/java.util.ArrayList.forEach(ArrayList.java:1511)
	at org.testng.TestRunner.privateRun(TestRunner.java:794)
	at org.testng.TestRunner.run(TestRunner.java:596)
	at org.testng.SuiteRunner.runTest(SuiteRunner.java:377)
	at org.testng.SuiteRunner.access$000(SuiteRunner.java:28)
	at org.testng.SuiteRunner$SuiteWorker.run(SuiteRunner.java:418)
	at org.testng.internal.thread.ThreadUtil.lambda$execute$0(ThreadUtil.java:64)
	at java.base/java.util.concurrent.FutureTask.run(FutureTask.java:264)
	at java.base/java.util.concurrent.ThreadPoolExecutor.runWorker(ThreadPoolExecutor.java:1136)
	at java.base/java.util.concurrent.ThreadPoolExecutor$Worker.run(ThreadPoolExecutor.java:635)
	at java.base/java.lang.Thread.run(Thread.java:833)
Jan 26,2022 18:41:03 [info]  Closing driver on platform: Windows 10
Jan 26,2022 18:41:04 [info]  TestrailProjectName:  Arexdata
Jan 26,2022 18:41:04 [info]  TestrailRunName:  AutomatedTestCases
Jan 26,2022 18:49:30 [info]  Clicked on Filter Icon
Jan 26,2022 18:49:32 [info]  User has clicked on dropdown field: //label[text()='Email']/following-sibling::div//span[@class='k-input']
Jan 26,2022 18:49:34 [info]  User has selected dropdown option: //li[text()='Contains']
Jan 26,2022 18:49:40 [info]  User has clicked on dropdown field: //label[text()='Email']/..//input
Jan 26,2022 18:49:44 [info]  Clicked on 'OK' button at Filter Dialog
Jan 26,2022 18:49:46 [info]  Jan 26,2022 18:49:46 [info]  <<<<<<<<<<<<<<<<<<<<<<<<<<<<<<<<<< Error message >>>>>>>>>>>>>>>>>>>>>>>>>>>>>>
java.lang.AssertionError: expected [2] but found [1]
	at org.testng.Assert.fail(Assert.java:99)
	at org.testng.Assert.failNotEquals(Assert.java:1037)
	at org.testng.Assert.assertEqualsImpl(Assert.java:140)
	at org.testng.Assert.assertEquals(Assert.java:122)
	at org.testng.Assert.assertEquals(Assert.java:907)
	at org.testng.Assert.assertEquals(Assert.java:917)
	at pages.FilterDialogPage.assertNumberOnFilterButton(FilterDialogPage.java:61)
	at tests.Admin_UserTest.testApplicationAllowToFilterUserByEmailDropdownCondition(Admin_UserTest.java:489)
	at java.base/jdk.internal.reflect.NativeMethodAccessorImpl.invoke0(Native Method)
	at java.base/jdk.internal.reflect.NativeMethodAccessorImpl.invoke(NativeMethodAccessorImpl.java:77)
	at java.base/jdk.internal.reflect.DelegatingMethodAccessorImpl.invoke(DelegatingMethodAccessorImpl.java:43)
	at java.base/java.lang.reflect.Method.invoke(Method.java:568)
	at org.testng.internal.MethodInvocationHelper.invokeMethod(MethodInvocationHelper.java:133)
	at org.testng.internal.TestInvoker.invokeMethod(TestInvoker.java:598)
	at org.testng.internal.TestInvoker.invokeTestMethod(TestInvoker.java:173)
	at org.testng.internal.MethodRunner.runInSequence(MethodRunner.java:46)
	at org.testng.internal.TestInvoker$MethodInvocationAgent.invoke(TestInvoker.java:824)
	at org.testng.internal.TestInvoker.invokeTestMethods(TestInvoker.java:146)
	at org.testng.internal.TestMethodWorker.invokeTestMethods(TestMethodWorker.java:146)
	at org.testng.internal.TestMethodWorker.run(TestMethodWorker.java:128)
	at java.base/java.util.ArrayList.forEach(ArrayList.java:1511)
	at org.testng.TestRunner.privateRun(TestRunner.java:794)
	at org.testng.TestRunner.run(TestRunner.java:596)
	at org.testng.SuiteRunner.runTest(SuiteRunner.java:377)
	at org.testng.SuiteRunner.access$000(SuiteRunner.java:28)
	at org.testng.SuiteRunner$SuiteWorker.run(SuiteRunner.java:418)
	at org.testng.internal.thread.ThreadUtil.lambda$execute$0(ThreadUtil.java:64)
	at java.base/java.util.concurrent.FutureTask.run(FutureTask.java:264)
	at java.base/java.util.concurrent.ThreadPoolExecutor.runWorker(ThreadPoolExecutor.java:1136)
	at java.base/java.util.concurrent.ThreadPoolExecutor$Worker.run(ThreadPoolExecutor.java:635)
	at java.base/java.lang.Thread.run(Thread.java:833)
Jan 26,2022 18:49:49 [info]  Closing driver on platform: Windows 10
Jan 26,2022 18:49:50 [info]  TestrailProjectName:  Arexdata
Jan 26,2022 18:49:50 [info]  TestrailRunName:  AutomatedTestCases
Jan 26,2022 19:09:38 [info]  Clicked on Filter Icon
Jan 26,2022 19:09:40 [info]  User has clicked on dropdown field: //label[text()='Email']/following-sibling::div//span[@class='k-input']
Jan 26,2022 19:09:41 [info]  User has selected dropdown option: //li[text()='Contains']
Jan 26,2022 19:09:48 [info]  User has clicked on dropdown field: //label[text()='Email']/..//input
Jan 26,2022 19:09:52 [info]  Clicked on 'OK' button at Filter Dialog
Jan 26,2022 19:09:53 [info]  Jan 26,2022 19:09:53 [info]  <<<<<<<<<<<<<<<<<<<<<<<<<<<<<<<<<< Error message >>>>>>>>>>>>>>>>>>>>>>>>>>>>>>
java.lang.AssertionError: expected [2] but found [1]
	at org.testng.Assert.fail(Assert.java:99)
	at org.testng.Assert.failNotEquals(Assert.java:1037)
	at org.testng.Assert.assertEqualsImpl(Assert.java:140)
	at org.testng.Assert.assertEquals(Assert.java:122)
	at org.testng.Assert.assertEquals(Assert.java:907)
	at org.testng.Assert.assertEquals(Assert.java:917)
	at pages.FilterDialogPage.assertNumberOnFilterButton(FilterDialogPage.java:61)
	at tests.Admin_UserTest.testApplicationAllowToFilterUserByEmailDropdownCondition(Admin_UserTest.java:489)
	at java.base/jdk.internal.reflect.NativeMethodAccessorImpl.invoke0(Native Method)
	at java.base/jdk.internal.reflect.NativeMethodAccessorImpl.invoke(NativeMethodAccessorImpl.java:77)
	at java.base/jdk.internal.reflect.DelegatingMethodAccessorImpl.invoke(DelegatingMethodAccessorImpl.java:43)
	at java.base/java.lang.reflect.Method.invoke(Method.java:568)
	at org.testng.internal.MethodInvocationHelper.invokeMethod(MethodInvocationHelper.java:133)
	at org.testng.internal.TestInvoker.invokeMethod(TestInvoker.java:598)
	at org.testng.internal.TestInvoker.invokeTestMethod(TestInvoker.java:173)
	at org.testng.internal.MethodRunner.runInSequence(MethodRunner.java:46)
	at org.testng.internal.TestInvoker$MethodInvocationAgent.invoke(TestInvoker.java:824)
	at org.testng.internal.TestInvoker.invokeTestMethods(TestInvoker.java:146)
	at org.testng.internal.TestMethodWorker.invokeTestMethods(TestMethodWorker.java:146)
	at org.testng.internal.TestMethodWorker.run(TestMethodWorker.java:128)
	at java.base/java.util.ArrayList.forEach(ArrayList.java:1511)
	at org.testng.TestRunner.privateRun(TestRunner.java:794)
	at org.testng.TestRunner.run(TestRunner.java:596)
	at org.testng.SuiteRunner.runTest(SuiteRunner.java:377)
	at org.testng.SuiteRunner.access$000(SuiteRunner.java:28)
	at org.testng.SuiteRunner$SuiteWorker.run(SuiteRunner.java:418)
	at org.testng.internal.thread.ThreadUtil.lambda$execute$0(ThreadUtil.java:64)
	at java.base/java.util.concurrent.FutureTask.run(FutureTask.java:264)
	at java.base/java.util.concurrent.ThreadPoolExecutor.runWorker(ThreadPoolExecutor.java:1136)
	at java.base/java.util.concurrent.ThreadPoolExecutor$Worker.run(ThreadPoolExecutor.java:635)
	at java.base/java.lang.Thread.run(Thread.java:833)
Jan 26,2022 19:09:56 [info]  Closing driver on platform: Windows 10
Jan 26,2022 19:10:35 [info]  Clicked on Filter Icon
Jan 26,2022 19:10:37 [info]  Closing driver on platform: Windows 10
Jan 26,2022 19:10:38 [info]  TestrailProjectName:  Arexdata
Jan 26,2022 19:10:38 [info]  TestrailRunName:  AutomatedTestCases
Jan 26,2022 19:16:35 [info]  Clicked on create alert button
Jan 26,2022 19:16:42 [info]  Alert name entered.
Jan 26,2022 19:16:50 [info]  Email entered.
Jan 26,2022 19:16:51 [info]  Clicked on save button
Jan 26,2022 19:16:55 [info]  Clicked on Heade of Column : Name
Jan 26,2022 19:17:01 [info]  Clicked on delete button to delete alert
Jan 26,2022 19:17:13 [info]  Closing driver on platform: Windows 10
Jan 26,2022 19:17:52 [info]  Clicked on create alert button
Jan 26,2022 19:18:00 [info]  Alert name entered.
Jan 26,2022 19:18:08 [info]  Email entered.
Jan 26,2022 19:18:09 [info]  Clicked on save button
Jan 26,2022 19:18:13 [info]  Clicked on Heade of Column : Name
Jan 26,2022 19:18:19 [info]  Clicked on delete button to delete alert
Jan 26,2022 19:18:30 [info]  Closing driver on platform: Windows 10
Jan 26,2022 19:19:07 [info]  Clicked on create alert button
Jan 26,2022 19:19:15 [info]  Alert name entered.
Jan 26,2022 19:19:23 [info]  Email entered.
Jan 26,2022 19:19:24 [info]  Clicked on save button
Jan 26,2022 19:19:28 [info]  Clicked on Heade of Column : Name
Jan 26,2022 19:19:34 [info]  Clicked on delete button to delete alert
Jan 26,2022 19:19:45 [info]  Closing driver on platform: Windows 10
Jan 26,2022 19:20:22 [info]  Clicked on create alert button
Jan 26,2022 19:20:35 [info]  Alert name entered.
Jan 26,2022 19:20:43 [info]  Email entered.
Jan 26,2022 19:20:45 [info]  Enter file/folder
Jan 26,2022 19:20:50 [info]  Operation is selected asf Deleted
Jan 26,2022 19:20:51 [info]  Clicked on save button
Jan 26,2022 19:20:55 [info]  Clicked on Heade of Column : Name
Jan 26,2022 19:21:01 [info]  Clicked on delete button to delete alert
Jan 26,2022 19:21:12 [info]  Closing driver on platform: Windows 10
Jan 26,2022 19:21:50 [info]  Clicked on create alert button
Jan 26,2022 19:22:03 [info]  Alert name entered.
Jan 26,2022 19:22:11 [info]  Email entered.
Jan 26,2022 19:22:13 [info]  Enter file/folder
Jan 26,2022 19:22:18 [info]  Operation is selected asf Read
Jan 26,2022 19:22:19 [info]  Clicked on save button
Jan 26,2022 19:22:23 [info]  Clicked on Heade of Column : Name
Jan 26,2022 19:22:29 [info]  Clicked on delete button to delete alert
Jan 26,2022 19:22:39 [info]  Closing driver on platform: Windows 10
Jan 26,2022 19:23:18 [info]  Clicked on create alert button
Jan 26,2022 19:23:31 [info]  Alert name entered.
Jan 26,2022 19:23:39 [info]  Email entered.
Jan 26,2022 19:23:41 [info]  Enter file/folder
Jan 26,2022 19:23:46 [info]  Operation is selected asf Uploaded
Jan 26,2022 19:23:47 [info]  Clicked on save button
Jan 26,2022 19:23:51 [info]  Clicked on Heade of Column : Name
Jan 26,2022 19:23:57 [info]  Clicked on delete button to delete alert
Jan 26,2022 19:24:08 [info]  Closing driver on platform: Windows 10
Jan 26,2022 19:24:46 [info]  Clicked on create alert button
Jan 26,2022 19:24:54 [info]  Alert name entered.
Jan 26,2022 19:25:02 [info]  Email entered.
Jan 26,2022 19:25:05 [info]  Enter file/folder
Jan 26,2022 19:25:09 [info]  Operation is selected asf Created
Jan 26,2022 19:25:10 [info]  Clicked on save button
Jan 26,2022 19:25:14 [info]  Clicked on Heade of Column : Name
Jan 26,2022 19:25:20 [info]  Clicked on delete button to delete alert
Jan 26,2022 19:25:31 [info]  Closing driver on platform: Windows 10
Jan 26,2022 19:26:08 [info]  Clicked on create alert button
Jan 26,2022 19:26:16 [info]  Alert name entered.
Jan 26,2022 19:26:23 [info]  Email entered.
Jan 26,2022 19:26:26 [info]  Enter file/folder
Jan 26,2022 19:26:30 [info]  Operation is selected asf Deleted
Jan 26,2022 19:26:31 [info]  Clicked on save button
Jan 26,2022 19:26:35 [info]  Clicked on Heade of Column : Name
Jan 26,2022 19:26:41 [info]  Clicked on delete button to delete alert
Jan 26,2022 19:26:52 [info]  Closing driver on platform: Windows 10
Jan 26,2022 19:27:29 [info]  Clicked on create alert button
Jan 26,2022 19:27:37 [info]  Alert name entered.
Jan 26,2022 19:27:45 [info]  Email entered.
Jan 26,2022 19:27:48 [info]  Enter file/folder
Jan 26,2022 19:27:52 [info]  Operation is selected asf Modified
Jan 26,2022 19:27:53 [info]  Clicked on save button
Jan 26,2022 19:27:57 [info]  Clicked on Heade of Column : Name
Jan 26,2022 19:28:03 [info]  Clicked on delete button to delete alert
Jan 26,2022 19:28:14 [info]  Closing driver on platform: Windows 10
Jan 26,2022 19:28:52 [info]  Clicked on create alert button
Jan 26,2022 19:28:59 [info]  Alert name entered.
Jan 26,2022 19:29:07 [info]  Email entered.
Jan 26,2022 19:29:10 [info]  Enter file/folder
Jan 26,2022 19:29:14 [info]  Operation is selected asf Read
Jan 26,2022 19:29:15 [info]  Clicked on save button
Jan 26,2022 19:29:19 [info]  Clicked on Heade of Column : Name
Jan 26,2022 19:29:25 [info]  Clicked on delete button to delete alert
Jan 26,2022 19:29:36 [info]  Closing driver on platform: Windows 10
Jan 26,2022 19:30:13 [info]  Clicked on create alert button
Jan 26,2022 19:30:27 [info]  Alert name entered.
Jan 26,2022 19:30:34 [info]  Email entered.
Jan 26,2022 19:30:37 [info]  Enter file/folder
Jan 26,2022 19:30:41 [info]  Operation is selected asf Created
Jan 26,2022 19:30:42 [info]  Clicked on save button
Jan 26,2022 19:30:46 [info]  Clicked on Heade of Column : Name
Jan 26,2022 19:30:52 [info]  Clicked on delete button to delete alert
Jan 26,2022 19:31:03 [info]  Closing driver on platform: Windows 10
Jan 26,2022 19:31:40 [info]  Clicked on create alert button
Jan 26,2022 19:31:53 [info]  Alert name entered.
Jan 26,2022 19:32:01 [info]  Email entered.
Jan 26,2022 19:32:04 [info]  Enter file/folder
Jan 26,2022 19:32:08 [info]  Operation is selected asf Deleted
Jan 26,2022 19:32:09 [info]  Clicked on save button
Jan 26,2022 19:32:13 [info]  Clicked on Heade of Column : Name
Jan 26,2022 19:32:19 [info]  Clicked on delete button to delete alert
Jan 26,2022 19:32:29 [info]  Closing driver on platform: Windows 10
Jan 26,2022 19:33:06 [info]  Clicked on create alert button
Jan 26,2022 19:33:21 [info]  Alert name entered.
Jan 26,2022 19:33:28 [info]  Email entered.
Jan 26,2022 19:33:31 [info]  Enter file/folder
Jan 26,2022 19:33:35 [info]  Operation is selected asf Modified
Jan 26,2022 19:33:36 [info]  Clicked on save button
Jan 26,2022 19:33:41 [info]  Clicked on Heade of Column : Name
Jan 26,2022 19:33:46 [info]  Clicked on delete button to delete alert
Jan 26,2022 19:33:57 [info]  Closing driver on platform: Windows 10
Jan 26,2022 19:34:34 [info]  Clicked on create alert button
Jan 26,2022 19:34:48 [info]  Alert name entered.
Jan 26,2022 19:34:56 [info]  Email entered.
Jan 26,2022 19:34:58 [info]  Enter file/folder
Jan 26,2022 19:35:03 [info]  Operation is selected asf Read
Jan 26,2022 19:35:04 [info]  Clicked on save button
Jan 26,2022 19:35:08 [info]  Clicked on Heade of Column : Name
Jan 26,2022 19:35:14 [info]  Clicked on delete button to delete alert
Jan 26,2022 19:35:24 [info]  Closing driver on platform: Windows 10
Jan 26,2022 19:35:25 [info]  TestrailProjectName:  Arexdata
Jan 26,2022 19:35:25 [info]  TestrailRunName:  AutomatedTestCases
Jan 26,2022 19:38:31 [info]  Clicked on create alert button
Jan 26,2022 19:38:39 [info]  Alert name entered.
Jan 26,2022 19:38:47 [info]  Email entered.
Jan 26,2022 19:38:48 [info]  Clicked on save button
Jan 26,2022 19:38:52 [info]  Clicked on Heade of Column : Name
Jan 26,2022 19:38:57 [info]  Clicked on delete button to delete alert
Jan 26,2022 19:39:09 [info]  Closing driver on platform: Windows 10
Jan 26,2022 19:39:44 [info]  Clicked on Filter Icon
Jan 26,2022 19:39:46 [info]  User has clicked on dropdown field: //label[text()='Name']/following-sibling::div//span[@class='k-input']
Jan 26,2022 19:39:47 [info]  User has selected dropdown option: //li[text()='Contains']
Jan 26,2022 19:39:54 [info]  User has clicked on dropdown field: //label[text()='Name']/..//input
Jan 26,2022 19:39:58 [info]  Clicked on 'OK' button at Filter Dialog
Jan 26,2022 19:40:02 [info]  User verified number of applied filter : 1
Jan 26,2022 19:40:03 [info]  Verified that 'Testing Netapp read' contains : 'Netapp' under the column : 'Name
Jan 26,2022 19:40:03 [info]  Verified that 'Testing Netapp read' contains : 'Netapp' under the column : 'Name
Jan 26,2022 19:40:03 [info]  Verified that 'Testing Netapp read' contains : 'Netapp' under the column : 'Name
Jan 26,2022 19:40:03 [info]  Verified that 'Testing Netapp read' contains : 'Netapp' under the column : 'Name
Jan 26,2022 19:40:03 [info]  Verified that 'Testing Netapp read' contains : 'Netapp' under the column : 'Name
Jan 26,2022 19:40:19 [info]  Clicked on Filter Icon
Jan 26,2022 19:40:23 [info]  Clicked on 'CLEAR' button at Filter Dialog
Jan 26,2022 19:40:27 [info]  Clicked on 'OK' button at Filter Dialog
Jan 26,2022 19:40:29 [info]  Closing driver on platform: Windows 10
Jan 26,2022 19:41:06 [info]  Clicked on create alert button
Jan 26,2022 19:41:20 [info]  Alert name entered.
Jan 26,2022 19:41:28 [info]  Email entered.
Jan 26,2022 19:41:30 [info]  Enter file/folder
Jan 26,2022 19:41:35 [info]  Operation is selected asf Renamed
Jan 26,2022 19:41:36 [info]  Clicked on save button
Jan 26,2022 19:41:40 [info]  Clicked on Heade of Column : Name
Jan 26,2022 19:41:46 [info]  Clicked on delete button to delete alert
Jan 26,2022 19:41:56 [info]  Closing driver on platform: Windows 10
Jan 26,2022 19:42:33 [info]  Clicked on create alert button
Jan 26,2022 19:42:46 [info]  Alert name entered.
Jan 26,2022 19:42:54 [info]  Email entered.
Jan 26,2022 19:42:56 [info]  Enter file/folder
Jan 26,2022 19:43:01 [info]  Operation is selected asf Modified
Jan 26,2022 19:43:02 [info]  Clicked on save button
Jan 26,2022 19:43:06 [info]  Clicked on Heade of Column : Name
Jan 26,2022 19:43:12 [info]  Clicked on delete button to delete alert
Jan 26,2022 19:43:23 [info]  Closing driver on platform: Windows 10
Jan 26,2022 19:44:01 [info]  Clicked on create alert button
Jan 26,2022 19:44:09 [info]  Alert name entered.
Jan 26,2022 19:44:17 [info]  Email entered.
Jan 26,2022 19:44:19 [info]  Enter file/folder
Jan 26,2022 19:44:24 [info]  Operation is selected asf Renamed
Jan 26,2022 19:44:25 [info]  Clicked on save button
Jan 26,2022 19:44:29 [info]  Clicked on Heade of Column : Name
Jan 26,2022 19:44:35 [info]  Clicked on delete button to delete alert
Jan 26,2022 19:44:46 [info]  Closing driver on platform: Windows 10
Jan 26,2022 19:45:24 [info]  Clicked on create alert button
Jan 26,2022 19:45:37 [info]  Alert name entered.
Jan 26,2022 19:45:45 [info]  Email entered.
Jan 26,2022 19:45:47 [info]  Enter file/folder
Jan 26,2022 19:45:52 [info]  Operation is selected asf Deleted
Jan 26,2022 19:45:53 [info]  Clicked on save button
Jan 26,2022 19:45:57 [info]  Clicked on Heade of Column : Name
Jan 26,2022 19:46:03 [info]  Clicked on delete button to delete alert
Jan 26,2022 19:46:13 [info]  Closing driver on platform: Windows 10
Jan 26,2022 19:46:51 [info]  Clicked on create alert button
Jan 26,2022 19:46:59 [info]  Alert name entered.
Jan 26,2022 19:47:12 [info]  Email entered.
Jan 26,2022 19:47:15 [info]  Enter file/folder
Jan 26,2022 19:47:19 [info]  Operation is selected asf Created
Jan 26,2022 19:47:20 [info]  Clicked on save button
Jan 26,2022 19:47:25 [info]  Clicked on Heade of Column : Name
Jan 26,2022 19:47:30 [info]  Clicked on delete button to delete alert
Jan 26,2022 19:47:42 [info]  Closing driver on platform: Windows 10
Jan 26,2022 19:48:20 [info]  Clicked on create alert button
Jan 26,2022 19:48:29 [info]  Alert name entered.
Jan 26,2022 19:48:42 [info]  Email entered.
Jan 26,2022 19:48:45 [info]  Enter file/folder
Jan 26,2022 19:48:49 [info]  Operation is selected asf Modified
Jan 26,2022 19:48:51 [info]  Clicked on save button
Jan 26,2022 19:48:55 [info]  Clicked on Heade of Column : Name
Jan 26,2022 19:49:01 [info]  Clicked on delete button to delete alert
Jan 26,2022 19:49:12 [info]  Closing driver on platform: Windows 10
Jan 26,2022 19:49:50 [info]  Clicked on create alert button
Jan 26,2022 19:50:04 [info]  Alert name entered.
Jan 26,2022 19:50:13 [info]  Email entered.
Jan 26,2022 19:50:15 [info]  Enter file/folder
Jan 26,2022 19:50:19 [info]  Operation is selected asf Read
Jan 26,2022 19:50:21 [info]  Clicked on save button
Jan 26,2022 19:50:25 [info]  Clicked on Heade of Column : Name
Jan 26,2022 19:50:31 [info]  Clicked on delete button to delete alert
Jan 26,2022 19:50:42 [info]  Closing driver on platform: Windows 10
Jan 26,2022 19:51:18 [info]  Clicked on Filter Icon
Jan 26,2022 19:51:21 [info]  User has clicked on dropdown field: //label[text()='Type']/following-sibling::div//span[@class='k-input']
Jan 26,2022 19:51:22 [info]  User has selected dropdown option: //li[text()='Activity Less Than X Hours']
Jan 26,2022 19:51:27 [info]  Clicked on 'OK' button at Filter Dialog
Jan 26,2022 19:51:31 [info]  User verified number of applied filter : 1
Jan 26,2022 19:51:32 [info]  Verified that 'Activity Less Than X Hours' contains : 'Activity Less Than X Hours' under the column : 'Type
Jan 26,2022 19:51:32 [info]  Verified that 'Activity Less Than X Hours' contains : 'Activity Less Than X Hours' under the column : 'Type
Jan 26,2022 19:51:32 [info]  Verified that 'Activity Less Than X Hours' contains : 'Activity Less Than X Hours' under the column : 'Type
Jan 26,2022 19:51:48 [info]  Clicked on Filter Icon
Jan 26,2022 19:51:52 [info]  Clicked on 'CLEAR' button at Filter Dialog
Jan 26,2022 19:51:56 [info]  Clicked on 'OK' button at Filter Dialog
Jan 26,2022 19:51:58 [info]  Closing driver on platform: Windows 10
Jan 26,2022 19:52:34 [info]  Clicked on Filter Icon
Jan 26,2022 19:52:36 [info]  User has clicked on dropdown field: //label[text()='Type']/following-sibling::div//span[@class='k-input']
Jan 26,2022 19:52:38 [info]  User has selected dropdown option: //li[text()='File operation on Endpoints']
Jan 26,2022 19:52:43 [info]  Clicked on 'OK' button at Filter Dialog
Jan 26,2022 19:52:47 [info]  User verified number of applied filter : 1
Jan 26,2022 19:52:48 [info]  Verified that 'File operation on Endpoints' contains : 'File operation on Endpoints' under the column : 'Type
Jan 26,2022 19:52:48 [info]  Verified that 'File operation on Endpoints' contains : 'File operation on Endpoints' under the column : 'Type
Jan 26,2022 19:52:48 [info]  Verified that 'File operation on Endpoints' contains : 'File operation on Endpoints' under the column : 'Type
Jan 26,2022 19:52:48 [info]  Verified that 'File operation on Endpoints' contains : 'File operation on Endpoints' under the column : 'Type
Jan 26,2022 19:52:48 [info]  Verified that 'File operation on Endpoints' contains : 'File operation on Endpoints' under the column : 'Type
Jan 26,2022 19:53:04 [info]  Clicked on Filter Icon
Jan 26,2022 19:53:08 [info]  Clicked on 'CLEAR' button at Filter Dialog
Jan 26,2022 19:53:12 [info]  Clicked on 'OK' button at Filter Dialog
Jan 26,2022 19:53:14 [info]  Closing driver on platform: Windows 10
Jan 26,2022 19:53:50 [info]  Clicked on Filter Icon
Jan 26,2022 19:53:52 [info]  User has clicked on dropdown field: //label[text()='Name']/following-sibling::div//span[@class='k-input']
Jan 26,2022 19:53:53 [info]  User has selected dropdown option: //li[text()='Equals']
Jan 26,2022 19:54:00 [info]  User has clicked on dropdown field: //label[text()='Name']/..//input
Jan 26,2022 19:54:04 [info]  Clicked on 'OK' button at Filter Dialog
Jan 26,2022 19:54:09 [info]  User verified number of applied filter : 1
Jan 26,2022 19:54:10 [info]  Verified that 'WinFileServer_Create' contains : 'WinFileServer_Create' under the column : 'Name
Jan 26,2022 19:54:25 [info]  Clicked on Filter Icon
Jan 26,2022 19:54:29 [info]  Clicked on 'CLEAR' button at Filter Dialog
Jan 26,2022 19:54:34 [info]  Clicked on 'OK' button at Filter Dialog
Jan 26,2022 19:54:35 [info]  Closing driver on platform: Windows 10
Jan 26,2022 19:55:11 [info]  Clicked on Filter Icon
Jan 26,2022 19:55:13 [info]  User has clicked on dropdown field: //label[text()='Name']/following-sibling::div//span[@class='k-input']
Jan 26,2022 19:55:15 [info]  User has selected dropdown option: //li[text()='Start With']
Jan 26,2022 19:55:21 [info]  User has clicked on dropdown field: //label[text()='Name']/..//input
Jan 26,2022 19:55:26 [info]  Clicked on 'OK' button at Filter Dialog
Jan 26,2022 19:55:30 [info]  User verified number of applied filter : 1
Jan 26,2022 19:55:31 [info]  Verified that 'WinFileServer_Create' contains : 'WinFileServer_Create' under the column : 'Name
Jan 26,2022 19:55:47 [info]  Clicked on Filter Icon
Jan 26,2022 19:55:51 [info]  Clicked on 'CLEAR' button at Filter Dialog
Jan 26,2022 19:55:55 [info]  Clicked on 'OK' button at Filter Dialog
Jan 26,2022 19:55:57 [info]  Closing driver on platform: Windows 10
Jan 26,2022 19:55:58 [info]  TestrailProjectName:  Arexdata
Jan 26,2022 19:55:58 [info]  TestrailRunName:  AutomatedTestCases
Jan 26,2022 19:58:25 [info]  Clicked on create alert button
Jan 26,2022 19:58:33 [info]  Alert name entered.
Jan 26,2022 19:58:41 [info]  Email entered.
Jan 26,2022 19:58:42 [info]  Clicked on save button
Jan 26,2022 19:58:47 [info]  Clicked on Heade of Column : Name
Jan 26,2022 19:58:54 [info]  Clicked on delete button to delete alert
Jan 26,2022 19:59:06 [info]  Closing driver on platform: Windows 10
Jan 26,2022 19:59:45 [info]  Clicked on Filter Icon
Jan 26,2022 19:59:47 [info]  User has clicked on dropdown field: //label[text()='Name']/following-sibling::div//span[@class='k-input']
Jan 26,2022 19:59:48 [info]  User has selected dropdown option: //li[text()='Contains']
Jan 26,2022 19:59:55 [info]  User has clicked on dropdown field: //label[text()='Name']/..//input
Jan 26,2022 19:59:58 [info]  User has clicked on dropdown field: //label[text()='Type']/following-sibling::div//span[@class='k-input']
Jan 26,2022 19:59:59 [info]  User has selected dropdown option: //li[text()='Activity Less Than X Hours']
Jan 26,2022 20:00:03 [info]  User has clicked on dropdown field: //label[text()='Integration']/following-sibling::div//span[@class='k-input']
Jan 26,2022 20:00:04 [info]  User has selected dropdown option: //li[text()='Contains']
Jan 26,2022 20:00:10 [info]  User has clicked on dropdown field: //label[text()='Integration']/..//input
Jan 26,2022 20:00:14 [info]  Clicked on 'OK' button at Filter Dialog
Jan 26,2022 20:00:18 [info]  User verified number of applied filter : 3
Jan 26,2022 20:01:08 [info]  Clicked on Filter Icon
Jan 26,2022 20:01:12 [info]  Clicked on 'CLEAR' button at Filter Dialog
Jan 26,2022 20:01:16 [info]  Clicked on 'OK' button at Filter Dialog
Jan 26,2022 20:01:18 [info]  Closing driver on platform: Windows 10
Jan 26,2022 20:02:01 [info]  Clicked on Filter Icon
Jan 26,2022 20:02:04 [info]  User has clicked on dropdown field: //label[text()='Name']/following-sibling::div//span[@class='k-input']
Jan 26,2022 20:02:05 [info]  User has selected dropdown option: //li[text()='Contains']
Jan 26,2022 20:02:11 [info]  User has clicked on dropdown field: //label[text()='Name']/..//input
Jan 26,2022 20:02:14 [info]  User has clicked on dropdown field: //label[text()='Type']/following-sibling::div//span[@class='k-input']
Jan 26,2022 20:02:15 [info]  User has selected dropdown option: //li[text()='File operation on Integrator']
Jan 26,2022 20:02:18 [info]  User has clicked on dropdown field: //label[text()='Integration']/following-sibling::div//span[@class='k-input']
Jan 26,2022 20:02:19 [info]  User has selected dropdown option: //li[text()='Contains']
Jan 26,2022 20:02:26 [info]  User has clicked on dropdown field: //label[text()='Integration']/..//input
Jan 26,2022 20:02:28 [info]  User has clicked on dropdown field: //label[text()='Severity']/following-sibling::div//span[@class='k-input']
Jan 26,2022 20:02:30 [info]  User has selected dropdown option: //li[text()='Warning']
Jan 26,2022 20:02:35 [info]  Clicked on 'OK' button at Filter Dialog
Jan 26,2022 20:02:39 [info]  User verified number of applied filter : 4
Jan 26,2022 20:02:40 [info]  Verified that 'Testing Netapp read' contains : 'Netapp' under the column : 'Name
Jan 26,2022 20:02:40 [info]  Verified that 'Testing Netapp read' contains : 'Netapp' under the column : 'Name
Jan 26,2022 20:02:40 [info]  Verified that 'Testing Netapp read' contains : 'Netapp' under the column : 'Name
Jan 26,2022 20:02:40 [info]  Verified that 'Testing Netapp read' contains : 'Netapp' under the column : 'Name
Jan 26,2022 20:02:41 [info]  Verified that 'File operation on Integrator' contains : 'File operation on Integrator' under the column : 'Type
Jan 26,2022 20:02:41 [info]  Verified that 'File operation on Integrator' contains : 'File operation on Integrator' under the column : 'Type
Jan 26,2022 20:02:41 [info]  Verified that 'File operation on Integrator' contains : 'File operation on Integrator' under the column : 'Type
Jan 26,2022 20:02:41 [info]  Verified that 'File operation on Integrator' contains : 'File operation on Integrator' under the column : 'Type
Jan 26,2022 20:02:42 [info]  Verified that 'netappqa' contains : 'netappqa' under the column : 'Integration
Jan 26,2022 20:02:42 [info]  Verified that 'netappqa' contains : 'netappqa' under the column : 'Integration
Jan 26,2022 20:02:42 [info]  Verified that 'netappqa' contains : 'netappqa' under the column : 'Integration
Jan 26,2022 20:02:42 [info]  Verified that 'netappqa' contains : 'netappqa' under the column : 'Integration
Jan 26,2022 20:02:44 [info]  Verified that 'Warning' contains : 'Warning' under the column : 'Severity
Jan 26,2022 20:02:44 [info]  Verified that 'Warning' contains : 'Warning' under the column : 'Severity
Jan 26,2022 20:02:44 [info]  Verified that 'Warning' contains : 'Warning' under the column : 'Severity
Jan 26,2022 20:02:44 [info]  Verified that 'Warning' contains : 'Warning' under the column : 'Severity
Jan 26,2022 20:03:00 [info]  Clicked on Filter Icon
Jan 26,2022 20:03:04 [info]  Clicked on 'CLEAR' button at Filter Dialog
Jan 26,2022 20:03:08 [info]  Clicked on 'OK' button at Filter Dialog
Jan 26,2022 20:03:09 [info]  Closing driver on platform: Windows 10
Jan 26,2022 20:03:52 [info]  Clicked on Filter Icon
Jan 26,2022 20:03:55 [info]  User has clicked on dropdown field: //label[text()='Name']/following-sibling::div//span[@class='k-input']
Jan 26,2022 20:03:56 [info]  User has selected dropdown option: //li[text()='Contains']
Jan 26,2022 20:04:02 [info]  User has clicked on dropdown field: //label[text()='Name']/..//input
Jan 26,2022 20:04:05 [info]  User has clicked on dropdown field: //label[text()='Type']/following-sibling::div//span[@class='k-input']
Jan 26,2022 20:04:06 [info]  User has selected dropdown option: //li[text()='File operation on Integrator']
Jan 26,2022 20:04:09 [info]  User has clicked on dropdown field: //label[text()='Integration']/following-sibling::div//span[@class='k-input']
Jan 26,2022 20:04:10 [info]  User has selected dropdown option: //li[text()='Contains']
Jan 26,2022 20:04:18 [info]  User has clicked on dropdown field: //label[text()='Integration']/..//input
Jan 26,2022 20:04:20 [info]  User has clicked on dropdown field: //label[text()='Severity']/following-sibling::div//span[@class='k-input']
Jan 26,2022 20:04:22 [info]  User has selected dropdown option: //li[text()='Warning']
Jan 26,2022 20:04:27 [info]  Clicked on 'OK' button at Filter Dialog
Jan 26,2022 20:04:31 [info]  User verified number of applied filter : 4
Jan 26,2022 20:04:32 [info]  Verified that 'Testing Netapp read' contains : 'Netapp' under the column : 'Name
Jan 26,2022 20:04:32 [info]  Verified that 'Testing Netapp read' contains : 'Netapp' under the column : 'Name
Jan 26,2022 20:04:32 [info]  Verified that 'Testing Netapp read' contains : 'Netapp' under the column : 'Name
Jan 26,2022 20:04:32 [info]  Verified that 'Testing Netapp read' contains : 'Netapp' under the column : 'Name
Jan 26,2022 20:04:33 [info]  Verified that 'File operation on Integrator' contains : 'File operation on Integrator' under the column : 'Type
Jan 26,2022 20:04:33 [info]  Verified that 'File operation on Integrator' contains : 'File operation on Integrator' under the column : 'Type
Jan 26,2022 20:04:33 [info]  Verified that 'File operation on Integrator' contains : 'File operation on Integrator' under the column : 'Type
Jan 26,2022 20:04:33 [info]  Verified that 'File operation on Integrator' contains : 'File operation on Integrator' under the column : 'Type
Jan 26,2022 20:04:34 [info]  Verified that 'netappqa' contains : 'netappqa' under the column : 'Integration
Jan 26,2022 20:04:34 [info]  Verified that 'netappqa' contains : 'netappqa' under the column : 'Integration
Jan 26,2022 20:04:34 [info]  Verified that 'netappqa' contains : 'netappqa' under the column : 'Integration
Jan 26,2022 20:04:34 [info]  Verified that 'netappqa' contains : 'netappqa' under the column : 'Integration
Jan 26,2022 20:04:35 [info]  Verified that 'Warning' contains : 'Warning' under the column : 'Severity
Jan 26,2022 20:04:35 [info]  Verified that 'Warning' contains : 'Warning' under the column : 'Severity
Jan 26,2022 20:04:35 [info]  Verified that 'Warning' contains : 'Warning' under the column : 'Severity
Jan 26,2022 20:04:36 [info]  Verified that 'Warning' contains : 'Warning' under the column : 'Severity
Jan 26,2022 20:04:52 [info]  Clicked on Filter Icon
Jan 26,2022 20:04:56 [info]  Clicked on 'CLEAR' button at Filter Dialog
Jan 26,2022 20:05:00 [info]  Clicked on 'OK' button at Filter Dialog
Jan 26,2022 20:05:05 [info]  Clicked on Filter Icon
Jan 26,2022 20:05:09 [info]  Clicked on 'Cancel' button at Filter Dialog
Jan 26,2022 20:05:12 [info]  Closing driver on platform: Windows 10
Jan 26,2022 20:05:48 [info]  Clicked on Filter Icon
Jan 26,2022 20:05:50 [info]  User has clicked on dropdown field: //label[text()='Integration']/following-sibling::div//span[@class='k-input']
Jan 26,2022 20:05:52 [info]  User has selected dropdown option: //li[text()='Equals']
Jan 26,2022 20:05:58 [info]  User has clicked on dropdown field: //label[text()='Integration']/..//input
Jan 26,2022 20:06:02 [info]  Clicked on 'OK' button at Filter Dialog
Jan 26,2022 20:06:06 [info]  User verified number of applied filter : 1
Jan 26,2022 20:06:22 [info]  Clicked on Filter Icon
Jan 26,2022 20:06:26 [info]  Clicked on 'CLEAR' button at Filter Dialog
Jan 26,2022 20:06:31 [info]  Clicked on 'OK' button at Filter Dialog
Jan 26,2022 20:06:32 [info]  Closing driver on platform: Windows 10
Jan 26,2022 20:07:08 [info]  Clicked on Filter Icon
Jan 26,2022 20:07:11 [info]  User has clicked on dropdown field: //label[text()='Integration']/following-sibling::div//span[@class='k-input']
Jan 26,2022 20:07:12 [info]  User has selected dropdown option: //li[text()='Contains']
Jan 26,2022 20:07:19 [info]  User has clicked on dropdown field: //label[text()='Integration']/..//input
Jan 26,2022 20:07:23 [info]  Clicked on 'OK' button at Filter Dialog
Jan 26,2022 20:07:27 [info]  User verified number of applied filter : 1
Jan 26,2022 20:07:43 [info]  Clicked on Filter Icon
Jan 26,2022 20:07:47 [info]  Clicked on 'CLEAR' button at Filter Dialog
Jan 26,2022 20:07:51 [info]  Clicked on 'OK' button at Filter Dialog
Jan 26,2022 20:07:53 [info]  Closing driver on platform: Windows 10
Jan 26,2022 20:08:30 [info]  Clicked on Filter Icon
Jan 26,2022 20:08:32 [info]  User has clicked on dropdown field: //label[text()='Integration']/following-sibling::div//span[@class='k-input']
Jan 26,2022 20:08:33 [info]  User has selected dropdown option: //li[text()='Start With']
Jan 26,2022 20:08:39 [info]  User has clicked on dropdown field: //label[text()='Integration']/..//input
Jan 26,2022 20:08:44 [info]  Clicked on 'OK' button at Filter Dialog
Jan 26,2022 20:08:48 [info]  User verified number of applied filter : 1
Jan 26,2022 20:08:49 [info]  Verified that 'netappqa' contains : 'netapp' under the column : 'Integration
Jan 26,2022 20:08:49 [info]  Verified that 'netappqa' contains : 'netapp' under the column : 'Integration
Jan 26,2022 20:08:49 [info]  Verified that 'netappqa' contains : 'netapp' under the column : 'Integration
Jan 26,2022 20:08:49 [info]  Verified that 'netappqa' contains : 'netapp' under the column : 'Integration
Jan 26,2022 20:08:49 [info]  Verified that 'netappqa' contains : 'netapp' under the column : 'Integration
Jan 26,2022 20:09:05 [info]  Clicked on Filter Icon
Jan 26,2022 20:09:09 [info]  Clicked on 'CLEAR' button at Filter Dialog
Jan 26,2022 20:09:13 [info]  Clicked on 'OK' button at Filter Dialog
Jan 26,2022 20:09:15 [info]  Closing driver on platform: Windows 10
Jan 26,2022 20:09:55 [info]  Clicked on create alert button
Jan 26,2022 20:10:04 [info]  Alert name entered.
Jan 26,2022 20:10:13 [info]  Email entered.
Jan 26,2022 20:10:14 [info]  Clicked on save button
Jan 26,2022 20:10:18 [info]  Clicked on Heade of Column : Name
Jan 26,2022 20:10:23 [info]  Clicked on edit button on alert
Jan 26,2022 20:10:28 [info]  Alert name entered.
Jan 26,2022 20:10:29 [info]  Clicked on save button
Jan 26,2022 20:10:32 [info]  Alert is verified.
Jan 26,2022 20:10:34 [info]  Clicked on delete button to delete alert
Jan 26,2022 20:10:46 [info]  Closing driver on platform: Windows 10
Jan 26,2022 20:11:30 [info]  Clicked on Filter Icon
Jan 26,2022 20:11:32 [info]  User has clicked on dropdown field: //label[text()='Type']/following-sibling::div//span[@class='k-input']
Jan 26,2022 20:11:33 [info]  User has selected dropdown option: //li[text()='File operation on Integrator']
Jan 26,2022 20:11:39 [info]  Clicked on 'OK' button at Filter Dialog
Jan 26,2022 20:11:44 [info]  User verified number of applied filter : 1
Jan 26,2022 20:11:45 [info]  Verified that 'File operation on Integrator' contains : 'File operation on Integrator' under the column : 'Type
Jan 26,2022 20:11:45 [info]  Verified that 'File operation on Integrator' contains : 'File operation on Integrator' under the column : 'Type
Jan 26,2022 20:11:45 [info]  Verified that 'File operation on Integrator' contains : 'File operation on Integrator' under the column : 'Type
Jan 26,2022 20:11:45 [info]  Verified that 'File operation on Integrator' contains : 'File operation on Integrator' under the column : 'Type
Jan 26,2022 20:11:45 [info]  Verified that 'File operation on Integrator' contains : 'File operation on Integrator' under the column : 'Type
Jan 26,2022 20:11:45 [info]  Verified that 'File operation on Integrator' contains : 'File operation on Integrator' under the column : 'Type
Jan 26,2022 20:11:45 [info]  Verified that 'File operation on Integrator' contains : 'File operation on Integrator' under the column : 'Type
Jan 26,2022 20:11:45 [info]  Verified that 'File operation on Integrator' contains : 'File operation on Integrator' under the column : 'Type
Jan 26,2022 20:11:45 [info]  Verified that 'File operation on Integrator' contains : 'File operation on Integrator' under the column : 'Type
Jan 26,2022 20:11:45 [info]  Verified that 'File operation on Integrator' contains : 'File operation on Integrator' under the column : 'Type
Jan 26,2022 20:12:01 [info]  Clicked on Filter Icon
Jan 26,2022 20:12:05 [info]  Clicked on 'CLEAR' button at Filter Dialog
Jan 26,2022 20:12:09 [info]  Clicked on 'OK' button at Filter Dialog
Jan 26,2022 20:12:11 [info]  Closing driver on platform: Windows 10
Jan 26,2022 20:12:48 [info]  Clicked on Filter Icon
Jan 26,2022 20:12:51 [info]  User has clicked on dropdown field: //label[text()='Name']/following-sibling::div//span[@class='k-input']
Jan 26,2022 20:12:52 [info]  User has selected dropdown option: //li[text()='Contains']
Jan 26,2022 20:12:58 [info]  User has clicked on dropdown field: //label[text()='Name']/..//input
Jan 26,2022 20:13:01 [info]  User has clicked on dropdown field: //label[text()='Type']/following-sibling::div//span[@class='k-input']
Jan 26,2022 20:13:02 [info]  User has selected dropdown option: //li[text()='Activity Less Than X Hours']
Jan 26,2022 20:13:07 [info]  Clicked on 'OK' button at Filter Dialog
Jan 26,2022 20:13:11 [info]  User verified number of applied filter : 2
Jan 26,2022 20:13:12 [info]  Verified that 'Testing X hours' contains : 'Testing' under the column : 'Name
Jan 26,2022 20:13:12 [info]  Verified that 'Testing X hours' contains : 'Testing' under the column : 'Name
Jan 26,2022 20:13:14 [info]  Verified that 'Activity Less Than X Hours' contains : 'Activity Less Than X Hours' under the column : 'Type
Jan 26,2022 20:13:14 [info]  Verified that 'Activity Less Than X Hours' contains : 'Activity Less Than X Hours' under the column : 'Type
Jan 26,2022 20:13:29 [info]  Clicked on Filter Icon
Jan 26,2022 20:13:34 [info]  Clicked on 'CLEAR' button at Filter Dialog
Jan 26,2022 20:13:38 [info]  Clicked on 'OK' button at Filter Dialog
Jan 26,2022 20:13:39 [info]  Closing driver on platform: Windows 10
Jan 26,2022 20:14:23 [info]  Clicked on Filter Icon
Jan 26,2022 20:14:25 [info]  User has clicked on dropdown field: //label[text()='Severity']/following-sibling::div//span[@class='k-input']
Jan 26,2022 20:14:26 [info]  User has selected dropdown option: //li[text()='Critical']
Jan 26,2022 20:14:32 [info]  Clicked on 'OK' button at Filter Dialog
Jan 26,2022 20:14:36 [info]  User verified number of applied filter : 1
Jan 26,2022 20:14:37 [info]  Verified that 'Critical' contains : 'Critical' under the column : 'Severity
Jan 26,2022 20:14:37 [info]  Verified that 'Critical' contains : 'Critical' under the column : 'Severity
Jan 26,2022 20:14:37 [info]  Verified that 'Critical' contains : 'Critical' under the column : 'Severity
Jan 26,2022 20:14:37 [info]  Verified that 'Critical' contains : 'Critical' under the column : 'Severity
Jan 26,2022 20:14:37 [info]  Verified that 'Critical' contains : 'Critical' under the column : 'Severity
Jan 26,2022 20:14:37 [info]  Verified that 'Critical' contains : 'Critical' under the column : 'Severity
Jan 26,2022 20:14:53 [info]  Clicked on Filter Icon
Jan 26,2022 20:14:57 [info]  Clicked on 'CLEAR' button at Filter Dialog
Jan 26,2022 20:15:01 [info]  Clicked on 'OK' button at Filter Dialog
Jan 26,2022 20:15:03 [info]  Closing driver on platform: Windows 10
Jan 26,2022 20:15:40 [info]  Clicked on Filter Icon
Jan 26,2022 20:15:42 [info]  User has clicked on dropdown field: //label[text()='Severity']/following-sibling::div//span[@class='k-input']
Jan 26,2022 20:15:44 [info]  User has selected dropdown option: //li[text()='Info']
Jan 26,2022 20:15:49 [info]  Clicked on 'OK' button at Filter Dialog
Jan 26,2022 20:15:53 [info]  User verified number of applied filter : 1
Jan 26,2022 20:15:54 [info]  Verified that 'Info' contains : 'Info' under the column : 'Severity
Jan 26,2022 20:15:54 [info]  Verified that 'Info' contains : 'Info' under the column : 'Severity
Jan 26,2022 20:15:54 [info]  Verified that 'Info' contains : 'Info' under the column : 'Severity
Jan 26,2022 20:15:54 [info]  Verified that 'Info' contains : 'Info' under the column : 'Severity
Jan 26,2022 20:15:54 [info]  Verified that 'Info' contains : 'Info' under the column : 'Severity
Jan 26,2022 20:16:10 [info]  Clicked on Filter Icon
Jan 26,2022 20:16:15 [info]  Clicked on 'CLEAR' button at Filter Dialog
Jan 26,2022 20:16:19 [info]  Clicked on 'OK' button at Filter Dialog
Jan 26,2022 20:16:20 [info]  Closing driver on platform: Windows 10
Jan 26,2022 20:16:58 [info]  Clicked on Filter Icon
Jan 26,2022 20:17:00 [info]  User has clicked on dropdown field: //label[text()='Severity']/following-sibling::div//span[@class='k-input']
Jan 26,2022 20:17:01 [info]  User has selected dropdown option: //li[text()='Warning']
Jan 26,2022 20:17:06 [info]  Clicked on 'OK' button at Filter Dialog
Jan 26,2022 20:17:10 [info]  User verified number of applied filter : 1
Jan 26,2022 20:17:11 [info]  Verified that 'Warning' contains : 'Warning' under the column : 'Severity
Jan 26,2022 20:17:11 [info]  Verified that 'Warning' contains : 'Warning' under the column : 'Severity
Jan 26,2022 20:17:12 [info]  Verified that 'Warning' contains : 'Warning' under the column : 'Severity
Jan 26,2022 20:17:12 [info]  Verified that 'Warning' contains : 'Warning' under the column : 'Severity
Jan 26,2022 20:17:12 [info]  Verified that 'Warning' contains : 'Warning' under the column : 'Severity
Jan 26,2022 20:17:12 [info]  Verified that 'Warning' contains : 'Warning' under the column : 'Severity
Jan 26,2022 20:17:12 [info]  Verified that 'Warning' contains : 'Warning' under the column : 'Severity
Jan 26,2022 20:17:12 [info]  Verified that 'Warning' contains : 'Warning' under the column : 'Severity
Jan 26,2022 20:17:12 [info]  Verified that 'Warning' contains : 'Warning' under the column : 'Severity
Jan 26,2022 20:17:12 [info]  Verified that 'Warning' contains : 'Warning' under the column : 'Severity
Jan 26,2022 20:17:12 [info]  Verified that 'Warning' contains : 'Warning' under the column : 'Severity
Jan 26,2022 20:17:27 [info]  Clicked on Filter Icon
Jan 26,2022 20:17:32 [info]  Clicked on 'CLEAR' button at Filter Dialog
Jan 26,2022 20:17:36 [info]  Clicked on 'OK' button at Filter Dialog
Jan 26,2022 20:17:37 [info]  Closing driver on platform: Windows 10
Jan 26,2022 20:18:14 [info]  Clicked on Filter Icon
Jan 26,2022 20:18:16 [info]  User has clicked on dropdown field: //label[text()='Integration']/following-sibling::div//span[@class='k-input']
Jan 26,2022 20:18:18 [info]  User has selected dropdown option: //li[text()='Contains']
Jan 26,2022 20:18:24 [info]  User has clicked on dropdown field: //label[text()='Integration']/..//input
Jan 26,2022 20:18:29 [info]  Clicked on 'OK' button at Filter Dialog
Jan 26,2022 20:18:33 [info]  User verified number of applied filter : 1
Jan 26,2022 20:18:35 [info]  Verified that 'netappqa' contains : 'qa' under the column : 'Integration
Jan 26,2022 20:18:35 [info]  Verified that 'netappqa' contains : 'qa' under the column : 'Integration
Jan 26,2022 20:18:35 [info]  Verified that 'netappqa' contains : 'qa' under the column : 'Integration
Jan 26,2022 20:18:35 [info]  Verified that 'netappqa' contains : 'qa' under the column : 'Integration
Jan 26,2022 20:18:35 [info]  Verified that 'netappqa' contains : 'qa' under the column : 'Integration
Jan 26,2022 20:18:51 [info]  Clicked on Filter Icon
Jan 26,2022 20:18:55 [info]  Clicked on 'CLEAR' button at Filter Dialog
Jan 26,2022 20:18:59 [info]  Clicked on 'OK' button at Filter Dialog
Jan 26,2022 20:19:01 [info]  Closing driver on platform: Windows 10
Jan 26,2022 20:19:39 [info]  Clicked on Filter Icon
Jan 26,2022 20:19:41 [info]  User has clicked on dropdown field: //label[text()='Integration']/following-sibling::div//span[@class='k-input']
Jan 26,2022 20:19:42 [info]  User has selected dropdown option: //li[text()='Equals']
Jan 26,2022 20:19:49 [info]  User has clicked on dropdown field: //label[text()='Integration']/..//input
Jan 26,2022 20:19:53 [info]  Clicked on 'OK' button at Filter Dialog
Jan 26,2022 20:19:58 [info]  User verified number of applied filter : 1
Jan 26,2022 20:19:59 [info]  Verified that 'netappqa' contains : 'netappqa' under the column : 'Integration
Jan 26,2022 20:19:59 [info]  Verified that 'netappqa' contains : 'netappqa' under the column : 'Integration
Jan 26,2022 20:19:59 [info]  Verified that 'netappqa' contains : 'netappqa' under the column : 'Integration
Jan 26,2022 20:19:59 [info]  Verified that 'netappqa' contains : 'netappqa' under the column : 'Integration
Jan 26,2022 20:19:59 [info]  Verified that 'netappqa' contains : 'netappqa' under the column : 'Integration
Jan 26,2022 20:20:15 [info]  Clicked on Filter Icon
Jan 26,2022 20:20:19 [info]  Clicked on 'CLEAR' button at Filter Dialog
Jan 26,2022 20:20:24 [info]  Clicked on 'OK' button at Filter Dialog
Jan 26,2022 20:20:27 [info]  Closing driver on platform: Windows 10
Jan 26,2022 20:20:29 [info]  TestrailProjectName:  Arexdata
Jan 26,2022 20:20:29 [info]  TestrailRunName:  AutomatedTestCases
Jan 26,2022 20:23:44 [info]  Clicked on create alert button
Jan 26,2022 20:23:53 [info]  Alert name entered.
Jan 26,2022 20:24:02 [info]  Email entered.
Jan 26,2022 20:24:07 [info]  Clicked on save button
Jan 26,2022 20:24:11 [info]  Clicked on Heade of Column : Name
Jan 26,2022 20:24:35 [info]  Clicked on delete button to delete alert
Jan 26,2022 20:24:46 [info]  Closing driver on platform: Windows 10
Jan 26,2022 20:25:24 [info]  Clicked on create alert button
Jan 26,2022 20:25:34 [info]  Alert name entered.
Jan 26,2022 20:25:43 [info]  Email entered.
Jan 26,2022 20:25:44 [info]  Clicked on save button
Jan 26,2022 20:25:50 [info]  Clicked on delete button to delete alert
Jan 26,2022 20:26:10 [info]  Closing driver on platform: Windows 10
Jan 26,2022 20:26:52 [info]  Clicked on create alert button
Jan 26,2022 20:27:02 [info]  Alert name entered.
Jan 26,2022 20:27:09 [info]  Email entered.
Jan 26,2022 20:27:11 [info]  Clicked on save button
Jan 26,2022 20:27:16 [info]  Clicked on edit button on alert
Jan 26,2022 20:27:21 [info]  Alert name entered.
Jan 26,2022 20:27:22 [info]  Clicked on save button
Jan 26,2022 20:27:25 [info]  Alert is verified.
Jan 26,2022 20:27:46 [info]  Clicked on delete button to delete alert
Jan 26,2022 20:27:56 [info]  Closing driver on platform: Windows 10
Jan 26,2022 20:28:24 [info]  Administration menu is selected.
Jan 26,2022 20:28:28 [info]  Endpoints-> Settings menu is selected.
Jan 26,2022 20:28:39 [info]  User clicked on Save button
Jan 26,2022 20:28:40 [info]  User verified changes are saved
Jan 26,2022 20:28:50 [info]  Closing driver on platform: Windows 10
Jan 26,2022 20:29:15 [info]  Administration menu is selected.
Jan 26,2022 20:29:19 [info]  Endpoints-> Settings menu is selected.
Jan 26,2022 20:29:30 [info]  User clicked on Save button
Jan 26,2022 20:29:41 [info]  Jan 26,2022 20:29:41 [info]  <<<<<<<<<<<<<<<<<<<<<<<<<<<<<<<<<< Error message >>>>>>>>>>>>>>>>>>>>>>>>>>>>>>
java.lang.AssertionError
	at org.junit.Assert.fail(Assert.java:92)
	at org.junit.Assert.assertTrue(Assert.java:43)
	at org.junit.Assert.assertTrue(Assert.java:54)
	at pages.Admin_Endpoint_SettingPage.assertChangesAreSaved(Admin_Endpoint_SettingPage.java:123)
	at pages.Admin_Endpoint_SettingPage.clickOnSaveButton(Admin_Endpoint_SettingPage.java:119)
	at tests.ApplicationLogTest.testApplicationLogIsCreatedForPrintJobModified(ApplicationLogTest.java:369)
	at java.base/jdk.internal.reflect.NativeMethodAccessorImpl.invoke0(Native Method)
	at java.base/jdk.internal.reflect.NativeMethodAccessorImpl.invoke(NativeMethodAccessorImpl.java:77)
	at java.base/jdk.internal.reflect.DelegatingMethodAccessorImpl.invoke(DelegatingMethodAccessorImpl.java:43)
	at java.base/java.lang.reflect.Method.invoke(Method.java:568)
	at org.testng.internal.MethodInvocationHelper.invokeMethod(MethodInvocationHelper.java:133)
	at org.testng.internal.TestInvoker.invokeMethod(TestInvoker.java:598)
	at org.testng.internal.TestInvoker.invokeTestMethod(TestInvoker.java:173)
	at org.testng.internal.MethodRunner.runInSequence(MethodRunner.java:46)
	at org.testng.internal.TestInvoker$MethodInvocationAgent.invoke(TestInvoker.java:824)
	at org.testng.internal.TestInvoker.invokeTestMethods(TestInvoker.java:146)
	at org.testng.internal.TestMethodWorker.invokeTestMethods(TestMethodWorker.java:146)
	at org.testng.internal.TestMethodWorker.run(TestMethodWorker.java:128)
	at java.base/java.util.ArrayList.forEach(ArrayList.java:1511)
	at org.testng.TestRunner.privateRun(TestRunner.java:794)
	at org.testng.TestRunner.run(TestRunner.java:596)
	at org.testng.SuiteRunner.runTest(SuiteRunner.java:377)
	at org.testng.SuiteRunner.access$000(SuiteRunner.java:28)
	at org.testng.SuiteRunner$SuiteWorker.run(SuiteRunner.java:418)
	at org.testng.internal.thread.ThreadUtil.lambda$execute$0(ThreadUtil.java:64)
	at java.base/java.util.concurrent.FutureTask.run(FutureTask.java:264)
	at java.base/java.util.concurrent.ThreadPoolExecutor.runWorker(ThreadPoolExecutor.java:1136)
	at java.base/java.util.concurrent.ThreadPoolExecutor$Worker.run(ThreadPoolExecutor.java:635)
	at java.base/java.lang.Thread.run(Thread.java:833)
Jan 26,2022 20:29:42 [info]  Closing driver on platform: Windows 10
Jan 26,2022 20:30:30 [info]  Jan 26,2022 20:30:30 [info]  <<<<<<<<<<<<<<<<<<<<<<<<<<<<<<<<<< Error message >>>>>>>>>>>>>>>>>>>>>>>>>>>>>>
org.openqa.selenium.NoSuchElementException: no such element: Unable to locate element: {"method":"xpath","selector":"//p[text()='Administration']"}
  (Session info: chrome=97.0.4692.99)
For documentation on this error, please visit: https://www.seleniumhq.org/exceptions/no_such_element.html
Build info: version: '3.141.59', revision: 'e82be7d358', time: '2018-11-14T08:17:03'
System info: host: 'WIN-IAU3NU9P049', ip: '192.168.0.5', os.name: 'Windows 10', os.arch: 'amd64', os.version: '10.0', java.version: '17'
Driver info: org.openqa.selenium.chrome.ChromeDriver
Capabilities {acceptInsecureCerts: false, browserName: chrome, browserVersion: 97.0.4692.99, chrome: {chromedriverVersion: 96.0.4664.45 (76e4c1bb2ab46..., userDataDir: C:\Users\User\AppData\Local...}, goog:chromeOptions: {debuggerAddress: localhost:52603}, javascriptEnabled: true, networkConnectionEnabled: false, pageLoadStrategy: normal, platform: WINDOWS, platformName: WINDOWS, proxy: Proxy(), setWindowRect: true, strictFileInteractability: false, timeouts: {implicit: 0, pageLoad: 300000, script: 30000}, unhandledPromptBehavior: dismiss and notify, webauthn:extension:credBlob: true, webauthn:extension:largeBlob: true, webauthn:virtualAuthenticators: true}
Session ID: 92b6be62489390726920f7c473a292ed
*** Element info: {Using=xpath, value=//p[text()='Administration']}
	at java.base/jdk.internal.reflect.NativeConstructorAccessorImpl.newInstance0(Native Method)
	at java.base/jdk.internal.reflect.NativeConstructorAccessorImpl.newInstance(NativeConstructorAccessorImpl.java:77)
	at java.base/jdk.internal.reflect.DelegatingConstructorAccessorImpl.newInstance(DelegatingConstructorAccessorImpl.java:45)
	at java.base/java.lang.reflect.Constructor.newInstanceWithCaller(Constructor.java:499)
	at java.base/java.lang.reflect.Constructor.newInstance(Constructor.java:480)
	at org.openqa.selenium.remote.http.W3CHttpResponseCodec.createException(W3CHttpResponseCodec.java:187)
	at org.openqa.selenium.remote.http.W3CHttpResponseCodec.decode(W3CHttpResponseCodec.java:122)
	at org.openqa.selenium.remote.http.W3CHttpResponseCodec.decode(W3CHttpResponseCodec.java:49)
	at org.openqa.selenium.remote.HttpCommandExecutor.execute(HttpCommandExecutor.java:158)
	at org.openqa.selenium.remote.service.DriverCommandExecutor.execute(DriverCommandExecutor.java:83)
	at org.openqa.selenium.remote.RemoteWebDriver.execute(RemoteWebDriver.java:552)
	at org.openqa.selenium.remote.RemoteWebDriver.findElement(RemoteWebDriver.java:323)
	at org.openqa.selenium.remote.RemoteWebDriver.findElementByXPath(RemoteWebDriver.java:428)
	at org.openqa.selenium.By$ByXPath.findElement(By.java:353)
	at org.openqa.selenium.remote.RemoteWebDriver.findElement(RemoteWebDriver.java:315)
	at utility.DriverPage.clickOn(DriverPage.java:155)
	at utility.DriverPage.selectTopMenu(DriverPage.java:397)
	at pages.Admin_UsersPage.selectAdminUsersMenu(Admin_UsersPage.java:25)
	at tests.ApplicationLogTest.testApplicationLogIsCreatedForUserCreated(ApplicationLogTest.java:255)
	at java.base/jdk.internal.reflect.NativeMethodAccessorImpl.invoke0(Native Method)
	at java.base/jdk.internal.reflect.NativeMethodAccessorImpl.invoke(NativeMethodAccessorImpl.java:77)
	at java.base/jdk.internal.reflect.DelegatingMethodAccessorImpl.invoke(DelegatingMethodAccessorImpl.java:43)
	at java.base/java.lang.reflect.Method.invoke(Method.java:568)
	at org.testng.internal.MethodInvocationHelper.invokeMethod(MethodInvocationHelper.java:133)
	at org.testng.internal.TestInvoker.invokeMethod(TestInvoker.java:598)
	at org.testng.internal.TestInvoker.invokeTestMethod(TestInvoker.java:173)
	at org.testng.internal.MethodRunner.runInSequence(MethodRunner.java:46)
	at org.testng.internal.TestInvoker$MethodInvocationAgent.invoke(TestInvoker.java:824)
	at org.testng.internal.TestInvoker.invokeTestMethods(TestInvoker.java:146)
	at org.testng.internal.TestMethodWorker.invokeTestMethods(TestMethodWorker.java:146)
	at org.testng.internal.TestMethodWorker.run(TestMethodWorker.java:128)
	at java.base/java.util.ArrayList.forEach(ArrayList.java:1511)
	at org.testng.TestRunner.privateRun(TestRunner.java:794)
	at org.testng.TestRunner.run(TestRunner.java:596)
	at org.testng.SuiteRunner.runTest(SuiteRunner.java:377)
	at org.testng.SuiteRunner.access$000(SuiteRunner.java:28)
	at org.testng.SuiteRunner$SuiteWorker.run(SuiteRunner.java:418)
	at org.testng.internal.thread.ThreadUtil.lambda$execute$0(ThreadUtil.java:64)
	at java.base/java.util.concurrent.FutureTask.run(FutureTask.java:264)
	at java.base/java.util.concurrent.ThreadPoolExecutor.runWorker(ThreadPoolExecutor.java:1136)
	at java.base/java.util.concurrent.ThreadPoolExecutor$Worker.run(ThreadPoolExecutor.java:635)
	at java.base/java.lang.Thread.run(Thread.java:833)
Jan 26,2022 20:30:57 [info]  Jan 26,2022 20:30:57 [info]  <<<<<<<<<<<<<<<<<<<<<<<<<<<<<<<<<< Error message >>>>>>>>>>>>>>>>>>>>>>>>>>>>>>
org.openqa.selenium.NoSuchElementException: no such element: Unable to locate element: {"method":"xpath","selector":"//p[text()='Administration']"}
  (Session info: chrome=97.0.4692.99)
For documentation on this error, please visit: https://www.seleniumhq.org/exceptions/no_such_element.html
Build info: version: '3.141.59', revision: 'e82be7d358', time: '2018-11-14T08:17:03'
System info: host: 'WIN-IAU3NU9P049', ip: '192.168.0.5', os.name: 'Windows 10', os.arch: 'amd64', os.version: '10.0', java.version: '17'
Driver info: org.openqa.selenium.chrome.ChromeDriver
Capabilities {acceptInsecureCerts: false, browserName: chrome, browserVersion: 97.0.4692.99, chrome: {chromedriverVersion: 96.0.4664.45 (76e4c1bb2ab46..., userDataDir: C:\Users\User\AppData\Local...}, goog:chromeOptions: {debuggerAddress: localhost:52603}, javascriptEnabled: true, networkConnectionEnabled: false, pageLoadStrategy: normal, platform: WINDOWS, platformName: WINDOWS, proxy: Proxy(), setWindowRect: true, strictFileInteractability: false, timeouts: {implicit: 0, pageLoad: 300000, script: 30000}, unhandledPromptBehavior: dismiss and notify, webauthn:extension:credBlob: true, webauthn:extension:largeBlob: true, webauthn:virtualAuthenticators: true}
Session ID: 92b6be62489390726920f7c473a292ed
*** Element info: {Using=xpath, value=//p[text()='Administration']}
	at java.base/jdk.internal.reflect.NativeConstructorAccessorImpl.newInstance0(Native Method)
	at java.base/jdk.internal.reflect.NativeConstructorAccessorImpl.newInstance(NativeConstructorAccessorImpl.java:77)
	at java.base/jdk.internal.reflect.DelegatingConstructorAccessorImpl.newInstance(DelegatingConstructorAccessorImpl.java:45)
	at java.base/java.lang.reflect.Constructor.newInstanceWithCaller(Constructor.java:499)
	at java.base/java.lang.reflect.Constructor.newInstance(Constructor.java:480)
	at org.openqa.selenium.remote.http.W3CHttpResponseCodec.createException(W3CHttpResponseCodec.java:187)
	at org.openqa.selenium.remote.http.W3CHttpResponseCodec.decode(W3CHttpResponseCodec.java:122)
	at org.openqa.selenium.remote.http.W3CHttpResponseCodec.decode(W3CHttpResponseCodec.java:49)
	at org.openqa.selenium.remote.HttpCommandExecutor.execute(HttpCommandExecutor.java:158)
	at org.openqa.selenium.remote.service.DriverCommandExecutor.execute(DriverCommandExecutor.java:83)
	at org.openqa.selenium.remote.RemoteWebDriver.execute(RemoteWebDriver.java:552)
	at org.openqa.selenium.remote.RemoteWebDriver.findElement(RemoteWebDriver.java:323)
	at org.openqa.selenium.remote.RemoteWebDriver.findElementByXPath(RemoteWebDriver.java:428)
	at org.openqa.selenium.By$ByXPath.findElement(By.java:353)
	at org.openqa.selenium.remote.RemoteWebDriver.findElement(RemoteWebDriver.java:315)
	at utility.DriverPage.clickOn(DriverPage.java:155)
	at utility.DriverPage.selectTopMenu(DriverPage.java:397)
	at pages.Admin_UsersPage.selectAdminUsersMenu(Admin_UsersPage.java:25)
	at tests.ApplicationLogTest.testApplicationLogIsCreatedForUserCreated(ApplicationLogTest.java:271)
	at java.base/jdk.internal.reflect.NativeMethodAccessorImpl.invoke0(Native Method)
	at java.base/jdk.internal.reflect.NativeMethodAccessorImpl.invoke(NativeMethodAccessorImpl.java:77)
	at java.base/jdk.internal.reflect.DelegatingMethodAccessorImpl.invoke(DelegatingMethodAccessorImpl.java:43)
	at java.base/java.lang.reflect.Method.invoke(Method.java:568)
	at org.testng.internal.MethodInvocationHelper.invokeMethod(MethodInvocationHelper.java:133)
	at org.testng.internal.TestInvoker.invokeMethod(TestInvoker.java:598)
	at org.testng.internal.TestInvoker.invokeTestMethod(TestInvoker.java:173)
	at org.testng.internal.MethodRunner.runInSequence(MethodRunner.java:46)
	at org.testng.internal.TestInvoker$MethodInvocationAgent.invoke(TestInvoker.java:824)
	at org.testng.internal.TestInvoker.invokeTestMethods(TestInvoker.java:146)
	at org.testng.internal.TestMethodWorker.invokeTestMethods(TestMethodWorker.java:146)
	at org.testng.internal.TestMethodWorker.run(TestMethodWorker.java:128)
	at java.base/java.util.ArrayList.forEach(ArrayList.java:1511)
	at org.testng.TestRunner.privateRun(TestRunner.java:794)
	at org.testng.TestRunner.run(TestRunner.java:596)
	at org.testng.SuiteRunner.runTest(SuiteRunner.java:377)
	at org.testng.SuiteRunner.access$000(SuiteRunner.java:28)
	at org.testng.SuiteRunner$SuiteWorker.run(SuiteRunner.java:418)
	at org.testng.internal.thread.ThreadUtil.lambda$execute$0(ThreadUtil.java:64)
	at java.base/java.util.concurrent.FutureTask.run(FutureTask.java:264)
	at java.base/java.util.concurrent.ThreadPoolExecutor.runWorker(ThreadPoolExecutor.java:1136)
	at java.base/java.util.concurrent.ThreadPoolExecutor$Worker.run(ThreadPoolExecutor.java:635)
	at java.base/java.lang.Thread.run(Thread.java:833)
Jan 26,2022 20:30:59 [info]  Closing driver on platform: Windows 10
Jan 26,2022 20:31:47 [info]  Jan 26,2022 20:31:47 [info]  <<<<<<<<<<<<<<<<<<<<<<<<<<<<<<<<<< Error message >>>>>>>>>>>>>>>>>>>>>>>>>>>>>>
org.openqa.selenium.NoSuchElementException: no such element: Unable to locate element: {"method":"xpath","selector":"//p[text()='Administration']"}
  (Session info: chrome=97.0.4692.99)
For documentation on this error, please visit: https://www.seleniumhq.org/exceptions/no_such_element.html
Build info: version: '3.141.59', revision: 'e82be7d358', time: '2018-11-14T08:17:03'
System info: host: 'WIN-IAU3NU9P049', ip: '192.168.0.5', os.name: 'Windows 10', os.arch: 'amd64', os.version: '10.0', java.version: '17'
Driver info: org.openqa.selenium.chrome.ChromeDriver
Capabilities {acceptInsecureCerts: false, browserName: chrome, browserVersion: 97.0.4692.99, chrome: {chromedriverVersion: 96.0.4664.45 (76e4c1bb2ab46..., userDataDir: C:\Users\User\AppData\Local...}, goog:chromeOptions: {debuggerAddress: localhost:52714}, javascriptEnabled: true, networkConnectionEnabled: false, pageLoadStrategy: normal, platform: WINDOWS, platformName: WINDOWS, proxy: Proxy(), setWindowRect: true, strictFileInteractability: false, timeouts: {implicit: 0, pageLoad: 300000, script: 30000}, unhandledPromptBehavior: dismiss and notify, webauthn:extension:credBlob: true, webauthn:extension:largeBlob: true, webauthn:virtualAuthenticators: true}
Session ID: 7d00192b9738fc9bd52a935d4d7de1a1
*** Element info: {Using=xpath, value=//p[text()='Administration']}
	at java.base/jdk.internal.reflect.NativeConstructorAccessorImpl.newInstance0(Native Method)
	at java.base/jdk.internal.reflect.NativeConstructorAccessorImpl.newInstance(NativeConstructorAccessorImpl.java:77)
	at java.base/jdk.internal.reflect.DelegatingConstructorAccessorImpl.newInstance(DelegatingConstructorAccessorImpl.java:45)
	at java.base/java.lang.reflect.Constructor.newInstanceWithCaller(Constructor.java:499)
	at java.base/java.lang.reflect.Constructor.newInstance(Constructor.java:480)
	at org.openqa.selenium.remote.http.W3CHttpResponseCodec.createException(W3CHttpResponseCodec.java:187)
	at org.openqa.selenium.remote.http.W3CHttpResponseCodec.decode(W3CHttpResponseCodec.java:122)
	at org.openqa.selenium.remote.http.W3CHttpResponseCodec.decode(W3CHttpResponseCodec.java:49)
	at org.openqa.selenium.remote.HttpCommandExecutor.execute(HttpCommandExecutor.java:158)
	at org.openqa.selenium.remote.service.DriverCommandExecutor.execute(DriverCommandExecutor.java:83)
	at org.openqa.selenium.remote.RemoteWebDriver.execute(RemoteWebDriver.java:552)
	at org.openqa.selenium.remote.RemoteWebDriver.findElement(RemoteWebDriver.java:323)
	at org.openqa.selenium.remote.RemoteWebDriver.findElementByXPath(RemoteWebDriver.java:428)
	at org.openqa.selenium.By$ByXPath.findElement(By.java:353)
	at org.openqa.selenium.remote.RemoteWebDriver.findElement(RemoteWebDriver.java:315)
	at utility.DriverPage.clickOn(DriverPage.java:155)
	at utility.DriverPage.selectTopMenu(DriverPage.java:397)
	at pages.Admin_UsersPage.selectAdminUsersMenu(Admin_UsersPage.java:25)
	at tests.ApplicationLogTest.testApplicationLogIsCreatedForUserDeleted(ApplicationLogTest.java:340)
	at java.base/jdk.internal.reflect.NativeMethodAccessorImpl.invoke0(Native Method)
	at java.base/jdk.internal.reflect.NativeMethodAccessorImpl.invoke(NativeMethodAccessorImpl.java:77)
	at java.base/jdk.internal.reflect.DelegatingMethodAccessorImpl.invoke(DelegatingMethodAccessorImpl.java:43)
	at java.base/java.lang.reflect.Method.invoke(Method.java:568)
	at org.testng.internal.MethodInvocationHelper.invokeMethod(MethodInvocationHelper.java:133)
	at org.testng.internal.TestInvoker.invokeMethod(TestInvoker.java:598)
	at org.testng.internal.TestInvoker.invokeTestMethod(TestInvoker.java:173)
	at org.testng.internal.MethodRunner.runInSequence(MethodRunner.java:46)
	at org.testng.internal.TestInvoker$MethodInvocationAgent.invoke(TestInvoker.java:824)
	at org.testng.internal.TestInvoker.invokeTestMethods(TestInvoker.java:146)
	at org.testng.internal.TestMethodWorker.invokeTestMethods(TestMethodWorker.java:146)
	at org.testng.internal.TestMethodWorker.run(TestMethodWorker.java:128)
	at java.base/java.util.ArrayList.forEach(ArrayList.java:1511)
	at org.testng.TestRunner.privateRun(TestRunner.java:794)
	at org.testng.TestRunner.run(TestRunner.java:596)
	at org.testng.SuiteRunner.runTest(SuiteRunner.java:377)
	at org.testng.SuiteRunner.access$000(SuiteRunner.java:28)
	at org.testng.SuiteRunner$SuiteWorker.run(SuiteRunner.java:418)
	at org.testng.internal.thread.ThreadUtil.lambda$execute$0(ThreadUtil.java:64)
	at java.base/java.util.concurrent.FutureTask.run(FutureTask.java:264)
	at java.base/java.util.concurrent.ThreadPoolExecutor.runWorker(ThreadPoolExecutor.java:1136)
	at java.base/java.util.concurrent.ThreadPoolExecutor$Worker.run(ThreadPoolExecutor.java:635)
	at java.base/java.lang.Thread.run(Thread.java:833)
Jan 26,2022 20:31:49 [info]  Closing driver on platform: Windows 10
Jan 26,2022 20:32:32 [info]  Closing driver on platform: Windows 10
Jan 26,2022 20:33:45 [info]  Closing driver on platform: Windows 10
Jan 26,2022 20:34:26 [info]  Clicked on create alert button
Jan 26,2022 20:34:29 [info]  User enters name : nasim@auto64131
Jan 26,2022 20:34:31 [info]  User enters email : nasim@auto64131.com
Jan 26,2022 20:34:35 [info]  User selected roles for new user : Administrator
Jan 26,2022 20:34:37 [info]  User selected password option : Send email to user set password
Jan 26,2022 20:34:40 [info]  User clicked on Save button
Jan 26,2022 20:34:41 [info]  User is verified.
Jan 26,2022 20:34:45 [info]  Clicked on edit button to edit User
Jan 26,2022 20:34:51 [info]  User enters name : nasim@auto64131New
Jan 26,2022 20:34:55 [info]  User selected roles for new user : User Manager
Jan 26,2022 20:34:57 [info]  User clicked on Save button
Jan 26,2022 20:35:00 [info]  User is verified.
Jan 26,2022 20:35:23 [info]  Clicked on delete button to delete User
Jan 26,2022 20:35:32 [info]  Closing driver on platform: Windows 10
Jan 26,2022 20:36:07 [info]  Clicked on Filter Icon
Jan 26,2022 20:36:09 [info]  User has clicked on dropdown field: //label[text()='Action']/following-sibling::div//span[@class='k-input']
Jan 26,2022 20:36:11 [info]  User has selected dropdown option: //li[text()='Log In Failed']
Jan 26,2022 20:36:16 [info]  Clicked on 'OK' button at Filter Dialog
Jan 26,2022 20:36:20 [info]  User clicked on export button
Jan 26,2022 20:47:34 [info]  Clicked on create alert button
Jan 26,2022 20:47:42 [info]  Alert name entered.
Jan 26,2022 20:47:50 [info]  Email entered.
Jan 26,2022 20:47:51 [info]  Clicked on save button
Jan 26,2022 20:47:55 [info]  Clicked on Heade of Column : Name
Jan 26,2022 20:48:20 [info]  Clicked on delete button to delete alert
Jan 26,2022 20:48:31 [info]  Closing driver on platform: Windows 10
Jan 26,2022 20:49:10 [info]  Clicked on create alert button
Jan 26,2022 20:49:17 [info]  Alert name entered.
Jan 26,2022 20:49:25 [info]  Email entered.
Jan 26,2022 20:49:26 [info]  Clicked on save button
Jan 26,2022 20:49:32 [info]  Clicked on delete button to delete alert
Jan 26,2022 20:49:51 [info]  Closing driver on platform: Windows 10
Jan 26,2022 20:50:29 [info]  Clicked on create alert button
Jan 26,2022 20:50:36 [info]  Alert name entered.
Jan 26,2022 20:50:44 [info]  Email entered.
Jan 26,2022 20:50:45 [info]  Clicked on save button
Jan 26,2022 20:50:49 [info]  Clicked on edit button on alert
Jan 26,2022 20:50:54 [info]  Alert name entered.
Jan 26,2022 20:50:55 [info]  Clicked on save button
Jan 26,2022 20:50:58 [info]  Alert is verified.
Jan 26,2022 20:51:18 [info]  Clicked on delete button to delete alert
Jan 26,2022 20:51:29 [info]  Closing driver on platform: Windows 10
Jan 26,2022 20:51:54 [info]  Administration menu is selected.
Jan 26,2022 20:51:58 [info]  Endpoints-> Settings menu is selected.
Jan 26,2022 20:52:08 [info]  User clicked on Save button
Jan 26,2022 20:52:09 [info]  User verified changes are saved
Jan 26,2022 20:52:19 [info]  Closing driver on platform: Windows 10
Jan 26,2022 20:52:44 [info]  Administration menu is selected.
Jan 26,2022 20:52:49 [info]  Endpoints-> Settings menu is selected.
Jan 26,2022 20:52:59 [info]  User clicked on Save button
Jan 26,2022 20:53:00 [info]  User verified changes are saved
Jan 26,2022 20:53:11 [info]  Closing driver on platform: Windows 10
Jan 26,2022 20:53:52 [info]  Clicked on create alert button
Jan 26,2022 20:53:54 [info]  User enters name : nasim@auto74193
Jan 26,2022 20:53:57 [info]  User enters email : nasim@auto74193.com
Jan 26,2022 20:54:01 [info]  User selected roles for new user : Administrator
Jan 26,2022 20:54:03 [info]  User selected password option : Send email to user set password
Jan 26,2022 20:54:05 [info]  User clicked on Save button
Jan 26,2022 20:54:06 [info]  User is verified.
Jan 26,2022 20:54:28 [info]  Clicked on delete button to delete User
Jan 26,2022 20:54:37 [info]  Closing driver on platform: Windows 10
Jan 26,2022 20:55:18 [info]  Clicked on create alert button
Jan 26,2022 20:55:20 [info]  User enters name : nasim@auto74193
Jan 26,2022 20:55:23 [info]  User enters email : nasim@auto74193.com
Jan 26,2022 20:55:27 [info]  User selected roles for new user : Administrator
Jan 26,2022 20:55:29 [info]  User selected password option : Send email to user set password
Jan 26,2022 20:55:31 [info]  User clicked on Save button
Jan 26,2022 20:55:32 [info]  User is verified.
Jan 26,2022 20:55:34 [info]  Clicked on delete button to delete User
Jan 26,2022 20:55:52 [info]  Closing driver on platform: Windows 10
Jan 26,2022 20:56:24 [info]  Closing driver on platform: Windows 10
Jan 26,2022 20:57:34 [info]  Closing driver on platform: Windows 10
Jan 26,2022 20:58:15 [info]  Clicked on create alert button
Jan 26,2022 20:58:18 [info]  User enters name : nasim@auto74193
Jan 26,2022 20:58:20 [info]  User enters email : nasim@auto74193.com
Jan 26,2022 20:58:24 [info]  User selected roles for new user : Administrator
Jan 26,2022 20:58:26 [info]  User selected password option : Send email to user set password
Jan 26,2022 20:58:29 [info]  User clicked on Save button
Jan 26,2022 20:58:29 [info]  User is verified.
Jan 26,2022 20:58:33 [info]  Clicked on edit button to edit User
Jan 26,2022 20:58:38 [info]  User enters name : nasim@auto74193New
Jan 26,2022 20:58:43 [info]  User selected roles for new user : User Manager
Jan 26,2022 20:58:45 [info]  User clicked on Save button
Jan 26,2022 20:58:48 [info]  User is verified.
Jan 26,2022 20:59:10 [info]  Clicked on delete button to delete User
Jan 26,2022 20:59:19 [info]  Closing driver on platform: Windows 10
Jan 26,2022 20:59:53 [info]  Clicked on Filter Icon
Jan 26,2022 20:59:55 [info]  User has clicked on dropdown field: //label[text()='Action']/following-sibling::div//span[@class='k-input']
Jan 26,2022 20:59:56 [info]  User has selected dropdown option: //li[text()='Log In Failed']
Jan 26,2022 21:00:01 [info]  Clicked on 'OK' button at Filter Dialog
Jan 26,2022 21:00:06 [info]  User clicked on export button
Jan 26,2022 21:00:07 [info]  Jan 26,2022 21:00:07 [info]  <<<<<<<<<<<<<<<<<<<<<<<<<<<<<<<<<< Error message >>>>>>>>>>>>>>>>>>>>>>>>>>>>>>
org.openqa.selenium.interactions.MoveTargetOutOfBoundsException: move target out of bounds
  (Session info: chrome=97.0.4692.99)
Build info: version: '3.141.59', revision: 'e82be7d358', time: '2018-11-14T08:17:03'
System info: host: 'WIN-IAU3NU9P049', ip: '192.168.0.5', os.name: 'Windows 10', os.arch: 'amd64', os.version: '10.0', java.version: '17'
Driver info: org.openqa.selenium.chrome.ChromeDriver
Capabilities {acceptInsecureCerts: false, browserName: chrome, browserVersion: 97.0.4692.99, chrome: {chromedriverVersion: 96.0.4664.45 (76e4c1bb2ab46..., userDataDir: C:\Users\User\AppData\Local...}, goog:chromeOptions: {debuggerAddress: localhost:54702}, javascriptEnabled: true, networkConnectionEnabled: false, pageLoadStrategy: normal, platform: WINDOWS, platformName: WINDOWS, proxy: Proxy(), setWindowRect: true, strictFileInteractability: false, timeouts: {implicit: 0, pageLoad: 300000, script: 30000}, unhandledPromptBehavior: dismiss and notify, webauthn:extension:credBlob: true, webauthn:extension:largeBlob: true, webauthn:virtualAuthenticators: true}
Session ID: d57330e162723e8aae909594537c8385
	at java.base/jdk.internal.reflect.NativeConstructorAccessorImpl.newInstance0(Native Method)
	at java.base/jdk.internal.reflect.NativeConstructorAccessorImpl.newInstance(NativeConstructorAccessorImpl.java:77)
	at java.base/jdk.internal.reflect.DelegatingConstructorAccessorImpl.newInstance(DelegatingConstructorAccessorImpl.java:45)
	at java.base/java.lang.reflect.Constructor.newInstanceWithCaller(Constructor.java:499)
	at java.base/java.lang.reflect.Constructor.newInstance(Constructor.java:480)
	at org.openqa.selenium.remote.http.W3CHttpResponseCodec.createException(W3CHttpResponseCodec.java:187)
	at org.openqa.selenium.remote.http.W3CHttpResponseCodec.decode(W3CHttpResponseCodec.java:122)
	at org.openqa.selenium.remote.http.W3CHttpResponseCodec.decode(W3CHttpResponseCodec.java:49)
	at org.openqa.selenium.remote.HttpCommandExecutor.execute(HttpCommandExecutor.java:158)
	at org.openqa.selenium.remote.service.DriverCommandExecutor.execute(DriverCommandExecutor.java:83)
	at org.openqa.selenium.remote.RemoteWebDriver.execute(RemoteWebDriver.java:552)
	at org.openqa.selenium.remote.RemoteWebDriver.perform(RemoteWebDriver.java:618)
	at org.openqa.selenium.interactions.Actions$BuiltAction.perform(Actions.java:639)
	at utility.DriverPage.mouseOver(DriverPage.java:146)
	at pages.Admin_ApplicationLogPage.downloadExportedFileEventsInSelectedFormats(Admin_ApplicationLogPage.java:149)
	at tests.ApplicationLogTest.testUserIsAbleExportAndDownloadPageEventsInSelectedFormatsByUser(ApplicationLogTest.java:584)
	at java.base/jdk.internal.reflect.NativeMethodAccessorImpl.invoke0(Native Method)
	at java.base/jdk.internal.reflect.NativeMethodAccessorImpl.invoke(NativeMethodAccessorImpl.java:77)
	at java.base/jdk.internal.reflect.DelegatingMethodAccessorImpl.invoke(DelegatingMethodAccessorImpl.java:43)
	at java.base/java.lang.reflect.Method.invoke(Method.java:568)
	at org.testng.internal.MethodInvocationHelper.invokeMethod(MethodInvocationHelper.java:133)
	at org.testng.internal.TestInvoker.invokeMethod(TestInvoker.java:598)
	at org.testng.internal.TestInvoker.invokeTestMethod(TestInvoker.java:173)
	at org.testng.internal.MethodRunner.runInSequence(MethodRunner.java:46)
	at org.testng.internal.TestInvoker$MethodInvocationAgent.invoke(TestInvoker.java:824)
	at org.testng.internal.TestInvoker.invokeTestMethods(TestInvoker.java:146)
	at org.testng.internal.TestMethodWorker.invokeTestMethods(TestMethodWorker.java:146)
	at org.testng.internal.TestMethodWorker.run(TestMethodWorker.java:128)
	at java.base/java.util.ArrayList.forEach(ArrayList.java:1511)
	at org.testng.TestRunner.privateRun(TestRunner.java:794)
	at org.testng.TestRunner.run(TestRunner.java:596)
	at org.testng.SuiteRunner.runTest(SuiteRunner.java:377)
	at org.testng.SuiteRunner.access$000(SuiteRunner.java:28)
	at org.testng.SuiteRunner$SuiteWorker.run(SuiteRunner.java:418)
	at org.testng.internal.thread.ThreadUtil.lambda$execute$0(ThreadUtil.java:64)
	at java.base/java.util.concurrent.FutureTask.run(FutureTask.java:264)
	at java.base/java.util.concurrent.ThreadPoolExecutor.runWorker(ThreadPoolExecutor.java:1136)
	at java.base/java.util.concurrent.ThreadPoolExecutor$Worker.run(ThreadPoolExecutor.java:635)
	at java.base/java.lang.Thread.run(Thread.java:833)
Jan 26,2022 21:00:18 [info]  Jan 26,2022 21:00:18 [info]  <<<<<<<<<<<<<<<<<<<<<<<<<<<<<<<<<< Error message >>>>>>>>>>>>>>>>>>>>>>>>>>>>>>
org.openqa.selenium.ElementNotInteractableException: element not interactable
  (Session info: chrome=97.0.4692.99)
Build info: version: '3.141.59', revision: 'e82be7d358', time: '2018-11-14T08:17:03'
System info: host: 'WIN-IAU3NU9P049', ip: '192.168.0.5', os.name: 'Windows 10', os.arch: 'amd64', os.version: '10.0', java.version: '17'
Driver info: org.openqa.selenium.chrome.ChromeDriver
Capabilities {acceptInsecureCerts: false, browserName: chrome, browserVersion: 97.0.4692.99, chrome: {chromedriverVersion: 96.0.4664.45 (76e4c1bb2ab46..., userDataDir: C:\Users\User\AppData\Local...}, goog:chromeOptions: {debuggerAddress: localhost:54702}, javascriptEnabled: true, networkConnectionEnabled: false, pageLoadStrategy: normal, platform: WINDOWS, platformName: WINDOWS, proxy: Proxy(), setWindowRect: true, strictFileInteractability: false, timeouts: {implicit: 0, pageLoad: 300000, script: 30000}, unhandledPromptBehavior: dismiss and notify, webauthn:extension:credBlob: true, webauthn:extension:largeBlob: true, webauthn:virtualAuthenticators: true}
Session ID: d57330e162723e8aae909594537c8385
	at java.base/jdk.internal.reflect.NativeConstructorAccessorImpl.newInstance0(Native Method)
	at java.base/jdk.internal.reflect.NativeConstructorAccessorImpl.newInstance(NativeConstructorAccessorImpl.java:77)
	at java.base/jdk.internal.reflect.DelegatingConstructorAccessorImpl.newInstance(DelegatingConstructorAccessorImpl.java:45)
	at java.base/java.lang.reflect.Constructor.newInstanceWithCaller(Constructor.java:499)
	at java.base/java.lang.reflect.Constructor.newInstance(Constructor.java:480)
	at org.openqa.selenium.remote.http.W3CHttpResponseCodec.createException(W3CHttpResponseCodec.java:187)
	at org.openqa.selenium.remote.http.W3CHttpResponseCodec.decode(W3CHttpResponseCodec.java:122)
	at org.openqa.selenium.remote.http.W3CHttpResponseCodec.decode(W3CHttpResponseCodec.java:49)
	at org.openqa.selenium.remote.HttpCommandExecutor.execute(HttpCommandExecutor.java:158)
	at org.openqa.selenium.remote.service.DriverCommandExecutor.execute(DriverCommandExecutor.java:83)
	at org.openqa.selenium.remote.RemoteWebDriver.execute(RemoteWebDriver.java:552)
	at org.openqa.selenium.remote.RemoteWebElement.execute(RemoteWebElement.java:285)
	at org.openqa.selenium.remote.RemoteWebElement.click(RemoteWebElement.java:84)
	at utility.DriverPage.clickOn(DriverPage.java:155)
	at pages.Admin_ApplicationLogPage.clickOnCloseButtonOnExportPopUp(Admin_ApplicationLogPage.java:141)
	at tests.ApplicationLogTest.testUserIsAbleExportAndDownloadPageEventsInSelectedFormatsByUser(ApplicationLogTest.java:596)
	at java.base/jdk.internal.reflect.NativeMethodAccessorImpl.invoke0(Native Method)
	at java.base/jdk.internal.reflect.NativeMethodAccessorImpl.invoke(NativeMethodAccessorImpl.java:77)
	at java.base/jdk.internal.reflect.DelegatingMethodAccessorImpl.invoke(DelegatingMethodAccessorImpl.java:43)
	at java.base/java.lang.reflect.Method.invoke(Method.java:568)
	at org.testng.internal.MethodInvocationHelper.invokeMethod(MethodInvocationHelper.java:133)
	at org.testng.internal.TestInvoker.invokeMethod(TestInvoker.java:598)
	at org.testng.internal.TestInvoker.invokeTestMethod(TestInvoker.java:173)
	at org.testng.internal.MethodRunner.runInSequence(MethodRunner.java:46)
	at org.testng.internal.TestInvoker$MethodInvocationAgent.invoke(TestInvoker.java:824)
	at org.testng.internal.TestInvoker.invokeTestMethods(TestInvoker.java:146)
	at org.testng.internal.TestMethodWorker.invokeTestMethods(TestMethodWorker.java:146)
	at org.testng.internal.TestMethodWorker.run(TestMethodWorker.java:128)
	at java.base/java.util.ArrayList.forEach(ArrayList.java:1511)
	at org.testng.TestRunner.privateRun(TestRunner.java:794)
	at org.testng.TestRunner.run(TestRunner.java:596)
	at org.testng.SuiteRunner.runTest(SuiteRunner.java:377)
	at org.testng.SuiteRunner.access$000(SuiteRunner.java:28)
	at org.testng.SuiteRunner$SuiteWorker.run(SuiteRunner.java:418)
	at org.testng.internal.thread.ThreadUtil.lambda$execute$0(ThreadUtil.java:64)
	at java.base/java.util.concurrent.FutureTask.run(FutureTask.java:264)
	at java.base/java.util.concurrent.ThreadPoolExecutor.runWorker(ThreadPoolExecutor.java:1136)
	at java.base/java.util.concurrent.ThreadPoolExecutor$Worker.run(ThreadPoolExecutor.java:635)
	at java.base/java.lang.Thread.run(Thread.java:833)
Jan 26,2022 21:00:19 [info]  Closing driver on platform: Windows 10
Jan 26,2022 21:00:54 [info]  Clicked on Filter Icon
Jan 26,2022 21:00:56 [info]  User has clicked on dropdown field: //label[text()='Action']/following-sibling::div//span[@class='k-input']
Jan 26,2022 21:00:57 [info]  User has selected dropdown option: //li[text()='Modified']
Jan 26,2022 21:01:02 [info]  Clicked on 'OK' button at Filter Dialog
Jan 26,2022 21:01:03 [info]  Verified that 'Modified' contains : 'Modified' under the column : 'Action
Jan 26,2022 21:01:03 [info]  Verified that 'Modified' contains : 'Modified' under the column : 'Action
Jan 26,2022 21:01:03 [info]  Verified that 'Modified' contains : 'Modified' under the column : 'Action
Jan 26,2022 21:01:03 [info]  Verified that 'Modified' contains : 'Modified' under the column : 'Action
Jan 26,2022 21:01:03 [info]  Verified that 'Modified' contains : 'Modified' under the column : 'Action
Jan 26,2022 21:01:03 [info]  Verified that 'Modified' contains : 'Modified' under the column : 'Action
Jan 26,2022 21:01:03 [info]  Verified that 'Modified' contains : 'Modified' under the column : 'Action
Jan 26,2022 21:01:03 [info]  Verified that 'Modified' contains : 'Modified' under the column : 'Action
Jan 26,2022 21:01:03 [info]  Verified that 'Modified' contains : 'Modified' under the column : 'Action
Jan 26,2022 21:01:03 [info]  Verified that 'Modified' contains : 'Modified' under the column : 'Action
Jan 26,2022 21:01:03 [info]  Verified that 'Modified' contains : 'Modified' under the column : 'Action
Jan 26,2022 21:01:03 [info]  Verified that 'Modified' contains : 'Modified' under the column : 'Action
Jan 26,2022 21:01:03 [info]  Verified that 'Modified' contains : 'Modified' under the column : 'Action
Jan 26,2022 21:01:03 [info]  Verified that 'Modified' contains : 'Modified' under the column : 'Action
Jan 26,2022 21:01:03 [info]  Verified that 'Modified' contains : 'Modified' under the column : 'Action
Jan 26,2022 21:01:03 [info]  Verified that 'Modified' contains : 'Modified' under the column : 'Action
Jan 26,2022 21:01:03 [info]  Verified that 'Modified' contains : 'Modified' under the column : 'Action
Jan 26,2022 21:01:03 [info]  Verified that 'Modified' contains : 'Modified' under the column : 'Action
Jan 26,2022 21:01:04 [info]  Verified that 'Modified' contains : 'Modified' under the column : 'Action
Jan 26,2022 21:01:04 [info]  Verified that 'Modified' contains : 'Modified' under the column : 'Action
Jan 26,2022 21:01:04 [info]  Verified that 'Modified' contains : 'Modified' under the column : 'Action
Jan 26,2022 21:01:04 [info]  Verified that 'Modified' contains : 'Modified' under the column : 'Action
Jan 26,2022 21:01:04 [info]  Verified that 'Modified' contains : 'Modified' under the column : 'Action
Jan 26,2022 21:01:04 [info]  Verified that 'Modified' contains : 'Modified' under the column : 'Action
Jan 26,2022 21:01:04 [info]  Verified that 'Modified' contains : 'Modified' under the column : 'Action
Jan 26,2022 21:01:04 [info]  Verified that 'Modified' contains : 'Modified' under the column : 'Action
Jan 26,2022 21:01:04 [info]  Verified that 'Modified' contains : 'Modified' under the column : 'Action
Jan 26,2022 21:01:04 [info]  Verified that 'Modified' contains : 'Modified' under the column : 'Action
Jan 26,2022 21:01:04 [info]  Verified that 'Modified' contains : 'Modified' under the column : 'Action
Jan 26,2022 21:01:04 [info]  Verified that 'Modified' contains : 'Modified' under the column : 'Action
Jan 26,2022 21:01:08 [info]  Clicked on Filter Icon
Jan 26,2022 21:01:12 [info]  Clicked on 'CLEAR' button at Filter Dialog
Jan 26,2022 21:01:16 [info]  Clicked on 'OK' button at Filter Dialog
Jan 26,2022 21:01:17 [info]  Closing driver on platform: Windows 10
Jan 26,2022 21:01:52 [info]  Clicked on Filter Icon
Jan 26,2022 21:01:54 [info]  User has clicked on dropdown field: //label[text()='Object']/following-sibling::div//span[@class='k-input']
Jan 26,2022 21:01:55 [info]  User has selected dropdown option: //li[text()='Contains']
Jan 26,2022 21:02:01 [info]  User has clicked on dropdown field: //label[text()='Object']/..//input
Jan 26,2022 21:02:05 [info]  Clicked on 'OK' button at Filter Dialog
Jan 26,2022 21:02:07 [info]  Verified that 'nakhter@qa.local' contains : 'nakhter' under the column : 'Object
Jan 26,2022 21:02:07 [info]  Verified that 'nakhter@qa.local' contains : 'nakhter' under the column : 'Object
Jan 26,2022 21:02:07 [info]  Verified that 'nakhter@qa.local' contains : 'nakhter' under the column : 'Object
Jan 26,2022 21:02:07 [info]  Verified that 'nakhter@qa.local' contains : 'nakhter' under the column : 'Object
Jan 26,2022 21:02:07 [info]  Verified that 'nakhter@qa.local' contains : 'nakhter' under the column : 'Object
Jan 26,2022 21:02:07 [info]  Verified that 'nakhter@qa.local' contains : 'nakhter' under the column : 'Object
Jan 26,2022 21:02:07 [info]  Verified that 'nakhter@qa.local' contains : 'nakhter' under the column : 'Object
Jan 26,2022 21:02:07 [info]  Verified that 'nakhter@qa.local' contains : 'nakhter' under the column : 'Object
Jan 26,2022 21:02:07 [info]  Verified that 'nakhter@qa.local' contains : 'nakhter' under the column : 'Object
Jan 26,2022 21:02:07 [info]  Verified that 'nakhter@qa.local' contains : 'nakhter' under the column : 'Object
Jan 26,2022 21:02:07 [info]  Verified that 'nakhter@qa.local' contains : 'nakhter' under the column : 'Object
Jan 26,2022 21:02:07 [info]  Verified that 'nakhter@qa.local' contains : 'nakhter' under the column : 'Object
Jan 26,2022 21:02:07 [info]  Verified that 'nakhter@qa.local' contains : 'nakhter' under the column : 'Object
Jan 26,2022 21:02:07 [info]  Verified that 'nakhter@qa.local' contains : 'nakhter' under the column : 'Object
Jan 26,2022 21:02:07 [info]  Verified that 'nakhter@qa.local' contains : 'nakhter' under the column : 'Object
Jan 26,2022 21:02:07 [info]  Verified that 'nakhter@qa.local' contains : 'nakhter' under the column : 'Object
Jan 26,2022 21:02:07 [info]  Verified that 'nakhter@qa.local' contains : 'nakhter' under the column : 'Object
Jan 26,2022 21:02:07 [info]  Verified that 'nakhter@qa.local' contains : 'nakhter' under the column : 'Object
Jan 26,2022 21:02:07 [info]  Verified that 'nakhter@qa.local' contains : 'nakhter' under the column : 'Object
Jan 26,2022 21:02:07 [info]  Verified that 'nakhter@qa.local' contains : 'nakhter' under the column : 'Object
Jan 26,2022 21:02:07 [info]  Verified that 'nakhter@qa.local' contains : 'nakhter' under the column : 'Object
Jan 26,2022 21:02:07 [info]  Verified that 'nakhter@qa.local' contains : 'nakhter' under the column : 'Object
Jan 26,2022 21:02:07 [info]  Verified that 'nakhter@qa.local' contains : 'nakhter' under the column : 'Object
Jan 26,2022 21:02:07 [info]  Verified that 'nakhter@qa.local' contains : 'nakhter' under the column : 'Object
Jan 26,2022 21:02:07 [info]  Verified that 'nakhter@qa.local' contains : 'nakhter' under the column : 'Object
Jan 26,2022 21:02:07 [info]  Verified that 'nakhter@qa.local' contains : 'nakhter' under the column : 'Object
Jan 26,2022 21:02:07 [info]  Verified that 'nakhter@qa.local' contains : 'nakhter' under the column : 'Object
Jan 26,2022 21:02:07 [info]  Verified that 'nakhter@qa.local' contains : 'nakhter' under the column : 'Object
Jan 26,2022 21:02:07 [info]  Verified that 'nakhter@qa.local' contains : 'nakhter' under the column : 'Object
Jan 26,2022 21:02:07 [info]  Verified that 'nakhter@qa.local' contains : 'nakhter' under the column : 'Object
Jan 26,2022 21:02:11 [info]  Clicked on Filter Icon
Jan 26,2022 21:02:15 [info]  Clicked on 'CLEAR' button at Filter Dialog
Jan 26,2022 21:02:19 [info]  Clicked on 'OK' button at Filter Dialog
Jan 26,2022 21:02:21 [info]  Closing driver on platform: Windows 10
Jan 26,2022 21:02:58 [info]  Clicked on Filter Icon
Jan 26,2022 21:03:00 [info]  User has clicked on dropdown field: //label[text()='Object Type']/following-sibling::div//span[@class='k-input']
Jan 26,2022 21:03:01 [info]  User has selected dropdown option: //li[text()='User']
Jan 26,2022 21:03:06 [info]  Clicked on 'OK' button at Filter Dialog
Jan 26,2022 21:03:07 [info]  Verified that 'User' contains : 'User' under the column : 'Object Type
Jan 26,2022 21:03:07 [info]  Verified that 'User' contains : 'User' under the column : 'Object Type
Jan 26,2022 21:03:07 [info]  Verified that 'User' contains : 'User' under the column : 'Object Type
Jan 26,2022 21:03:07 [info]  Verified that 'User' contains : 'User' under the column : 'Object Type
Jan 26,2022 21:03:07 [info]  Verified that 'User' contains : 'User' under the column : 'Object Type
Jan 26,2022 21:03:07 [info]  Verified that 'User' contains : 'User' under the column : 'Object Type
Jan 26,2022 21:03:07 [info]  Verified that 'User' contains : 'User' under the column : 'Object Type
Jan 26,2022 21:03:08 [info]  Verified that 'User' contains : 'User' under the column : 'Object Type
Jan 26,2022 21:03:08 [info]  Verified that 'User' contains : 'User' under the column : 'Object Type
Jan 26,2022 21:03:08 [info]  Verified that 'User' contains : 'User' under the column : 'Object Type
Jan 26,2022 21:03:08 [info]  Verified that 'User' contains : 'User' under the column : 'Object Type
Jan 26,2022 21:03:08 [info]  Verified that 'User' contains : 'User' under the column : 'Object Type
Jan 26,2022 21:03:08 [info]  Verified that 'User' contains : 'User' under the column : 'Object Type
Jan 26,2022 21:03:08 [info]  Verified that 'User' contains : 'User' under the column : 'Object Type
Jan 26,2022 21:03:08 [info]  Verified that 'User' contains : 'User' under the column : 'Object Type
Jan 26,2022 21:03:08 [info]  Verified that 'User' contains : 'User' under the column : 'Object Type
Jan 26,2022 21:03:08 [info]  Verified that 'User' contains : 'User' under the column : 'Object Type
Jan 26,2022 21:03:08 [info]  Verified that 'User' contains : 'User' under the column : 'Object Type
Jan 26,2022 21:03:08 [info]  Verified that 'User' contains : 'User' under the column : 'Object Type
Jan 26,2022 21:03:08 [info]  Verified that 'User' contains : 'User' under the column : 'Object Type
Jan 26,2022 21:03:08 [info]  Verified that 'User' contains : 'User' under the column : 'Object Type
Jan 26,2022 21:03:08 [info]  Verified that 'User' contains : 'User' under the column : 'Object Type
Jan 26,2022 21:03:08 [info]  Verified that 'User' contains : 'User' under the column : 'Object Type
Jan 26,2022 21:03:08 [info]  Verified that 'User' contains : 'User' under the column : 'Object Type
Jan 26,2022 21:03:08 [info]  Verified that 'User' contains : 'User' under the column : 'Object Type
Jan 26,2022 21:03:08 [info]  Verified that 'User' contains : 'User' under the column : 'Object Type
Jan 26,2022 21:03:08 [info]  Verified that 'User' contains : 'User' under the column : 'Object Type
Jan 26,2022 21:03:08 [info]  Verified that 'User' contains : 'User' under the column : 'Object Type
Jan 26,2022 21:03:08 [info]  Verified that 'User' contains : 'User' under the column : 'Object Type
Jan 26,2022 21:03:08 [info]  Verified that 'User' contains : 'User' under the column : 'Object Type
Jan 26,2022 21:03:12 [info]  Clicked on Filter Icon
Jan 26,2022 21:03:16 [info]  Clicked on 'CLEAR' button at Filter Dialog
Jan 26,2022 21:03:20 [info]  Clicked on 'OK' button at Filter Dialog
Jan 26,2022 21:03:22 [info]  Closing driver on platform: Windows 10
Jan 26,2022 21:03:58 [info]  Clicked on Filter Icon
Jan 26,2022 21:04:00 [info]  User has clicked on dropdown field: //label[text()='User']/following-sibling::div//span[@class='k-input']
Jan 26,2022 21:04:01 [info]  User has selected dropdown option: //li[text()='Contains']
Jan 26,2022 21:04:08 [info]  User has clicked on dropdown field: //label[text()='User']/..//input
Jan 26,2022 21:04:12 [info]  Clicked on 'OK' button at Filter Dialog
Jan 26,2022 21:04:13 [info]  Verified that 'nakhter@qa.local' contains : 'nakhter' under the column : 'User
Jan 26,2022 21:04:13 [info]  Verified that 'nakhter@qa.local' contains : 'nakhter' under the column : 'User
Jan 26,2022 21:04:13 [info]  Verified that 'nakhter@qa.local' contains : 'nakhter' under the column : 'User
Jan 26,2022 21:04:13 [info]  Verified that 'nakhter@qa.local' contains : 'nakhter' under the column : 'User
Jan 26,2022 21:04:13 [info]  Verified that 'nakhter@qa.local' contains : 'nakhter' under the column : 'User
Jan 26,2022 21:04:13 [info]  Verified that 'nakhter@qa.local' contains : 'nakhter' under the column : 'User
Jan 26,2022 21:04:13 [info]  Verified that 'nakhter@qa.local' contains : 'nakhter' under the column : 'User
Jan 26,2022 21:04:13 [info]  Verified that 'nakhter@qa.local' contains : 'nakhter' under the column : 'User
Jan 26,2022 21:04:13 [info]  Verified that 'nakhter@qa.local' contains : 'nakhter' under the column : 'User
Jan 26,2022 21:04:13 [info]  Verified that 'nakhter@qa.local' contains : 'nakhter' under the column : 'User
Jan 26,2022 21:04:13 [info]  Verified that 'nakhter@qa.local' contains : 'nakhter' under the column : 'User
Jan 26,2022 21:04:13 [info]  Verified that 'nakhter@qa.local' contains : 'nakhter' under the column : 'User
Jan 26,2022 21:04:13 [info]  Verified that 'nakhter@qa.local' contains : 'nakhter' under the column : 'User
Jan 26,2022 21:04:13 [info]  Verified that 'nakhter@qa.local' contains : 'nakhter' under the column : 'User
Jan 26,2022 21:04:13 [info]  Verified that 'nakhter@qa.local' contains : 'nakhter' under the column : 'User
Jan 26,2022 21:04:13 [info]  Verified that 'nakhter@qa.local' contains : 'nakhter' under the column : 'User
Jan 26,2022 21:04:13 [info]  Verified that 'nakhter@qa.local' contains : 'nakhter' under the column : 'User
Jan 26,2022 21:04:13 [info]  Verified that 'nakhter@qa.local' contains : 'nakhter' under the column : 'User
Jan 26,2022 21:04:13 [info]  Verified that 'nakhter@qa.local' contains : 'nakhter' under the column : 'User
Jan 26,2022 21:04:13 [info]  Verified that 'nakhter@qa.local' contains : 'nakhter' under the column : 'User
Jan 26,2022 21:04:13 [info]  Verified that 'nakhter@qa.local' contains : 'nakhter' under the column : 'User
Jan 26,2022 21:04:13 [info]  Verified that 'nakhter@qa.local' contains : 'nakhter' under the column : 'User
Jan 26,2022 21:04:13 [info]  Verified that 'nakhter@qa.local' contains : 'nakhter' under the column : 'User
Jan 26,2022 21:04:13 [info]  Verified that 'nakhter@qa.local' contains : 'nakhter' under the column : 'User
Jan 26,2022 21:04:13 [info]  Verified that 'nakhter@qa.local' contains : 'nakhter' under the column : 'User
Jan 26,2022 21:04:13 [info]  Verified that 'nakhter@qa.local' contains : 'nakhter' under the column : 'User
Jan 26,2022 21:04:13 [info]  Verified that 'nakhter@qa.local' contains : 'nakhter' under the column : 'User
Jan 26,2022 21:04:13 [info]  Verified that 'nakhter@qa.local' contains : 'nakhter' under the column : 'User
Jan 26,2022 21:04:13 [info]  Verified that 'nakhter@qa.local' contains : 'nakhter' under the column : 'User
Jan 26,2022 21:04:13 [info]  Verified that 'nakhter@qa.local' contains : 'nakhter' under the column : 'User
Jan 26,2022 21:04:17 [info]  Clicked on Filter Icon
Jan 26,2022 21:04:21 [info]  Clicked on 'CLEAR' button at Filter Dialog
Jan 26,2022 21:04:26 [info]  Clicked on 'OK' button at Filter Dialog
Jan 26,2022 21:04:27 [info]  Closing driver on platform: Windows 10
Jan 26,2022 21:04:28 [info]  TestrailProjectName:  Arexdata
Jan 26,2022 21:04:28 [info]  TestrailRunName:  AutomatedTestCases
Jan 26,2022 21:07:15 [info]  filter Button is present true
Jan 26,2022 21:07:16 [info]  refresh button is present true
Jan 26,2022 21:07:16 [info]  export button is presenttrue
Jan 26,2022 21:07:22 [info]  Closing driver on platform: Windows 10
Jan 26,2022 21:08:12 [info]  Clicked on Filter Icon
Jan 26,2022 21:08:14 [info]  User has clicked on dropdown field: //label[text()='Alias']/following-sibling::div//span[@class='k-input']
Jan 26,2022 21:08:15 [info]  User has selected dropdown option: //li[text()='Contains']
Jan 26,2022 21:08:22 [info]  User has clicked on dropdown field: //label[text()='Alias']/..//input
Jan 26,2022 21:08:26 [info]  Clicked on 'OK' button at Filter Dialog
Jan 26,2022 21:08:30 [info]  Clicked on Filter Icon
Jan 26,2022 21:08:34 [info]  Clicked on 'CLEAR' button at Filter Dialog
Jan 26,2022 21:08:38 [info]  Clicked on 'OK' button at Filter Dialog
Jan 26,2022 21:08:40 [info]  Closing driver on platform: Windows 10
Jan 26,2022 21:09:29 [info]  Clicked on Filter Icon
Jan 26,2022 21:09:31 [info]  User has clicked on dropdown field: //label[text()='Alias']/following-sibling::div//span[@class='k-input']
Jan 26,2022 21:09:32 [info]  User has selected dropdown option: //li[text()='Equals']
Jan 26,2022 21:09:39 [info]  User has clicked on dropdown field: //label[text()='Alias']/..//input
Jan 26,2022 21:09:43 [info]  Clicked on 'OK' button at Filter Dialog
Jan 26,2022 21:09:47 [info]  Clicked on Filter Icon
Jan 26,2022 21:09:51 [info]  Clicked on 'CLEAR' button at Filter Dialog
Jan 26,2022 21:09:55 [info]  Clicked on 'OK' button at Filter Dialog
Jan 26,2022 21:09:57 [info]  Closing driver on platform: Windows 10
Jan 26,2022 21:10:47 [info]  Clicked on Filter Icon
Jan 26,2022 21:10:49 [info]  User has clicked on dropdown field: //label[text()='Alias']/following-sibling::div//span[@class='k-input']
Jan 26,2022 21:10:50 [info]  User has selected dropdown option: //li[text()='Start With']
Jan 26,2022 21:10:56 [info]  User has clicked on dropdown field: //label[text()='Alias']/..//input
Jan 26,2022 21:11:01 [info]  Clicked on 'OK' button at Filter Dialog
Jan 26,2022 21:11:05 [info]  Clicked on Filter Icon
Jan 26,2022 21:11:09 [info]  Clicked on 'CLEAR' button at Filter Dialog
Jan 26,2022 21:11:13 [info]  Clicked on 'OK' button at Filter Dialog
Jan 26,2022 21:11:14 [info]  Closing driver on platform: Windows 10
Jan 26,2022 21:12:03 [info]  Clicked on Filter Icon
Jan 26,2022 21:12:05 [info]  User has clicked on dropdown field: //label[text()='Local IP']/following-sibling::div//span[@class='k-input']
Jan 26,2022 21:12:06 [info]  User has selected dropdown option: //li[text()='Contains']
Jan 26,2022 21:12:13 [info]  User has clicked on dropdown field: //label[text()='Local IP']/..//input
Jan 26,2022 21:12:17 [info]  Clicked on 'OK' button at Filter Dialog
Jan 26,2022 21:12:21 [info]  Clicked on Filter Icon
Jan 26,2022 21:12:25 [info]  Clicked on 'CLEAR' button at Filter Dialog
Jan 26,2022 21:12:30 [info]  Clicked on 'OK' button at Filter Dialog
Jan 26,2022 21:12:31 [info]  Closing driver on platform: Windows 10
Jan 26,2022 21:13:20 [info]  Clicked on Filter Icon
Jan 26,2022 21:13:22 [info]  User has clicked on dropdown field: //label[text()='Local IP']/following-sibling::div//span[@class='k-input']
Jan 26,2022 21:13:23 [info]  User has selected dropdown option: //li[text()='Equals']
Jan 26,2022 21:13:29 [info]  User has clicked on dropdown field: //label[text()='Local IP']/..//input
Jan 26,2022 21:13:34 [info]  Clicked on 'OK' button at Filter Dialog
Jan 26,2022 21:13:38 [info]  Clicked on Filter Icon
Jan 26,2022 21:13:42 [info]  Clicked on 'CLEAR' button at Filter Dialog
Jan 26,2022 21:13:46 [info]  Clicked on 'OK' button at Filter Dialog
Jan 26,2022 21:13:48 [info]  Closing driver on platform: Windows 10
Jan 26,2022 21:14:36 [info]  Clicked on Filter Icon
Jan 26,2022 21:14:38 [info]  User has clicked on dropdown field: //label[text()='Local IP']/following-sibling::div//span[@class='k-input']
Jan 26,2022 21:14:39 [info]  User has selected dropdown option: //li[text()='Start With']
Jan 26,2022 21:14:46 [info]  User has clicked on dropdown field: //label[text()='Local IP']/..//input
Jan 26,2022 21:14:50 [info]  Clicked on 'OK' button at Filter Dialog
Jan 26,2022 21:14:54 [info]  Clicked on Filter Icon
Jan 26,2022 21:14:58 [info]  Clicked on 'CLEAR' button at Filter Dialog
Jan 26,2022 21:15:02 [info]  Clicked on 'OK' button at Filter Dialog
Jan 26,2022 21:15:04 [info]  Closing driver on platform: Windows 10
Jan 26,2022 21:15:53 [info]  Clicked on Filter Icon
Jan 26,2022 21:15:55 [info]  User has clicked on dropdown field: //label[text()='Machine Name']/following-sibling::div//span[@class='k-input']
Jan 26,2022 21:15:56 [info]  User has selected dropdown option: //li[text()='Contains']
Jan 26,2022 21:16:03 [info]  User has clicked on dropdown field: //label[text()='Machine Name']/..//input
Jan 26,2022 21:16:07 [info]  Clicked on 'OK' button at Filter Dialog
Jan 26,2022 21:16:11 [info]  Clicked on Filter Icon
Jan 26,2022 21:16:15 [info]  Clicked on 'CLEAR' button at Filter Dialog
Jan 26,2022 21:16:19 [info]  Clicked on 'OK' button at Filter Dialog
Jan 26,2022 21:16:20 [info]  Closing driver on platform: Windows 10
Jan 26,2022 21:17:11 [info]  Clicked on Filter Icon
Jan 26,2022 21:17:13 [info]  User has clicked on dropdown field: //label[text()='Machine Name']/following-sibling::div//span[@class='k-input']
Jan 26,2022 21:17:14 [info]  User has selected dropdown option: //li[text()='Equals']
Jan 26,2022 21:17:20 [info]  User has clicked on dropdown field: //label[text()='Machine Name']/..//input
Jan 26,2022 21:17:25 [info]  Clicked on 'OK' button at Filter Dialog
Jan 26,2022 21:17:29 [info]  Clicked on Filter Icon
Jan 26,2022 21:17:33 [info]  Clicked on 'CLEAR' button at Filter Dialog
Jan 26,2022 21:17:37 [info]  Clicked on 'OK' button at Filter Dialog
Jan 26,2022 21:17:39 [info]  Closing driver on platform: Windows 10
Jan 26,2022 21:18:27 [info]  Clicked on Filter Icon
Jan 26,2022 21:18:29 [info]  User has clicked on dropdown field: //label[text()='Public IP']/following-sibling::div//span[@class='k-input']
Jan 26,2022 21:18:31 [info]  User has selected dropdown option: //li[text()='Contains']
Jan 26,2022 21:18:37 [info]  User has clicked on dropdown field: //label[text()='Public IP']/..//input
Jan 26,2022 21:18:41 [info]  Clicked on 'OK' button at Filter Dialog
Jan 26,2022 21:18:45 [info]  Clicked on Filter Icon
Jan 26,2022 21:18:50 [info]  Clicked on 'CLEAR' button at Filter Dialog
Jan 26,2022 21:18:54 [info]  Clicked on 'OK' button at Filter Dialog
Jan 26,2022 21:18:56 [info]  Closing driver on platform: Windows 10
Jan 26,2022 21:19:45 [info]  Clicked on Filter Icon
Jan 26,2022 21:19:47 [info]  User has clicked on dropdown field: //label[text()='Public IP']/following-sibling::div//span[@class='k-input']
Jan 26,2022 21:19:48 [info]  User has selected dropdown option: //li[text()='Equals']
Jan 26,2022 21:19:54 [info]  User has clicked on dropdown field: //label[text()='Public IP']/..//input
Jan 26,2022 21:19:58 [info]  Clicked on 'OK' button at Filter Dialog
Jan 26,2022 21:20:02 [info]  Clicked on Filter Icon
Jan 26,2022 21:20:07 [info]  Clicked on 'CLEAR' button at Filter Dialog
Jan 26,2022 21:20:11 [info]  Clicked on 'OK' button at Filter Dialog
Jan 26,2022 21:20:12 [info]  Closing driver on platform: Windows 10
Jan 26,2022 21:21:05 [info]  Clicked on Filter Icon
Jan 26,2022 21:21:07 [info]  User has clicked on dropdown field: //label[text()='Public IP']/following-sibling::div//span[@class='k-input']
Jan 26,2022 21:21:09 [info]  User has selected dropdown option: //li[text()='Start With']
Jan 26,2022 21:21:15 [info]  User has clicked on dropdown field: //label[text()='Public IP']/..//input
Jan 26,2022 21:21:19 [info]  Clicked on 'OK' button at Filter Dialog
Jan 26,2022 21:21:23 [info]  Clicked on Filter Icon
Jan 26,2022 21:21:28 [info]  Clicked on 'CLEAR' button at Filter Dialog
Jan 26,2022 21:21:32 [info]  Clicked on 'OK' button at Filter Dialog
Jan 26,2022 21:21:33 [info]  Closing driver on platform: Windows 10
Jan 26,2022 21:22:24 [info]  Closing driver on platform: Windows 10
Jan 26,2022 21:23:19 [info]  Closing driver on platform: Windows 10
Jan 26,2022 21:24:05 [info]  Clicked on Heade of Column : Alias
Jan 26,2022 21:24:14 [info]  Closing driver on platform: Windows 10
Jan 26,2022 21:25:02 [info]  Clicked on Filter Icon
Jan 26,2022 21:25:04 [info]  User has clicked on dropdown field: //label[text()='Public IP']/following-sibling::div//span[@class='k-input']
Jan 26,2022 21:25:05 [info]  User has selected dropdown option: //li[text()='Start With']
Jan 26,2022 21:25:12 [info]  User has clicked on dropdown field: //label[text()='Public IP']/..//input
Jan 26,2022 21:25:16 [info]  Clicked on 'Cancel' button at Filter Dialog
Jan 26,2022 21:25:22 [info]  Closing driver on platform: Windows 10
Jan 26,2022 21:26:12 [info]  Clicked on Filter Icon
Jan 26,2022 21:26:14 [info]  User has clicked on dropdown field: //label[text()='Alias']/following-sibling::div//span[@class='k-input']
Jan 26,2022 21:26:15 [info]  User has selected dropdown option: //li[text()='Start With']
Jan 26,2022 21:26:22 [info]  User has clicked on dropdown field: //label[text()='Alias']/..//input
Jan 26,2022 21:26:26 [info]  Clicked on 'CLEAR' button at Filter Dialog
Jan 26,2022 21:26:30 [info]  Clicked on 'OK' button at Filter Dialog
Jan 26,2022 21:26:35 [info]  Closing driver on platform: Windows 10
Jan 26,2022 21:26:36 [info]  TestrailProjectName:  Arexdata
Jan 26,2022 21:26:36 [info]  TestrailRunName:  AutomatedTestCases
Jan 26,2022 21:33:18 [info]  Clicked on create alert button
Jan 26,2022 21:33:27 [info]  Alert name entered.
Jan 26,2022 21:33:34 [info]  Email entered.
Jan 26,2022 21:33:35 [info]  Clicked on save button
Jan 26,2022 21:33:40 [info]  Clicked on Heade of Column : Name
Jan 26,2022 21:33:45 [info]  Clicked on delete button to delete alert
Jan 26,2022 21:33:57 [info]  Closing driver on platform: Windows 10
Jan 26,2022 21:34:35 [info]  Clicked on create alert button
Jan 26,2022 21:34:43 [info]  Alert name entered.
Jan 26,2022 21:34:51 [info]  Email entered.
Jan 26,2022 21:34:52 [info]  Clicked on save button
Jan 26,2022 21:34:56 [info]  Clicked on Heade of Column : Name
Jan 26,2022 21:35:02 [info]  Clicked on delete button to delete alert
Jan 26,2022 21:35:13 [info]  Closing driver on platform: Windows 10
Jan 26,2022 21:35:50 [info]  Clicked on create alert button
Jan 26,2022 21:35:58 [info]  Alert name entered.
Jan 26,2022 21:36:05 [info]  Email entered.
Jan 26,2022 21:36:07 [info]  Clicked on save button
Jan 26,2022 21:36:11 [info]  Clicked on Heade of Column : Name
Jan 26,2022 21:36:16 [info]  Clicked on delete button to delete alert
Jan 26,2022 21:36:27 [info]  Closing driver on platform: Windows 10
Jan 26,2022 21:37:03 [info]  Clicked on Filter Icon
Jan 26,2022 21:37:05 [info]  User has clicked on dropdown field: //label[text()='Name']/following-sibling::div//span[@class='k-input']
Jan 26,2022 21:37:06 [info]  User has selected dropdown option: //li[text()='Contains']
Jan 26,2022 21:37:13 [info]  User has clicked on dropdown field: //label[text()='Name']/..//input
Jan 26,2022 21:37:17 [info]  Clicked on 'OK' button at Filter Dialog
Jan 26,2022 21:37:21 [info]  User verified number of applied filter : 1
Jan 26,2022 21:37:22 [info]  Verified that 'Testing Netapp read' contains : 'Netapp' under the column : 'Name
Jan 26,2022 21:37:22 [info]  Verified that 'Testing Netapp read' contains : 'Netapp' under the column : 'Name
Jan 26,2022 21:37:22 [info]  Verified that 'Testing Netapp read' contains : 'Netapp' under the column : 'Name
Jan 26,2022 21:37:22 [info]  Verified that 'Testing Netapp read' contains : 'Netapp' under the column : 'Name
Jan 26,2022 21:37:22 [info]  Verified that 'Testing Netapp read' contains : 'Netapp' under the column : 'Name
Jan 26,2022 21:37:38 [info]  Clicked on Filter Icon
Jan 26,2022 21:37:42 [info]  Clicked on 'CLEAR' button at Filter Dialog
Jan 26,2022 21:37:46 [info]  Clicked on 'OK' button at Filter Dialog
Jan 26,2022 21:37:48 [info]  Closing driver on platform: Windows 10
Jan 26,2022 21:38:25 [info]  Clicked on create alert button
Jan 26,2022 21:38:38 [info]  Alert name entered.
Jan 26,2022 21:38:45 [info]  Email entered.
Jan 26,2022 21:38:48 [info]  Enter file/folder
Jan 26,2022 21:38:52 [info]  Operation is selected asf Deleted
Jan 26,2022 21:38:53 [info]  Clicked on save button
Jan 26,2022 21:38:57 [info]  Clicked on Heade of Column : Name
Jan 26,2022 21:39:03 [info]  Clicked on delete button to delete alert
Jan 26,2022 21:39:14 [info]  Closing driver on platform: Windows 10
Jan 26,2022 21:39:53 [info]  Clicked on create alert button
Jan 26,2022 21:40:06 [info]  Alert name entered.
Jan 26,2022 21:40:13 [info]  Email entered.
Jan 26,2022 21:40:16 [info]  Enter file/folder
Jan 26,2022 21:40:20 [info]  Operation is selected asf Renamed
Jan 26,2022 21:40:21 [info]  Clicked on save button
Jan 26,2022 21:40:25 [info]  Clicked on Heade of Column : Name
Jan 26,2022 21:40:31 [info]  Clicked on delete button to delete alert
Jan 26,2022 21:40:42 [info]  Closing driver on platform: Windows 10
Jan 26,2022 21:41:19 [info]  Clicked on create alert button
Jan 26,2022 21:41:32 [info]  Alert name entered.
Jan 26,2022 21:41:40 [info]  Email entered.
Jan 26,2022 21:41:42 [info]  Enter file/folder
Jan 26,2022 21:41:46 [info]  Operation is selected asf Modified
Jan 26,2022 21:41:48 [info]  Clicked on save button
Jan 26,2022 21:41:52 [info]  Clicked on Heade of Column : Name
Jan 26,2022 21:41:57 [info]  Clicked on delete button to delete alert
Jan 26,2022 21:42:10 [info]  Closing driver on platform: Windows 10
Jan 26,2022 21:42:52 [info]  Clicked on create alert button
Jan 26,2022 21:43:05 [info]  Alert name entered.
Jan 26,2022 21:43:13 [info]  Email entered.
Jan 26,2022 21:43:15 [info]  Enter file/folder
Jan 26,2022 21:43:19 [info]  Operation is selected asf Read
Jan 26,2022 21:43:20 [info]  Clicked on save button
Jan 26,2022 21:43:25 [info]  Clicked on Heade of Column : Name
Jan 26,2022 21:43:30 [info]  Clicked on delete button to delete alert
Jan 26,2022 21:43:41 [info]  Closing driver on platform: Windows 10
Jan 26,2022 21:44:18 [info]  Clicked on create alert button
Jan 26,2022 21:44:31 [info]  Alert name entered.
Jan 26,2022 21:44:39 [info]  Email entered.
Jan 26,2022 21:44:41 [info]  Enter file/folder
Jan 26,2022 21:44:45 [info]  Operation is selected asf Uploaded
Jan 26,2022 21:44:47 [info]  Clicked on save button
Jan 26,2022 21:44:51 [info]  Clicked on Heade of Column : Name
Jan 26,2022 21:44:56 [info]  Clicked on delete button to delete alert
Jan 26,2022 21:45:07 [info]  Closing driver on platform: Windows 10
Jan 26,2022 21:45:49 [info]  Clicked on create alert button
Jan 26,2022 21:45:56 [info]  Alert name entered.
Jan 26,2022 21:46:04 [info]  Email entered.
Jan 26,2022 21:46:07 [info]  Enter file/folder
Jan 26,2022 21:46:11 [info]  Operation is selected asf Created
Jan 26,2022 21:46:12 [info]  Clicked on save button
Jan 26,2022 21:46:16 [info]  Clicked on Heade of Column : Name
Jan 26,2022 21:46:22 [info]  Clicked on delete button to delete alert
Jan 26,2022 21:46:32 [info]  Closing driver on platform: Windows 10
Jan 26,2022 21:47:09 [info]  Clicked on create alert button
Jan 26,2022 21:47:17 [info]  Alert name entered.
Jan 26,2022 21:47:24 [info]  Email entered.
Jan 26,2022 21:47:27 [info]  Enter file/folder
Jan 26,2022 21:47:31 [info]  Operation is selected asf Deleted
Jan 26,2022 21:47:32 [info]  Clicked on save button
Jan 26,2022 21:47:36 [info]  Clicked on Heade of Column : Name
Jan 26,2022 21:47:42 [info]  Clicked on delete button to delete alert
Jan 26,2022 21:47:53 [info]  Closing driver on platform: Windows 10
Jan 26,2022 21:48:29 [info]  Clicked on create alert button
Jan 26,2022 21:48:37 [info]  Alert name entered.
Jan 26,2022 21:48:45 [info]  Email entered.
Jan 26,2022 21:48:47 [info]  Enter file/folder
Jan 26,2022 21:48:51 [info]  Operation is selected asf Modified
Jan 26,2022 21:48:52 [info]  Clicked on save button
Jan 26,2022 21:48:57 [info]  Clicked on Heade of Column : Name
Jan 26,2022 21:49:02 [info]  Clicked on delete button to delete alert
Jan 26,2022 21:49:13 [info]  Closing driver on platform: Windows 10
Jan 26,2022 21:49:50 [info]  Clicked on create alert button
Jan 26,2022 21:49:57 [info]  Alert name entered.
Jan 26,2022 21:50:05 [info]  Email entered.
Jan 26,2022 21:50:07 [info]  Enter file/folder
Jan 26,2022 21:50:12 [info]  Operation is selected asf Read
Jan 26,2022 21:50:13 [info]  Clicked on save button
Jan 26,2022 21:50:17 [info]  Clicked on Heade of Column : Name
Jan 26,2022 21:50:23 [info]  Clicked on delete button to delete alert
Jan 26,2022 21:50:34 [info]  Closing driver on platform: Windows 10
Jan 26,2022 21:51:12 [info]  Clicked on create alert button
Jan 26,2022 21:51:20 [info]  Alert name entered.
Jan 26,2022 21:51:28 [info]  Email entered.
Jan 26,2022 21:51:30 [info]  Enter file/folder
Jan 26,2022 21:51:34 [info]  Operation is selected asf Renamed
Jan 26,2022 21:51:35 [info]  Clicked on save button
Jan 26,2022 21:51:39 [info]  Clicked on Heade of Column : Name
Jan 26,2022 21:51:45 [info]  Clicked on delete button to delete alert
Jan 26,2022 21:51:56 [info]  Closing driver on platform: Windows 10
Jan 26,2022 21:52:34 [info]  Clicked on create alert button
Jan 26,2022 21:52:47 [info]  Alert name entered.
Jan 26,2022 21:52:54 [info]  Email entered.
Jan 26,2022 21:52:57 [info]  Enter file/folder
Jan 26,2022 21:53:01 [info]  Operation is selected asf Deleted
Jan 26,2022 21:53:02 [info]  Clicked on save button
Jan 26,2022 21:53:06 [info]  Clicked on Heade of Column : Name
Jan 26,2022 21:53:12 [info]  Clicked on delete button to delete alert
Jan 26,2022 21:53:22 [info]  Closing driver on platform: Windows 10
Jan 26,2022 21:54:13 [info]  Closing driver on platform: Windows 10
Jan 26,2022 21:54:47 [info]  Closing driver on platform: Windows 10
Jan 26,2022 21:55:16 [info]  Closing driver on platform: Windows 10
Jan 26,2022 21:55:54 [info]  Closing driver on platform: Windows 10
Jan 26,2022 21:56:34 [info]  Closing driver on platform: Windows 10
Jan 26,2022 21:57:14 [info]  Closing driver on platform: Windows 10
Jan 26,2022 21:57:53 [info]  Closing driver on platform: Windows 10
Jan 26,2022 21:58:31 [info]  Closing driver on platform: Windows 10
Jan 26,2022 21:59:09 [info]  Closing driver on platform: Windows 10
Jan 26,2022 21:59:47 [info]  Closing driver on platform: Windows 10
Jan 26,2022 22:00:26 [info]  Closing driver on platform: Windows 10
Jan 26,2022 22:01:10 [info]  Closing driver on platform: Windows 10
Jan 26,2022 22:01:50 [info]  Closing driver on platform: Windows 10
Jan 26,2022 22:02:27 [info]  Closing driver on platform: Windows 10
Jan 26,2022 22:03:04 [info]  Closing driver on platform: Windows 10
Jan 26,2022 22:03:42 [info]  Closing driver on platform: Windows 10
Jan 26,2022 22:04:24 [info]  Closing driver on platform: Windows 10
Jan 26,2022 22:05:06 [info]  Closing driver on platform: Windows 10
Jan 26,2022 22:05:43 [info]  Closing driver on platform: Windows 10
Jan 26,2022 22:06:19 [info]  Closing driver on platform: Windows 10
Jan 26,2022 22:07:00 [info]  Closing driver on platform: Windows 10
Jan 26,2022 22:07:43 [info]  Closing driver on platform: Windows 10
Jan 26,2022 22:08:21 [info]  Closing driver on platform: Windows 10
Jan 26,2022 22:09:00 [info]  Closing driver on platform: Windows 10
Jan 26,2022 22:09:37 [info]  Closing driver on platform: Windows 10
Jan 26,2022 22:10:26 [info]  Closing driver on platform: Windows 10
Jan 26,2022 22:11:07 [info]  Closing driver on platform: Windows 10
Jan 26,2022 22:11:45 [info]  Closing driver on platform: Windows 10
