<html>
<head>
<title>TestNG:  Admin Alert Test</title>
<link href="../testng.css" rel="stylesheet" type="text/css" />
<link href="../my-testng.css" rel="stylesheet" type="text/css" />

<style type="text/css">
.log { display: none;} 
.stack-trace { display: none;} 
</style>
<script type="text/javascript">
<!--
function flip(e) {
  current = e.style.display;
  if (current == 'block') {
    e.style.display = 'none';
    return 0;
  }
  else {
    e.style.display = 'block';
    return 1;
  }
}

function toggleBox(szDivId, elem, msg1, msg2)
{
  var res = -1;  if (document.getElementById) {
    res = flip(document.getElementById(szDivId));
  }
  else if (document.all) {
    // this is the way old msie versions work
    res = flip(document.all[szDivId]);
  }
  if(elem) {
    if(res == 0) elem.innerHTML = msg1; else elem.innerHTML = msg2;
  }

}

function toggleAllBoxes() {
  if (document.getElementsByTagName) {
    d = document.getElementsByTagName('div');
    for (i = 0; i < d.length; i++) {
      if (d[i].className == 'log') {
        flip(d[i]);
      }
    }
  }
}

// -->
</script>

</head>
<body>
<h2 align='center'>Admin Alert Test</h2><table border='1' align="center">
<tr>
<td>Tests passed/Failed/Skipped:</td><td>33/7/0</td>
</tr><tr>
<td>Started on:</td><td>Sat Jan 22 19:59:47 IST 2022</td>
</tr>
<tr><td>Total time:</td><td>2662 seconds (2662833 ms)</td>
</tr><tr>
<td>Included groups:</td><td></td>
</tr><tr>
<td>Excluded groups:</td><td></td>
</tr>
</table><p/>
<small><i>(Hover the method name to see the test class name)</i></small><p/>
<table width='100%' border='1' class='invocation-failed'>
<tr><td colspan='4' align='center'><b>FAILED TESTS</b></td></tr>
<tr><td><b>Test method</b></td>
<td width="30%"><b>Exception</b></td>
<td width="10%"><b>Time (seconds)</b></td>
<td><b>Instance</b></td>
</tr>
<tr>
<td title='tests.AdminAlertTest.testUserIsAbleToFilterAlertByNameTypeIntegrationAndSeverity()'><b>testUserIsAbleToFilterAlertByNameTypeIntegrationAndSeverity</b><br>Test class: tests.AdminAlertTest<br>Test method: C154</td>
<td><div><pre>java.lang.AssertionError: expected [File operation on Integrator] but found [@File operation on Integrator|9012934d-fe7d-498f-816a-be02e8e31d29]
	at pages.Admin_AlertsPage.assertAppliedFilterInFilterButtonTooltip(Admin_AlertsPage.java:136)
	at tests.AdminAlertTest.testUserIsAbleToFilterAlertByNameTypeIntegrationAndSeverity(AdminAlertTest.java:1880)
	at java.base/java.util.ArrayList.forEach(ArrayList.java:1511)
... Removed 33 stack frames</pre></div><a href='#' onClick='toggleBox("stack-trace950385029", this, "Click to show all stack frames", "Click to hide stack frames")'>Click to show all stack frames</a>
<div class='stack-trace' id='stack-trace950385029'><pre>java.lang.AssertionError: expected [File operation on Integrator] but found [@File operation on Integrator|9012934d-fe7d-498f-816a-be02e8e31d29]
	at org.testng.Assert.fail(Assert.java:99)
	at org.testng.Assert.failNotEquals(Assert.java:1037)
	at org.testng.Assert.assertEqualsImpl(Assert.java:140)
	at org.testng.Assert.assertEquals(Assert.java:122)
	at org.testng.Assert.assertEquals(Assert.java:629)
	at org.testng.Assert.assertEquals(Assert.java:639)
	at pages.Admin_AlertsPage.assertAppliedFilterInFilterButtonTooltip(Admin_AlertsPage.java:136)
	at tests.AdminAlertTest.testUserIsAbleToFilterAlertByNameTypeIntegrationAndSeverity(AdminAlertTest.java:1880)
	at java.base/jdk.internal.reflect.NativeMethodAccessorImpl.invoke0(Native Method)
	at java.base/jdk.internal.reflect.NativeMethodAccessorImpl.invoke(NativeMethodAccessorImpl.java:77)
	at java.base/jdk.internal.reflect.DelegatingMethodAccessorImpl.invoke(DelegatingMethodAccessorImpl.java:43)
	at java.base/java.lang.reflect.Method.invoke(Method.java:568)
	at org.testng.internal.MethodInvocationHelper.invokeMethod(MethodInvocationHelper.java:133)
	at org.testng.internal.TestInvoker.invokeMethod(TestInvoker.java:598)
	at org.testng.internal.TestInvoker.invokeTestMethod(TestInvoker.java:173)
	at org.testng.internal.MethodRunner.runInSequence(MethodRunner.java:46)
	at org.testng.internal.TestInvoker$MethodInvocationAgent.invoke(TestInvoker.java:824)
	at org.testng.internal.TestInvoker.invokeTestMethods(TestInvoker.java:146)
	at org.testng.internal.TestMethodWorker.invokeTestMethods(TestMethodWorker.java:146)
	at org.testng.internal.TestMethodWorker.run(TestMethodWorker.java:128)
	at java.base/java.util.ArrayList.forEach(ArrayList.java:1511)
	at org.testng.TestRunner.privateRun(TestRunner.java:794)
	at org.testng.TestRunner.run(TestRunner.java:596)
	at org.testng.SuiteRunner.runTest(SuiteRunner.java:377)
	at org.testng.SuiteRunner.runSequentially(SuiteRunner.java:371)
	at org.testng.SuiteRunner.privateRun(SuiteRunner.java:332)
	at org.testng.SuiteRunner.run(SuiteRunner.java:276)
	at org.testng.SuiteRunnerWorker.runSuite(SuiteRunnerWorker.java:53)
	at org.testng.SuiteRunnerWorker.run(SuiteRunnerWorker.java:96)
	at org.testng.TestNG.runSuitesSequentially(TestNG.java:1212)
	at org.testng.TestNG.runSuitesLocally(TestNG.java:1134)
	at org.testng.TestNG.runSuites(TestNG.java:1063)
	at org.testng.TestNG.run(TestNG.java:1031)
	at org.testng.remote.AbstractRemoteTestNG.run(AbstractRemoteTestNG.java:115)
	at org.testng.remote.RemoteTestNG.initAndRun(RemoteTestNG.java:251)
	at org.testng.remote.RemoteTestNG.main(RemoteTestNG.java:77)
</pre></div></td>
<td>51</td>
<td>tests.AdminAlertTest@3541cb24</td></tr>
<tr>
<td title='tests.AdminAlertTest.testUserIsAbleToFilterAlertByIntegrationNameFileOperationOnIntegrators()'><b>testUserIsAbleToFilterAlertByIntegrationNameFileOperationOnIntegrators</b><br>Test class: tests.AdminAlertTest<br>Test method: C141</td>
<td><div><pre>java.lang.AssertionError: expected [File operation on Integrator] but found [@File operation on Integrator|9012934d-fe7d-498f-816a-be02e8e31d29]
	at pages.Admin_AlertsPage.assertAppliedFilterInFilterButtonTooltip(Admin_AlertsPage.java:136)
	at tests.AdminAlertTest.testUserIsAbleToFilterAlertByIntegrationNameFileOperationOnIntegrators(AdminAlertTest.java:1352)
	at java.base/java.util.ArrayList.forEach(ArrayList.java:1511)
... Removed 33 stack frames</pre></div><a href='#' onClick='toggleBox("stack-trace380499567", this, "Click to show all stack frames", "Click to hide stack frames")'>Click to show all stack frames</a>
<div class='stack-trace' id='stack-trace380499567'><pre>java.lang.AssertionError: expected [File operation on Integrator] but found [@File operation on Integrator|9012934d-fe7d-498f-816a-be02e8e31d29]
	at org.testng.Assert.fail(Assert.java:99)
	at org.testng.Assert.failNotEquals(Assert.java:1037)
	at org.testng.Assert.assertEqualsImpl(Assert.java:140)
	at org.testng.Assert.assertEquals(Assert.java:122)
	at org.testng.Assert.assertEquals(Assert.java:629)
	at org.testng.Assert.assertEquals(Assert.java:639)
	at pages.Admin_AlertsPage.assertAppliedFilterInFilterButtonTooltip(Admin_AlertsPage.java:136)
	at tests.AdminAlertTest.testUserIsAbleToFilterAlertByIntegrationNameFileOperationOnIntegrators(AdminAlertTest.java:1352)
	at java.base/jdk.internal.reflect.NativeMethodAccessorImpl.invoke0(Native Method)
	at java.base/jdk.internal.reflect.NativeMethodAccessorImpl.invoke(NativeMethodAccessorImpl.java:77)
	at java.base/jdk.internal.reflect.DelegatingMethodAccessorImpl.invoke(DelegatingMethodAccessorImpl.java:43)
	at java.base/java.lang.reflect.Method.invoke(Method.java:568)
	at org.testng.internal.MethodInvocationHelper.invokeMethod(MethodInvocationHelper.java:133)
	at org.testng.internal.TestInvoker.invokeMethod(TestInvoker.java:598)
	at org.testng.internal.TestInvoker.invokeTestMethod(TestInvoker.java:173)
	at org.testng.internal.MethodRunner.runInSequence(MethodRunner.java:46)
	at org.testng.internal.TestInvoker$MethodInvocationAgent.invoke(TestInvoker.java:824)
	at org.testng.internal.TestInvoker.invokeTestMethods(TestInvoker.java:146)
	at org.testng.internal.TestMethodWorker.invokeTestMethods(TestMethodWorker.java:146)
	at org.testng.internal.TestMethodWorker.run(TestMethodWorker.java:128)
	at java.base/java.util.ArrayList.forEach(ArrayList.java:1511)
	at org.testng.TestRunner.privateRun(TestRunner.java:794)
	at org.testng.TestRunner.run(TestRunner.java:596)
	at org.testng.SuiteRunner.runTest(SuiteRunner.java:377)
	at org.testng.SuiteRunner.runSequentially(SuiteRunner.java:371)
	at org.testng.SuiteRunner.privateRun(SuiteRunner.java:332)
	at org.testng.SuiteRunner.run(SuiteRunner.java:276)
	at org.testng.SuiteRunnerWorker.runSuite(SuiteRunnerWorker.java:53)
	at org.testng.SuiteRunnerWorker.run(SuiteRunnerWorker.java:96)
	at org.testng.TestNG.runSuitesSequentially(TestNG.java:1212)
	at org.testng.TestNG.runSuitesLocally(TestNG.java:1134)
	at org.testng.TestNG.runSuites(TestNG.java:1063)
	at org.testng.TestNG.run(TestNG.java:1031)
	at org.testng.remote.AbstractRemoteTestNG.run(AbstractRemoteTestNG.java:115)
	at org.testng.remote.RemoteTestNG.initAndRun(RemoteTestNG.java:251)
	at org.testng.remote.RemoteTestNG.main(RemoteTestNG.java:77)
</pre></div></td>
<td>33</td>
<td>tests.AdminAlertTest@3541cb24</td></tr>
<tr>
<td title='tests.AdminAlertTest.testUserIsAbleToFilterAlertByNameWithContainAndIntegrationAsActivityLessThanXHours()'><b>testUserIsAbleToFilterAlertByNameWithContainAndIntegrationAsActivityLessThanXHours</b><br>Test class: tests.AdminAlertTest<br>Test method: C152</td>
<td><div><pre>java.lang.AssertionError: expected [Activity Less Than X Hours] but found [@Activity Less Than X Hours|98ba6dd6-4b6f-416a-8e87-29deabdce962]
	at pages.Admin_AlertsPage.assertAppliedFilterInFilterButtonTooltip(Admin_AlertsPage.java:136)
	at tests.AdminAlertTest.testUserIsAbleToFilterAlertByNameWithContainAndIntegrationAsActivityLessThanXHours(AdminAlertTest.java:1522)
	at java.base/java.util.ArrayList.forEach(ArrayList.java:1511)
... Removed 33 stack frames</pre></div><a href='#' onClick='toggleBox("stack-trace828334075", this, "Click to show all stack frames", "Click to hide stack frames")'>Click to show all stack frames</a>
<div class='stack-trace' id='stack-trace828334075'><pre>java.lang.AssertionError: expected [Activity Less Than X Hours] but found [@Activity Less Than X Hours|98ba6dd6-4b6f-416a-8e87-29deabdce962]
	at org.testng.Assert.fail(Assert.java:99)
	at org.testng.Assert.failNotEquals(Assert.java:1037)
	at org.testng.Assert.assertEqualsImpl(Assert.java:140)
	at org.testng.Assert.assertEquals(Assert.java:122)
	at org.testng.Assert.assertEquals(Assert.java:629)
	at org.testng.Assert.assertEquals(Assert.java:639)
	at pages.Admin_AlertsPage.assertAppliedFilterInFilterButtonTooltip(Admin_AlertsPage.java:136)
	at tests.AdminAlertTest.testUserIsAbleToFilterAlertByNameWithContainAndIntegrationAsActivityLessThanXHours(AdminAlertTest.java:1522)
	at java.base/jdk.internal.reflect.NativeMethodAccessorImpl.invoke0(Native Method)
	at java.base/jdk.internal.reflect.NativeMethodAccessorImpl.invoke(NativeMethodAccessorImpl.java:77)
	at java.base/jdk.internal.reflect.DelegatingMethodAccessorImpl.invoke(DelegatingMethodAccessorImpl.java:43)
	at java.base/java.lang.reflect.Method.invoke(Method.java:568)
	at org.testng.internal.MethodInvocationHelper.invokeMethod(MethodInvocationHelper.java:133)
	at org.testng.internal.TestInvoker.invokeMethod(TestInvoker.java:598)
	at org.testng.internal.TestInvoker.invokeTestMethod(TestInvoker.java:173)
	at org.testng.internal.MethodRunner.runInSequence(MethodRunner.java:46)
	at org.testng.internal.TestInvoker$MethodInvocationAgent.invoke(TestInvoker.java:824)
	at org.testng.internal.TestInvoker.invokeTestMethods(TestInvoker.java:146)
	at org.testng.internal.TestMethodWorker.invokeTestMethods(TestMethodWorker.java:146)
	at org.testng.internal.TestMethodWorker.run(TestMethodWorker.java:128)
	at java.base/java.util.ArrayList.forEach(ArrayList.java:1511)
	at org.testng.TestRunner.privateRun(TestRunner.java:794)
	at org.testng.TestRunner.run(TestRunner.java:596)
	at org.testng.SuiteRunner.runTest(SuiteRunner.java:377)
	at org.testng.SuiteRunner.runSequentially(SuiteRunner.java:371)
	at org.testng.SuiteRunner.privateRun(SuiteRunner.java:332)
	at org.testng.SuiteRunner.run(SuiteRunner.java:276)
	at org.testng.SuiteRunnerWorker.runSuite(SuiteRunnerWorker.java:53)
	at org.testng.SuiteRunnerWorker.run(SuiteRunnerWorker.java:96)
	at org.testng.TestNG.runSuitesSequentially(TestNG.java:1212)
	at org.testng.TestNG.runSuitesLocally(TestNG.java:1134)
	at org.testng.TestNG.runSuites(TestNG.java:1063)
	at org.testng.TestNG.run(TestNG.java:1031)
	at org.testng.remote.AbstractRemoteTestNG.run(AbstractRemoteTestNG.java:115)
	at org.testng.remote.RemoteTestNG.initAndRun(RemoteTestNG.java:251)
	at org.testng.remote.RemoteTestNG.main(RemoteTestNG.java:77)
</pre></div></td>
<td>41</td>
<td>tests.AdminAlertTest@3541cb24</td></tr>
<tr>
<td title='tests.AdminAlertTest.testUserIsAbleToFilterAlertByNameTypeAndIntegration()'><b>testUserIsAbleToFilterAlertByNameTypeAndIntegration</b><br>Test class: tests.AdminAlertTest<br>Test method: C153</td>
<td><div><pre>java.lang.AssertionError: expected [Activity Less Than X Hours] but found [@Activity Less Than X Hours|98ba6dd6-4b6f-416a-8e87-29deabdce962]
	at pages.Admin_AlertsPage.assertAppliedFilterInFilterButtonTooltip(Admin_AlertsPage.java:136)
	at tests.AdminAlertTest.testUserIsAbleToFilterAlertByNameTypeAndIntegration(AdminAlertTest.java:1812)
	at java.base/java.util.ArrayList.forEach(ArrayList.java:1511)
... Removed 33 stack frames</pre></div><a href='#' onClick='toggleBox("stack-trace1115716567", this, "Click to show all stack frames", "Click to hide stack frames")'>Click to show all stack frames</a>
<div class='stack-trace' id='stack-trace1115716567'><pre>java.lang.AssertionError: expected [Activity Less Than X Hours] but found [@Activity Less Than X Hours|98ba6dd6-4b6f-416a-8e87-29deabdce962]
	at org.testng.Assert.fail(Assert.java:99)
	at org.testng.Assert.failNotEquals(Assert.java:1037)
	at org.testng.Assert.assertEqualsImpl(Assert.java:140)
	at org.testng.Assert.assertEquals(Assert.java:122)
	at org.testng.Assert.assertEquals(Assert.java:629)
	at org.testng.Assert.assertEquals(Assert.java:639)
	at pages.Admin_AlertsPage.assertAppliedFilterInFilterButtonTooltip(Admin_AlertsPage.java:136)
	at tests.AdminAlertTest.testUserIsAbleToFilterAlertByNameTypeAndIntegration(AdminAlertTest.java:1812)
	at java.base/jdk.internal.reflect.NativeMethodAccessorImpl.invoke0(Native Method)
	at java.base/jdk.internal.reflect.NativeMethodAccessorImpl.invoke(NativeMethodAccessorImpl.java:77)
	at java.base/jdk.internal.reflect.DelegatingMethodAccessorImpl.invoke(DelegatingMethodAccessorImpl.java:43)
	at java.base/java.lang.reflect.Method.invoke(Method.java:568)
	at org.testng.internal.MethodInvocationHelper.invokeMethod(MethodInvocationHelper.java:133)
	at org.testng.internal.TestInvoker.invokeMethod(TestInvoker.java:598)
	at org.testng.internal.TestInvoker.invokeTestMethod(TestInvoker.java:173)
	at org.testng.internal.MethodRunner.runInSequence(MethodRunner.java:46)
	at org.testng.internal.TestInvoker$MethodInvocationAgent.invoke(TestInvoker.java:824)
	at org.testng.internal.TestInvoker.invokeTestMethods(TestInvoker.java:146)
	at org.testng.internal.TestMethodWorker.invokeTestMethods(TestMethodWorker.java:146)
	at org.testng.internal.TestMethodWorker.run(TestMethodWorker.java:128)
	at java.base/java.util.ArrayList.forEach(ArrayList.java:1511)
	at org.testng.TestRunner.privateRun(TestRunner.java:794)
	at org.testng.TestRunner.run(TestRunner.java:596)
	at org.testng.SuiteRunner.runTest(SuiteRunner.java:377)
	at org.testng.SuiteRunner.runSequentially(SuiteRunner.java:371)
	at org.testng.SuiteRunner.privateRun(SuiteRunner.java:332)
	at org.testng.SuiteRunner.run(SuiteRunner.java:276)
	at org.testng.SuiteRunnerWorker.runSuite(SuiteRunnerWorker.java:53)
	at org.testng.SuiteRunnerWorker.run(SuiteRunnerWorker.java:96)
	at org.testng.TestNG.runSuitesSequentially(TestNG.java:1212)
	at org.testng.TestNG.runSuitesLocally(TestNG.java:1134)
	at org.testng.TestNG.runSuites(TestNG.java:1063)
	at org.testng.TestNG.run(TestNG.java:1031)
	at org.testng.remote.AbstractRemoteTestNG.run(AbstractRemoteTestNG.java:115)
	at org.testng.remote.RemoteTestNG.initAndRun(RemoteTestNG.java:251)
	at org.testng.remote.RemoteTestNG.main(RemoteTestNG.java:77)
</pre></div></td>
<td>77</td>
<td>tests.AdminAlertTest@3541cb24</td></tr>
<tr>
<td title='tests.AdminAlertTest.testUserIsAbleToFilterAlertByIntegrationNameActivityLessThanXHours()'><b>testUserIsAbleToFilterAlertByIntegrationNameActivityLessThanXHours</b><br>Test class: tests.AdminAlertTest<br>Test method: C139</td>
<td><div><pre>java.lang.AssertionError: expected [Activity Less Than X Hours] but found [@Activity Less Than X Hours|98ba6dd6-4b6f-416a-8e87-29deabdce962]
	at pages.Admin_AlertsPage.assertAppliedFilterInFilterButtonTooltip(Admin_AlertsPage.java:136)
	at tests.AdminAlertTest.testUserIsAbleToFilterAlertByIntegrationNameActivityLessThanXHours(AdminAlertTest.java:1270)
	at java.base/java.util.ArrayList.forEach(ArrayList.java:1511)
... Removed 33 stack frames</pre></div><a href='#' onClick='toggleBox("stack-trace166189102", this, "Click to show all stack frames", "Click to hide stack frames")'>Click to show all stack frames</a>
<div class='stack-trace' id='stack-trace166189102'><pre>java.lang.AssertionError: expected [Activity Less Than X Hours] but found [@Activity Less Than X Hours|98ba6dd6-4b6f-416a-8e87-29deabdce962]
	at org.testng.Assert.fail(Assert.java:99)
	at org.testng.Assert.failNotEquals(Assert.java:1037)
	at org.testng.Assert.assertEqualsImpl(Assert.java:140)
	at org.testng.Assert.assertEquals(Assert.java:122)
	at org.testng.Assert.assertEquals(Assert.java:629)
	at org.testng.Assert.assertEquals(Assert.java:639)
	at pages.Admin_AlertsPage.assertAppliedFilterInFilterButtonTooltip(Admin_AlertsPage.java:136)
	at tests.AdminAlertTest.testUserIsAbleToFilterAlertByIntegrationNameActivityLessThanXHours(AdminAlertTest.java:1270)
	at java.base/jdk.internal.reflect.NativeMethodAccessorImpl.invoke0(Native Method)
	at java.base/jdk.internal.reflect.NativeMethodAccessorImpl.invoke(NativeMethodAccessorImpl.java:77)
	at java.base/jdk.internal.reflect.DelegatingMethodAccessorImpl.invoke(DelegatingMethodAccessorImpl.java:43)
	at java.base/java.lang.reflect.Method.invoke(Method.java:568)
	at org.testng.internal.MethodInvocationHelper.invokeMethod(MethodInvocationHelper.java:133)
	at org.testng.internal.TestInvoker.invokeMethod(TestInvoker.java:598)
	at org.testng.internal.TestInvoker.invokeTestMethod(TestInvoker.java:173)
	at org.testng.internal.MethodRunner.runInSequence(MethodRunner.java:46)
	at org.testng.internal.TestInvoker$MethodInvocationAgent.invoke(TestInvoker.java:824)
	at org.testng.internal.TestInvoker.invokeTestMethods(TestInvoker.java:146)
	at org.testng.internal.TestMethodWorker.invokeTestMethods(TestMethodWorker.java:146)
	at org.testng.internal.TestMethodWorker.run(TestMethodWorker.java:128)
	at java.base/java.util.ArrayList.forEach(ArrayList.java:1511)
	at org.testng.TestRunner.privateRun(TestRunner.java:794)
	at org.testng.TestRunner.run(TestRunner.java:596)
	at org.testng.SuiteRunner.runTest(SuiteRunner.java:377)
	at org.testng.SuiteRunner.runSequentially(SuiteRunner.java:371)
	at org.testng.SuiteRunner.privateRun(SuiteRunner.java:332)
	at org.testng.SuiteRunner.run(SuiteRunner.java:276)
	at org.testng.SuiteRunnerWorker.runSuite(SuiteRunnerWorker.java:53)
	at org.testng.SuiteRunnerWorker.run(SuiteRunnerWorker.java:96)
	at org.testng.TestNG.runSuitesSequentially(TestNG.java:1212)
	at org.testng.TestNG.runSuitesLocally(TestNG.java:1134)
	at org.testng.TestNG.runSuites(TestNG.java:1063)
	at org.testng.TestNG.run(TestNG.java:1031)
	at org.testng.remote.AbstractRemoteTestNG.run(AbstractRemoteTestNG.java:115)
	at org.testng.remote.RemoteTestNG.initAndRun(RemoteTestNG.java:251)
	at org.testng.remote.RemoteTestNG.main(RemoteTestNG.java:77)
</pre></div></td>
<td>33</td>
<td>tests.AdminAlertTest@3541cb24</td></tr>
<tr>
<td title='tests.AdminAlertTest.testUserIsAbleToFilterAlertByIntegrationNameFileOperationOnAgents()'><b>testUserIsAbleToFilterAlertByIntegrationNameFileOperationOnAgents</b><br>Test class: tests.AdminAlertTest<br>Test method: C140</td>
<td><div><pre>java.lang.AssertionError: expected [File operation on Endpoints] but found [@File operation on Endpoints|7a4db281-56cc-4fdd-abb0-7227efdb2ff7]
	at pages.Admin_AlertsPage.assertAppliedFilterInFilterButtonTooltip(Admin_AlertsPage.java:136)
	at tests.AdminAlertTest.testUserIsAbleToFilterAlertByIntegrationNameFileOperationOnAgents(AdminAlertTest.java:1311)
	at java.base/java.util.ArrayList.forEach(ArrayList.java:1511)
... Removed 33 stack frames</pre></div><a href='#' onClick='toggleBox("stack-trace1713482508", this, "Click to show all stack frames", "Click to hide stack frames")'>Click to show all stack frames</a>
<div class='stack-trace' id='stack-trace1713482508'><pre>java.lang.AssertionError: expected [File operation on Endpoints] but found [@File operation on Endpoints|7a4db281-56cc-4fdd-abb0-7227efdb2ff7]
	at org.testng.Assert.fail(Assert.java:99)
	at org.testng.Assert.failNotEquals(Assert.java:1037)
	at org.testng.Assert.assertEqualsImpl(Assert.java:140)
	at org.testng.Assert.assertEquals(Assert.java:122)
	at org.testng.Assert.assertEquals(Assert.java:629)
	at org.testng.Assert.assertEquals(Assert.java:639)
	at pages.Admin_AlertsPage.assertAppliedFilterInFilterButtonTooltip(Admin_AlertsPage.java:136)
	at tests.AdminAlertTest.testUserIsAbleToFilterAlertByIntegrationNameFileOperationOnAgents(AdminAlertTest.java:1311)
	at java.base/jdk.internal.reflect.NativeMethodAccessorImpl.invoke0(Native Method)
	at java.base/jdk.internal.reflect.NativeMethodAccessorImpl.invoke(NativeMethodAccessorImpl.java:77)
	at java.base/jdk.internal.reflect.DelegatingMethodAccessorImpl.invoke(DelegatingMethodAccessorImpl.java:43)
	at java.base/java.lang.reflect.Method.invoke(Method.java:568)
	at org.testng.internal.MethodInvocationHelper.invokeMethod(MethodInvocationHelper.java:133)
	at org.testng.internal.TestInvoker.invokeMethod(TestInvoker.java:598)
	at org.testng.internal.TestInvoker.invokeTestMethod(TestInvoker.java:173)
	at org.testng.internal.MethodRunner.runInSequence(MethodRunner.java:46)
	at org.testng.internal.TestInvoker$MethodInvocationAgent.invoke(TestInvoker.java:824)
	at org.testng.internal.TestInvoker.invokeTestMethods(TestInvoker.java:146)
	at org.testng.internal.TestMethodWorker.invokeTestMethods(TestMethodWorker.java:146)
	at org.testng.internal.TestMethodWorker.run(TestMethodWorker.java:128)
	at java.base/java.util.ArrayList.forEach(ArrayList.java:1511)
	at org.testng.TestRunner.privateRun(TestRunner.java:794)
	at org.testng.TestRunner.run(TestRunner.java:596)
	at org.testng.SuiteRunner.runTest(SuiteRunner.java:377)
	at org.testng.SuiteRunner.runSequentially(SuiteRunner.java:371)
	at org.testng.SuiteRunner.privateRun(SuiteRunner.java:332)
	at org.testng.SuiteRunner.run(SuiteRunner.java:276)
	at org.testng.SuiteRunnerWorker.runSuite(SuiteRunnerWorker.java:53)
	at org.testng.SuiteRunnerWorker.run(SuiteRunnerWorker.java:96)
	at org.testng.TestNG.runSuitesSequentially(TestNG.java:1212)
	at org.testng.TestNG.runSuitesLocally(TestNG.java:1134)
	at org.testng.TestNG.runSuites(TestNG.java:1063)
	at org.testng.TestNG.run(TestNG.java:1031)
	at org.testng.remote.AbstractRemoteTestNG.run(AbstractRemoteTestNG.java:115)
	at org.testng.remote.RemoteTestNG.initAndRun(RemoteTestNG.java:251)
	at org.testng.remote.RemoteTestNG.main(RemoteTestNG.java:77)
</pre></div></td>
<td>32</td>
<td>tests.AdminAlertTest@3541cb24</td></tr>
<tr>
<td title='tests.AdminAlertTest.testUserIsAbleToGetResetDefaultValueWhenClickedOnClearButtonOnFilterPoUp()'><b>testUserIsAbleToGetResetDefaultValueWhenClickedOnClearButtonOnFilterPoUp</b><br>Test class: tests.AdminAlertTest<br>Test method: C155</td>
<td><div><pre>java.lang.AssertionError: expected [File operation on Integrator] but found [@File operation on Integrator|9012934d-fe7d-498f-816a-be02e8e31d29]
	at pages.Admin_AlertsPage.assertAppliedFilterInFilterButtonTooltip(Admin_AlertsPage.java:136)
	at tests.AdminAlertTest.testUserIsAbleToGetResetDefaultValueWhenClickedOnClearButtonOnFilterPoUp(AdminAlertTest.java:1949)
	at java.base/java.util.ArrayList.forEach(ArrayList.java:1511)
... Removed 33 stack frames</pre></div><a href='#' onClick='toggleBox("stack-trace632377263", this, "Click to show all stack frames", "Click to hide stack frames")'>Click to show all stack frames</a>
<div class='stack-trace' id='stack-trace632377263'><pre>java.lang.AssertionError: expected [File operation on Integrator] but found [@File operation on Integrator|9012934d-fe7d-498f-816a-be02e8e31d29]
	at org.testng.Assert.fail(Assert.java:99)
	at org.testng.Assert.failNotEquals(Assert.java:1037)
	at org.testng.Assert.assertEqualsImpl(Assert.java:140)
	at org.testng.Assert.assertEquals(Assert.java:122)
	at org.testng.Assert.assertEquals(Assert.java:629)
	at org.testng.Assert.assertEquals(Assert.java:639)
	at pages.Admin_AlertsPage.assertAppliedFilterInFilterButtonTooltip(Admin_AlertsPage.java:136)
	at tests.AdminAlertTest.testUserIsAbleToGetResetDefaultValueWhenClickedOnClearButtonOnFilterPoUp(AdminAlertTest.java:1949)
	at java.base/jdk.internal.reflect.NativeMethodAccessorImpl.invoke0(Native Method)
	at java.base/jdk.internal.reflect.NativeMethodAccessorImpl.invoke(NativeMethodAccessorImpl.java:77)
	at java.base/jdk.internal.reflect.DelegatingMethodAccessorImpl.invoke(DelegatingMethodAccessorImpl.java:43)
	at java.base/java.lang.reflect.Method.invoke(Method.java:568)
	at org.testng.internal.MethodInvocationHelper.invokeMethod(MethodInvocationHelper.java:133)
	at org.testng.internal.TestInvoker.invokeMethod(TestInvoker.java:598)
	at org.testng.internal.TestInvoker.invokeTestMethod(TestInvoker.java:173)
	at org.testng.internal.MethodRunner.runInSequence(MethodRunner.java:46)
	at org.testng.internal.TestInvoker$MethodInvocationAgent.invoke(TestInvoker.java:824)
	at org.testng.internal.TestInvoker.invokeTestMethods(TestInvoker.java:146)
	at org.testng.internal.TestMethodWorker.invokeTestMethods(TestMethodWorker.java:146)
	at org.testng.internal.TestMethodWorker.run(TestMethodWorker.java:128)
	at java.base/java.util.ArrayList.forEach(ArrayList.java:1511)
	at org.testng.TestRunner.privateRun(TestRunner.java:794)
	at org.testng.TestRunner.run(TestRunner.java:596)
	at org.testng.SuiteRunner.runTest(SuiteRunner.java:377)
	at org.testng.SuiteRunner.runSequentially(SuiteRunner.java:371)
	at org.testng.SuiteRunner.privateRun(SuiteRunner.java:332)
	at org.testng.SuiteRunner.run(SuiteRunner.java:276)
	at org.testng.SuiteRunnerWorker.runSuite(SuiteRunnerWorker.java:53)
	at org.testng.SuiteRunnerWorker.run(SuiteRunnerWorker.java:96)
	at org.testng.TestNG.runSuitesSequentially(TestNG.java:1212)
	at org.testng.TestNG.runSuitesLocally(TestNG.java:1134)
	at org.testng.TestNG.runSuites(TestNG.java:1063)
	at org.testng.TestNG.run(TestNG.java:1031)
	at org.testng.remote.AbstractRemoteTestNG.run(AbstractRemoteTestNG.java:115)
	at org.testng.remote.RemoteTestNG.initAndRun(RemoteTestNG.java:251)
	at org.testng.remote.RemoteTestNG.main(RemoteTestNG.java:77)
</pre></div></td>
<td>48</td>
<td>tests.AdminAlertTest@3541cb24</td></tr>
</table><p>
<table width='100%' border='1' class='invocation-passed'>
<tr><td colspan='4' align='center'><b>PASSED TESTS</b></td></tr>
<tr><td><b>Test method</b></td>
<td width="30%"><b>Exception</b></td>
<td width="10%"><b>Time (seconds)</b></td>
<td><b>Instance</b></td>
</tr>
<tr>
<td title='tests.AdminAlertTest.testCreateAnAlertFileOperationOffice365ForReadOperation()'><b>testCreateAnAlertFileOperationOffice365ForReadOperation</b><br>Test class: tests.AdminAlertTest<br>Test method: C98</td>
<td></td>
<td>40</td>
<td>tests.AdminAlertTest@3541cb24</td></tr>
<tr>
<td title='tests.AdminAlertTest.testActivityLessthanXhoursCriticalAlertCreated()'><b>testActivityLessthanXhoursCriticalAlertCreated</b><br>Test class: tests.AdminAlertTest<br>Test method: C86</td>
<td></td>
<td>31</td>
<td>tests.AdminAlertTest@3541cb24</td></tr>
<tr>
<td title='tests.AdminAlertTest.testCreateAnAlertOfNetAppQaFileOperationOnIntegratorsForReadOperation()'><b>testCreateAnAlertOfNetAppQaFileOperationOnIntegratorsForReadOperation</b><br>Test class: tests.AdminAlertTest<br>Test method: C92</td>
<td></td>
<td>40</td>
<td>tests.AdminAlertTest@3541cb24</td></tr>
<tr>
<td title='tests.AdminAlertTest.testCreateAnAlertOfFileOperationOnAgentsForDeleteOperation()'><b>testCreateAnAlertOfFileOperationOnAgentsForDeleteOperation</b><br>Test class: tests.AdminAlertTest<br>Test method: C87</td>
<td></td>
<td>36</td>
<td>tests.AdminAlertTest@3541cb24</td></tr>
<tr>
<td title='tests.AdminAlertTest.testCreateAnAlertOfFileOperationOnAgentsForReadOperation()'><b>testCreateAnAlertOfFileOperationOnAgentsForReadOperation</b><br>Test class: tests.AdminAlertTest<br>Test method: C88</td>
<td></td>
<td>36</td>
<td>tests.AdminAlertTest@3541cb24</td></tr>
<tr>
<td title='tests.AdminAlertTest.testUserIsAbleToFilterAlertBySeverityAsInfo()'><b>testUserIsAbleToFilterAlertBySeverityAsInfo</b><br>Test class: tests.AdminAlertTest<br>Test method: C149</td>
<td></td>
<td>32</td>
<td>tests.AdminAlertTest@3541cb24</td></tr>
<tr>
<td title='tests.AdminAlertTest.testCreateAnAlertFileOperationOffice365ForModifiedOperation()'><b>testCreateAnAlertFileOperationOffice365ForModifiedOperation</b><br>Test class: tests.AdminAlertTest<br>Test method: C99</td>
<td></td>
<td>39</td>
<td>tests.AdminAlertTest@3541cb24</td></tr>
<tr>
<td title='tests.AdminAlertTest.testNoItemsIsDisplayedWhenUserApplyFilterWithQAKeywordAndEqualsConditionForIntegratorsFields()'><b>testNoItemsIsDisplayedWhenUserApplyFilterWithQAKeywordAndEqualsConditionForIntegratorsFields</b><br>Test class: tests.AdminAlertTest<br>Test method: C145</td>
<td></td>
<td>35</td>
<td>tests.AdminAlertTest@3541cb24</td></tr>
<tr>
<td title='tests.AdminAlertTest.testUserIsAbleToEditExistingAlert()'><b>testUserIsAbleToEditExistingAlert</b><br>Test class: tests.AdminAlertTest<br>Test method: C158</td>
<td></td>
<td>37</td>
<td>tests.AdminAlertTest@3541cb24</td></tr>
<tr>
<td title='tests.AdminAlertTest.testActivityLessthanXhoursWarningAlertCreated()'><b>testActivityLessthanXhoursWarningAlertCreated</b><br>Test class: tests.AdminAlertTest<br>Test method: C85</td>
<td></td>
<td>31</td>
<td>tests.AdminAlertTest@3541cb24</td></tr>
<tr>
<td title='tests.AdminAlertTest.testUserIsAbleToFilterAlertWithNameStartWith()'><b>testUserIsAbleToFilterAlertWithNameStartWith</b><br>Test class: tests.AdminAlertTest<br>Test method: C138</td>
<td></td>
<td>36</td>
<td>tests.AdminAlertTest@3541cb24</td></tr>
<tr>
<td title='tests.AdminAlertTest.testUserIsAbleToFilterAlertContainsQAInIntegrators()'><b>testUserIsAbleToFilterAlertContainsQAInIntegrators</b><br>Test class: tests.AdminAlertTest<br>Test method: C142</td>
<td></td>
<td>36</td>
<td>tests.AdminAlertTest@3541cb24</td></tr>
<tr>
<td title='tests.AdminAlertTest.testCreateAnAlertOfNetAppQaFileOperationOnIntegratorsForModifiedOperation()'><b>testCreateAnAlertOfNetAppQaFileOperationOnIntegratorsForModifiedOperation</b><br>Test class: tests.AdminAlertTest<br>Test method: C94</td>
<td></td>
<td>40</td>
<td>tests.AdminAlertTest@3541cb24</td></tr>
<tr>
<td title='tests.AdminAlertTest.testActivityLessthanXhoursInfoAlertCreated()'><b>testActivityLessthanXhoursInfoAlertCreated</b><br>Test class: tests.AdminAlertTest<br>Test method: C16</td>
<td></td>
<td>32</td>
<td>tests.AdminAlertTest@3541cb24</td></tr>
<tr>
<td title='tests.AdminAlertTest.testUserIsAbleToFilterAlertWithNameContains()'><b>testUserIsAbleToFilterAlertWithNameContains</b><br>Test class: tests.AdminAlertTest<br>Test method: C136</td>
<td></td>
<td>36</td>
<td>tests.AdminAlertTest@3541cb24</td></tr>
<tr>
<td title='tests.AdminAlertTest.testUserIsAbleToFilterAlertBySeverityAsWarning()'><b>testUserIsAbleToFilterAlertBySeverityAsWarning</b><br>Test class: tests.AdminAlertTest<br>Test method: C150</td>
<td></td>
<td>33</td>
<td>tests.AdminAlertTest@3541cb24</td></tr>
<tr>
<td title='tests.AdminAlertTest.testNoItemsIsDisplayedWhenUserApplyFilterWithUnmatchedKeywordAndContainsConditionForIntegratorsFields()'><b>testNoItemsIsDisplayedWhenUserApplyFilterWithUnmatchedKeywordAndContainsConditionForIntegratorsFields</b><br>Test class: tests.AdminAlertTest<br>Test method: C143</td>
<td></td>
<td>36</td>
<td>tests.AdminAlertTest@3541cb24</td></tr>
<tr>
<td title='tests.AdminAlertTest.testCreateAnAlertOfNetAppQaFileOperationOnIntegratorsForDeletedOperation()'><b>testCreateAnAlertOfNetAppQaFileOperationOnIntegratorsForDeletedOperation</b><br>Test class: tests.AdminAlertTest<br>Test method: C91</td>
<td></td>
<td>45</td>
<td>tests.AdminAlertTest@3541cb24</td></tr>
<tr>
<td title='tests.AdminAlertTest.testUserIsAbleToFilterAlertBySeverityAsCritical()'><b>testUserIsAbleToFilterAlertBySeverityAsCritical</b><br>Test class: tests.AdminAlertTest<br>Test method: C148</td>
<td></td>
<td>32</td>
<td>tests.AdminAlertTest@3541cb24</td></tr>
<tr>
<td title='tests.AdminAlertTest.testCreateAnAlertOfFileOperationOnIntegratorWindowServerAgentasReadOperationAlert()'><b>testCreateAnAlertOfFileOperationOnIntegratorWindowServerAgentasReadOperationAlert</b><br>Test class: tests.AdminAlertTest<br>Test method: C122</td>
<td></td>
<td>41</td>
<td>tests.AdminAlertTest@3541cb24</td></tr>
<tr>
<td title='tests.AdminAlertTest.testCreateAnAlertOfFileOperationOnAgentsForModifiedOperation()'><b>testCreateAnAlertOfFileOperationOnAgentsForModifiedOperation</b><br>Test class: tests.AdminAlertTest<br>Test method: C90</td>
<td></td>
<td>37</td>
<td>tests.AdminAlertTest@3541cb24</td></tr>
<tr>
<td title='tests.AdminAlertTest.testCreateAnAlertFileOperationOffice365ForDeletedOperation()'><b>testCreateAnAlertFileOperationOffice365ForDeletedOperation</b><br>Test class: tests.AdminAlertTest<br>Test method: C96</td>
<td></td>
<td>40</td>
<td>tests.AdminAlertTest@3541cb24</td></tr>
<tr>
<td title='tests.AdminAlertTest.testCreateAnAlertOfNetAppQaFileOperationOnIntegratorsForCreatedOperation()'><b>testCreateAnAlertOfNetAppQaFileOperationOnIntegratorsForCreatedOperation</b><br>Test class: tests.AdminAlertTest<br>Test method: C93</td>
<td></td>
<td>40</td>
<td>tests.AdminAlertTest@3541cb24</td></tr>
<tr>
<td title='tests.AdminAlertTest.testCreateAnAlertOfFileOperationOnAgentsForRenamedOperation()'><b>testCreateAnAlertOfFileOperationOnAgentsForRenamedOperation</b><br>Test class: tests.AdminAlertTest<br>Test method: C100</td>
<td></td>
<td>36</td>
<td>tests.AdminAlertTest@3541cb24</td></tr>
<tr>
<td title='tests.AdminAlertTest.testCreateAnAlertOfFileOperationOnAgentsForCreatedOperation()'><b>testCreateAnAlertOfFileOperationOnAgentsForCreatedOperation</b><br>Test class: tests.AdminAlertTest<br>Test method: C89</td>
<td></td>
<td>36</td>
<td>tests.AdminAlertTest@3541cb24</td></tr>
<tr>
<td title='tests.AdminAlertTest.testCreateAnAlertOfFileOperationOnIntegratorWindowServerAgentasCreatedOperationAlert()'><b>testCreateAnAlertOfFileOperationOnIntegratorWindowServerAgentasCreatedOperationAlert</b><br>Test class: tests.AdminAlertTest<br>Test method: C123</td>
<td></td>
<td>40</td>
<td>tests.AdminAlertTest@3541cb24</td></tr>
<tr>
<td title='tests.AdminAlertTest.testUserIsAbleToFilterAlertWithNameEquals()'><b>testUserIsAbleToFilterAlertWithNameEquals</b><br>Test class: tests.AdminAlertTest<br>Test method: C137</td>
<td></td>
<td>37</td>
<td>tests.AdminAlertTest@3541cb24</td></tr>
<tr>
<td title='tests.AdminAlertTest.testCreateAnAlertFileOperationOffice365ForUploadedOperation()'><b>testCreateAnAlertFileOperationOffice365ForUploadedOperation</b><br>Test class: tests.AdminAlertTest<br>Test method: C95</td>
<td></td>
<td>40</td>
<td>tests.AdminAlertTest@3541cb24</td></tr>
<tr>
<td title='tests.AdminAlertTest.testUserIsAbleToFilterAlertEqualsToNetAppQAInIntegrators()'><b>testUserIsAbleToFilterAlertEqualsToNetAppQAInIntegrators</b><br>Test class: tests.AdminAlertTest<br>Test method: C144</td>
<td></td>
<td>37</td>
<td>tests.AdminAlertTest@3541cb24</td></tr>
<tr>
<td title='tests.AdminAlertTest.testNoItemsIsDisplayedWhenUserApplyFilterWithnetaapKeywordAndStarWithConditionForIntegratorsFields()'><b>testNoItemsIsDisplayedWhenUserApplyFilterWithnetaapKeywordAndStarWithConditionForIntegratorsFields</b><br>Test class: tests.AdminAlertTest<br>Test method: C146</td>
<td></td>
<td>36</td>
<td>tests.AdminAlertTest@3541cb24</td></tr>
<tr>
<td title='tests.AdminAlertTest.testCreateAnAlertOfFileOperationOnIntegratorWindowServerAgentDeletedOperationAlert()'><b>testCreateAnAlertOfFileOperationOnIntegratorWindowServerAgentDeletedOperationAlert</b><br>Test class: tests.AdminAlertTest<br>Test method: C121</td>
<td></td>
<td>40</td>
<td>tests.AdminAlertTest@3541cb24</td></tr>
<tr>
<td title='tests.AdminAlertTest.testCreateAnAlertOfFileOperationOnIntegratorWindowServerAgentasModifiedOperationAlert()'><b>testCreateAnAlertOfFileOperationOnIntegratorWindowServerAgentasModifiedOperationAlert</b><br>Test class: tests.AdminAlertTest<br>Test method: C124</td>
<td></td>
<td>41</td>
<td>tests.AdminAlertTest@3541cb24</td></tr>
<tr>
<td title='tests.AdminAlertTest.testCreateAnAlertFileOperationOffice365ForRenamedOperation()'><b>testCreateAnAlertFileOperationOffice365ForRenamedOperation</b><br>Test class: tests.AdminAlertTest<br>Test method: C97</td>
<td></td>
<td>39</td>
<td>tests.AdminAlertTest@3541cb24</td></tr>
</table><p>
</body>
</html>