<?xml version="1.0" encoding="UTF-8"?>
<!-- Generated by org.testng.reporters.JUnitXMLReporter -->
<testsuite ignored="1" hostname="WIN-IAU3NU9P049" failures="7" tests="40" name="Admin Alert Test" time="2662.833" errors="0" timestamp="2022-01-22T20:44:10 IST">
  <testcase classname="tests.AdminAlertTest" name="testActivityLessthanXhoursInfoAlertCreated" time="32.919"/>
  <testcase classname="tests.AdminAlertTest" name="testActivityLessthanXhoursWarningAlertCreated" time="31.62"/>
  <testcase classname="tests.AdminAlertTest" name="testActivityLessthanXhoursCriticalAlertCreated" time="31.301"/>
  <testcase classname="tests.AdminAlertTest" name="testCreateAnAlertOfFileOperationOnAgentsForDeleteOperation" time="36.846"/>
  <testcase classname="tests.AdminAlertTest" name="testCreateAnAlertOfFileOperationOnAgentsForReadOperation" time="36.085"/>
  <testcase classname="tests.AdminAlertTest" name="testCreateAnAlertOfFileOperationOnAgentsForCreatedOperation" time="36.829"/>
  <testcase classname="tests.AdminAlertTest" name="testCreateAnAlertOfFileOperationOnAgentsForModifiedOperation" time="37.468"/>
  <testcase classname="tests.AdminAlertTest" name="testCreateAnAlertOfNetAppQaFileOperationOnIntegratorsForDeletedOperation" time="45.094"/>
  <testcase classname="tests.AdminAlertTest" name="testCreateAnAlertOfNetAppQaFileOperationOnIntegratorsForReadOperation" time="40.406"/>
  <testcase classname="tests.AdminAlertTest" name="testCreateAnAlertOfNetAppQaFileOperationOnIntegratorsForCreatedOperation" time="40.982"/>
  <testcase classname="tests.AdminAlertTest" name="testCreateAnAlertOfNetAppQaFileOperationOnIntegratorsForModifiedOperation" time="40.387"/>
  <testcase classname="tests.AdminAlertTest" name="testCreateAnAlertFileOperationOffice365ForUploadedOperation" time="40.009"/>
  <testcase classname="tests.AdminAlertTest" name="testCreateAnAlertFileOperationOffice365ForDeletedOperation" time="40.307"/>
  <testcase classname="tests.AdminAlertTest" name="testCreateAnAlertFileOperationOffice365ForRenamedOperation" time="39.542"/>
  <testcase classname="tests.AdminAlertTest" name="testCreateAnAlertFileOperationOffice365ForReadOperation" time="40.454"/>
  <testcase classname="tests.AdminAlertTest" name="testCreateAnAlertFileOperationOffice365ForModifiedOperation" time="39.993"/>
  <testcase classname="tests.AdminAlertTest" name="testCreateAnAlertOfFileOperationOnAgentsForRenamedOperation" time="36.6"/>
  <testcase classname="tests.AdminAlertTest" name="testCreateAnAlertOfFileOperationOnIntegratorWindowServerAgentDeletedOperationAlert" time="40.238"/>
  <testcase classname="tests.AdminAlertTest" name="testCreateAnAlertOfFileOperationOnIntegratorWindowServerAgentasReadOperationAlert" time="41.334"/>
  <testcase classname="tests.AdminAlertTest" name="testCreateAnAlertOfFileOperationOnIntegratorWindowServerAgentasCreatedOperationAlert" time="40.521"/>
  <testcase classname="tests.AdminAlertTest" name="testCreateAnAlertOfFileOperationOnIntegratorWindowServerAgentasModifiedOperationAlert" time="41.758"/>
  <testcase classname="tests.AdminAlertTest" name="testUserIsAbleToFilterAlertWithNameContains" time="36.912"/>
  <testcase classname="tests.AdminAlertTest" name="testUserIsAbleToFilterAlertWithNameEquals" time="37.234"/>
  <testcase classname="tests.AdminAlertTest" name="testUserIsAbleToFilterAlertWithNameStartWith" time="36.85"/>
  <testcase classname="tests.AdminAlertTest" name="testUserIsAbleToFilterAlertByIntegrationNameActivityLessThanXHours" time="33.028">
    <failure type="java.lang.AssertionError" message="expected [Activity Less Than X Hours] but found [@Activity Less Than X Hours|98ba6dd6-4b6f-416a-8e87-29deabdce962]">
      <![CDATA[java.lang.AssertionError: expected [Activity Less Than X Hours] but found [@Activity Less Than X Hours|98ba6dd6-4b6f-416a-8e87-29deabdce962]
at pages.Admin_AlertsPage.assertAppliedFilterInFilterButtonTooltip(Admin_AlertsPage.java:136)
at tests.AdminAlertTest.testUserIsAbleToFilterAlertByIntegrationNameActivityLessThanXHours(AdminAlertTest.java:1270)
at java.base/java.util.ArrayList.forEach(ArrayList.java:1511)
... Removed 33 stack frames]]>
    </failure>
  </testcase> <!-- testUserIsAbleToFilterAlertByIntegrationNameActivityLessThanXHours -->
  <testcase classname="tests.AdminAlertTest" name="testUserIsAbleToFilterAlertByIntegrationNameFileOperationOnAgents" time="32.78">
    <failure type="java.lang.AssertionError" message="expected [File operation on Endpoints] but found [@File operation on Endpoints|7a4db281-56cc-4fdd-abb0-7227efdb2ff7]">
      <![CDATA[java.lang.AssertionError: expected [File operation on Endpoints] but found [@File operation on Endpoints|7a4db281-56cc-4fdd-abb0-7227efdb2ff7]
at pages.Admin_AlertsPage.assertAppliedFilterInFilterButtonTooltip(Admin_AlertsPage.java:136)
at tests.AdminAlertTest.testUserIsAbleToFilterAlertByIntegrationNameFileOperationOnAgents(AdminAlertTest.java:1311)
at java.base/java.util.ArrayList.forEach(ArrayList.java:1511)
... Removed 33 stack frames]]>
    </failure>
  </testcase> <!-- testUserIsAbleToFilterAlertByIntegrationNameFileOperationOnAgents -->
  <testcase classname="tests.AdminAlertTest" name="testUserIsAbleToFilterAlertByIntegrationNameFileOperationOnIntegrators" time="33.1">
    <failure type="java.lang.AssertionError" message="expected [File operation on Integrator] but found [@File operation on Integrator|9012934d-fe7d-498f-816a-be02e8e31d29]">
      <![CDATA[java.lang.AssertionError: expected [File operation on Integrator] but found [@File operation on Integrator|9012934d-fe7d-498f-816a-be02e8e31d29]
at pages.Admin_AlertsPage.assertAppliedFilterInFilterButtonTooltip(Admin_AlertsPage.java:136)
at tests.AdminAlertTest.testUserIsAbleToFilterAlertByIntegrationNameFileOperationOnIntegrators(AdminAlertTest.java:1352)
at java.base/java.util.ArrayList.forEach(ArrayList.java:1511)
... Removed 33 stack frames]]>
    </failure>
  </testcase> <!-- testUserIsAbleToFilterAlertByIntegrationNameFileOperationOnIntegrators -->
  <testcase classname="tests.AdminAlertTest" name="testUserIsAbleToFilterAlertBySeverityAsCritical" time="32.914"/>
  <testcase classname="tests.AdminAlertTest" name="testUserIsAbleToFilterAlertBySeverityAsInfo" time="32.561"/>
  <testcase classname="tests.AdminAlertTest" name="testUserIsAbleToFilterAlertBySeverityAsWarning" time="33.015"/>
  <testcase classname="tests.AdminAlertTest" name="testUserIsAbleToFilterAlertByNameWithContainAndIntegrationAsActivityLessThanXHours" time="41.194">
    <failure type="java.lang.AssertionError" message="expected [Activity Less Than X Hours] but found [@Activity Less Than X Hours|98ba6dd6-4b6f-416a-8e87-29deabdce962]">
      <![CDATA[java.lang.AssertionError: expected [Activity Less Than X Hours] but found [@Activity Less Than X Hours|98ba6dd6-4b6f-416a-8e87-29deabdce962]
at pages.Admin_AlertsPage.assertAppliedFilterInFilterButtonTooltip(Admin_AlertsPage.java:136)
at tests.AdminAlertTest.testUserIsAbleToFilterAlertByNameWithContainAndIntegrationAsActivityLessThanXHours(AdminAlertTest.java:1522)
at java.base/java.util.ArrayList.forEach(ArrayList.java:1511)
... Removed 33 stack frames]]>
    </failure>
  </testcase> <!-- testUserIsAbleToFilterAlertByNameWithContainAndIntegrationAsActivityLessThanXHours -->
  <testcase classname="tests.AdminAlertTest" name="testUserIsAbleToFilterAlertContainsQAInIntegrators" time="36.67"/>
  <testcase classname="tests.AdminAlertTest" name="testNoItemsIsDisplayedWhenUserApplyFilterWithUnmatchedKeywordAndContainsConditionForIntegratorsFields" time="36.073"/>
  <testcase classname="tests.AdminAlertTest" name="testUserIsAbleToFilterAlertEqualsToNetAppQAInIntegrators" time="37.328"/>
  <testcase classname="tests.AdminAlertTest" name="testNoItemsIsDisplayedWhenUserApplyFilterWithQAKeywordAndEqualsConditionForIntegratorsFields" time="35.43"/>
  <testcase classname="tests.AdminAlertTest" name="testNoItemsIsDisplayedWhenUserApplyFilterWithnetaapKeywordAndStarWithConditionForIntegratorsFields" time="36.59"/>
  <testcase classname="tests.AdminAlertTest" name="testUserIsAbleToFilterAlertByNameTypeAndIntegration" time="77.648">
    <failure type="java.lang.AssertionError" message="expected [Activity Less Than X Hours] but found [@Activity Less Than X Hours|98ba6dd6-4b6f-416a-8e87-29deabdce962]">
      <![CDATA[java.lang.AssertionError: expected [Activity Less Than X Hours] but found [@Activity Less Than X Hours|98ba6dd6-4b6f-416a-8e87-29deabdce962]
at pages.Admin_AlertsPage.assertAppliedFilterInFilterButtonTooltip(Admin_AlertsPage.java:136)
at tests.AdminAlertTest.testUserIsAbleToFilterAlertByNameTypeAndIntegration(AdminAlertTest.java:1812)
at java.base/java.util.ArrayList.forEach(ArrayList.java:1511)
... Removed 33 stack frames]]>
    </failure>
  </testcase> <!-- testUserIsAbleToFilterAlertByNameTypeAndIntegration -->
  <testcase classname="tests.AdminAlertTest" name="testUserIsAbleToFilterAlertByNameTypeIntegrationAndSeverity" time="51.388">
    <failure type="java.lang.AssertionError" message="expected [File operation on Integrator] but found [@File operation on Integrator|9012934d-fe7d-498f-816a-be02e8e31d29]">
      <![CDATA[java.lang.AssertionError: expected [File operation on Integrator] but found [@File operation on Integrator|9012934d-fe7d-498f-816a-be02e8e31d29]
at pages.Admin_AlertsPage.assertAppliedFilterInFilterButtonTooltip(Admin_AlertsPage.java:136)
at tests.AdminAlertTest.testUserIsAbleToFilterAlertByNameTypeIntegrationAndSeverity(AdminAlertTest.java:1880)
at java.base/java.util.ArrayList.forEach(ArrayList.java:1511)
... Removed 33 stack frames]]>
    </failure>
  </testcase> <!-- testUserIsAbleToFilterAlertByNameTypeIntegrationAndSeverity -->
  <testcase classname="tests.AdminAlertTest" name="testUserIsAbleToGetResetDefaultValueWhenClickedOnClearButtonOnFilterPoUp" time="48.195">
    <failure type="java.lang.AssertionError" message="expected [File operation on Integrator] but found [@File operation on Integrator|9012934d-fe7d-498f-816a-be02e8e31d29]">
      <![CDATA[java.lang.AssertionError: expected [File operation on Integrator] but found [@File operation on Integrator|9012934d-fe7d-498f-816a-be02e8e31d29]
at pages.Admin_AlertsPage.assertAppliedFilterInFilterButtonTooltip(Admin_AlertsPage.java:136)
at tests.AdminAlertTest.testUserIsAbleToGetResetDefaultValueWhenClickedOnClearButtonOnFilterPoUp(AdminAlertTest.java:1949)
at java.base/java.util.ArrayList.forEach(ArrayList.java:1511)
... Removed 33 stack frames]]>
    </failure>
  </testcase> <!-- testUserIsAbleToGetResetDefaultValueWhenClickedOnClearButtonOnFilterPoUp -->
  <testcase classname="tests.AdminAlertTest" name="testUserIsAbleToEditExistingAlert" time="37.467"/>
  <testcase classname="tests.AdminAlertTest" name="testUserIsAbleToSerachAlertByIntegrationNameActivityLessThanXHoursAlertPage" time="0.0">
    <ignored/>
  </testcase> <!-- testUserIsAbleToSerachAlertByIntegrationNameActivityLessThanXHoursAlertPage -->
</testsuite> <!-- Admin Alert Test -->
