<?xml version="1.0" encoding="UTF-8"?>
<!-- Generated by org.testng.reporters.JUnitXMLReporter -->
<testsuite ignored="0" hostname="WIN-IAU3NU9P049" failures="1" tests="15" name="Application Log" time="839.182" errors="0" timestamp="2022-01-22T20:58:13 IST">
  <testcase classname="tests.ApplicationLogTest" name="testApplicationLogIsCreatedForAlertCreated" time="53.316"/>
  <testcase classname="tests.ApplicationLogTest" name="testApplicationLogIsCreatedForAlertModified" time="56.949"/>
  <testcase classname="tests.ApplicationLogTest" name="testApplicationLogIsCreatedForAlertDeleted" time="41.723"/>
  <testcase classname="tests.ApplicationLogTest" name="testApplicationLogIsCreatedForUserLogin" time="8.046"/>
  <testcase classname="tests.ApplicationLogTest" name="testApplicationLogIsCreatedForUserLoginFailed" time="35.366"/>
  <testcase classname="tests.ApplicationLogTest" name="testApplicationLogIsCreatedForUserCreated" time="47.764"/>
  <testcase classname="tests.ApplicationLogTest" name="testApplicationLogIsCreatedForUserModified" time="58.601"/>
  <testcase classname="tests.ApplicationLogTest" name="testApplicationLogIsCreatedForUserDeleted" time="38.387"/>
  <testcase classname="tests.ApplicationLogTest" name="testApplicationLogIsCreatedForPrintJobModified" time="21.751"/>
  <testcase classname="tests.ApplicationLogTest" name="testApplicationLogIsCreatedForFileAuditModified" time="21.032"/>
  <testcase classname="tests.ApplicationLogTest" name="testUserIsAbleToFilterApplicationLogWithObjectTypeUser" time="27.075"/>
  <testcase classname="tests.ApplicationLogTest" name="testUserIsAbleToFilterApplicationLogWithActionModified" time="28.381"/>
  <testcase classname="tests.ApplicationLogTest" name="testUserIsAbleToFilterApplicationLogWithObjectContains" time="31.077"/>
  <testcase classname="tests.ApplicationLogTest" name="testUserIsAbleToFilterApplicationLogWithUserContains" time="31.111"/>
  <testcase classname="tests.ApplicationLogTest" name="testUserIsAbleExportAndDownloadPageEventsInSelectedFormatsByUser" time="29.667">
    <failure type="org.openqa.selenium.ElementNotInteractableException" message="element not interactable
  (Session info: chrome=97.0.4692.99)
Build info: version: &amp;apos;3.141.59&amp;apos;, revision: &amp;apos;e82be7d358&amp;apos;, time: &amp;apos;2018-11-14T08:17:03&amp;apos;
System info: host: &amp;apos;WIN-IAU3NU9P049&amp;apos;, ip: &amp;apos;192.168.0.5&amp;apos;, os.name: &amp;apos;Windows 10&amp;apos;, os.arch: &amp;apos;amd64&amp;apos;, os.version: &amp;apos;10.0&amp;apos;, java.version: &amp;apos;17&amp;apos;
Driver info: org.openqa.selenium.chrome.ChromeDriver
Capabilities {acceptInsecureCerts: false, browserName: chrome, browserVersion: 97.0.4692.99, chrome: {chromedriverVersion: 96.0.4664.45 (76e4c1bb2ab46..., userDataDir: C:\Users\User\AppData\Local...}, goog:chromeOptions: {debuggerAddress: localhost:51780}, javascriptEnabled: true, networkConnectionEnabled: false, pageLoadStrategy: normal, platform: WINDOWS, platformName: WINDOWS, proxy: Proxy(), setWindowRect: true, strictFileInteractability: false, timeouts: {implicit: 0, pageLoad: 300000, script: 30000}, unhandledPromptBehavior: dismiss and notify, webauthn:extension:credBlob: true, webauthn:extension:largeBlob: true, webauthn:virtualAuthenticators: true}
Session ID: b8b47c971c302badcb8708da63dc59c9">
      <![CDATA[org.openqa.selenium.ElementNotInteractableException: element not interactable
  (Session info: chrome=97.0.4692.99)
Build info: version: '3.141.59', revision: 'e82be7d358', time: '2018-11-14T08:17:03'
System info: host: 'WIN-IAU3NU9P049', ip: '192.168.0.5', os.name: 'Windows 10', os.arch: 'amd64', os.version: '10.0', java.version: '17'
Driver info: org.openqa.selenium.chrome.ChromeDriver
Capabilities {acceptInsecureCerts: false, browserName: chrome, browserVersion: 97.0.4692.99, chrome: {chromedriverVersion: 96.0.4664.45 (76e4c1bb2ab46..., userDataDir: C:\Users\User\AppData\Local...}, goog:chromeOptions: {debuggerAddress: localhost:51780}, javascriptEnabled: true, networkConnectionEnabled: false, pageLoadStrategy: normal, platform: WINDOWS, platformName: WINDOWS, proxy: Proxy(), setWindowRect: true, strictFileInteractability: false, timeouts: {implicit: 0, pageLoad: 300000, script: 30000}, unhandledPromptBehavior: dismiss and notify, webauthn:extension:credBlob: true, webauthn:extension:largeBlob: true, webauthn:virtualAuthenticators: true}
Session ID: b8b47c971c302badcb8708da63dc59c9
at org.openqa.selenium.remote.http.W3CHttpResponseCodec.createException(W3CHttpResponseCodec.java:187)
at org.openqa.selenium.remote.http.W3CHttpResponseCodec.decode(W3CHttpResponseCodec.java:122)
at org.openqa.selenium.remote.http.W3CHttpResponseCodec.decode(W3CHttpResponseCodec.java:49)
at org.openqa.selenium.remote.HttpCommandExecutor.execute(HttpCommandExecutor.java:158)
at org.openqa.selenium.remote.service.DriverCommandExecutor.execute(DriverCommandExecutor.java:83)
at org.openqa.selenium.remote.RemoteWebDriver.execute(RemoteWebDriver.java:552)
at org.openqa.selenium.remote.RemoteWebElement.execute(RemoteWebElement.java:285)
at org.openqa.selenium.remote.RemoteWebElement.click(RemoteWebElement.java:84)
at utility.DriverPage.clickOn(DriverPage.java:155)
at pages.Admin_ApplicationLogPage.clickOnCloseButtonOnExportPopUp(Admin_ApplicationLogPage.java:141)
at tests.ApplicationLogTest.testUserIsAbleExportAndDownloadPageEventsInSelectedFormatsByUser(ApplicationLogTest.java:580)
at java.base/java.util.ArrayList.forEach(ArrayList.java:1511)
... Removed 32 stack frames]]>
    </failure>
  </testcase> <!-- testUserIsAbleExportAndDownloadPageEventsInSelectedFormatsByUser -->
</testsuite> <!-- Application Log -->
