<?xml version="1.0" encoding="UTF-8"?>
<!-- Generated by org.testng.reporters.JUnitXMLReporter -->
<testsuite ignored="0" hostname="WIN-IAU3NU9P049" failures="1" tests="15" name="Application Log" time="1054.284" errors="0" timestamp="2022-01-26T21:04:28 IST">
  <testcase classname="tests.ApplicationLogTest" name="testApplicationLogIsCreatedForAlertCreated" time="72.598"/>
  <testcase classname="tests.ApplicationLogTest" name="testApplicationLogIsCreatedForAlertDeleted" time="55.704"/>
  <testcase classname="tests.ApplicationLogTest" name="testApplicationLogIsCreatedForAlertModified" time="75.019"/>
  <testcase classname="tests.ApplicationLogTest" name="testApplicationLogIsCreatedForFileAuditModified" time="28.196"/>
  <testcase classname="tests.ApplicationLogTest" name="testApplicationLogIsCreatedForPrintJobModified" time="29.021"/>
  <testcase classname="tests.ApplicationLogTest" name="testApplicationLogIsCreatedForUserCreated" time="63.547"/>
  <testcase classname="tests.ApplicationLogTest" name="testApplicationLogIsCreatedForUserDeleted" time="51.941"/>
  <testcase classname="tests.ApplicationLogTest" name="testApplicationLogIsCreatedForUserLogin" time="9.853"/>
  <testcase classname="tests.ApplicationLogTest" name="testApplicationLogIsCreatedForUserLoginFailed" time="46.488"/>
  <testcase classname="tests.ApplicationLogTest" name="testApplicationLogIsCreatedForUserModified" time="81.718"/>
  <testcase classname="tests.ApplicationLogTest" name="testUserIsAbleExportAndDownloadPageEventsInSelectedFormatsByUser" time="38.591">
    <failure type="org.openqa.selenium.ElementNotInteractableException" message="element not interactable
  (Session info: chrome=97.0.4692.99)
Build info: version: &amp;apos;3.141.59&amp;apos;, revision: &amp;apos;e82be7d358&amp;apos;, time: &amp;apos;2018-11-14T08:17:03&amp;apos;
System info: host: &amp;apos;WIN-IAU3NU9P049&amp;apos;, ip: &amp;apos;192.168.0.5&amp;apos;, os.name: &amp;apos;Windows 10&amp;apos;, os.arch: &amp;apos;amd64&amp;apos;, os.version: &amp;apos;10.0&amp;apos;, java.version: &amp;apos;17&amp;apos;
Driver info: org.openqa.selenium.chrome.ChromeDriver
Capabilities {acceptInsecureCerts: false, browserName: chrome, browserVersion: 97.0.4692.99, chrome: {chromedriverVersion: 96.0.4664.45 (76e4c1bb2ab46..., userDataDir: C:\Users\User\AppData\Local...}, goog:chromeOptions: {debuggerAddress: localhost:54702}, javascriptEnabled: true, networkConnectionEnabled: false, pageLoadStrategy: normal, platform: WINDOWS, platformName: WINDOWS, proxy: Proxy(), setWindowRect: true, strictFileInteractability: false, timeouts: {implicit: 0, pageLoad: 300000, script: 30000}, unhandledPromptBehavior: dismiss and notify, webauthn:extension:credBlob: true, webauthn:extension:largeBlob: true, webauthn:virtualAuthenticators: true}
Session ID: d57330e162723e8aae909594537c8385">
      <![CDATA[org.openqa.selenium.ElementNotInteractableException: element not interactable
  (Session info: chrome=97.0.4692.99)
Build info: version: '3.141.59', revision: 'e82be7d358', time: '2018-11-14T08:17:03'
System info: host: 'WIN-IAU3NU9P049', ip: '192.168.0.5', os.name: 'Windows 10', os.arch: 'amd64', os.version: '10.0', java.version: '17'
Driver info: org.openqa.selenium.chrome.ChromeDriver
Capabilities {acceptInsecureCerts: false, browserName: chrome, browserVersion: 97.0.4692.99, chrome: {chromedriverVersion: 96.0.4664.45 (76e4c1bb2ab46..., userDataDir: C:\Users\User\AppData\Local...}, goog:chromeOptions: {debuggerAddress: localhost:54702}, javascriptEnabled: true, networkConnectionEnabled: false, pageLoadStrategy: normal, platform: WINDOWS, platformName: WINDOWS, proxy: Proxy(), setWindowRect: true, strictFileInteractability: false, timeouts: {implicit: 0, pageLoad: 300000, script: 30000}, unhandledPromptBehavior: dismiss and notify, webauthn:extension:credBlob: true, webauthn:extension:largeBlob: true, webauthn:virtualAuthenticators: true}
Session ID: d57330e162723e8aae909594537c8385
at org.openqa.selenium.remote.http.W3CHttpResponseCodec.createException(W3CHttpResponseCodec.java:187)
at org.openqa.selenium.remote.http.W3CHttpResponseCodec.decode(W3CHttpResponseCodec.java:122)
at org.openqa.selenium.remote.http.W3CHttpResponseCodec.decode(W3CHttpResponseCodec.java:49)
at org.openqa.selenium.remote.HttpCommandExecutor.execute(HttpCommandExecutor.java:158)
at org.openqa.selenium.remote.service.DriverCommandExecutor.execute(DriverCommandExecutor.java:83)
at org.openqa.selenium.remote.RemoteWebDriver.execute(RemoteWebDriver.java:552)
at org.openqa.selenium.remote.RemoteWebElement.execute(RemoteWebElement.java:285)
at org.openqa.selenium.remote.RemoteWebElement.click(RemoteWebElement.java:84)
at utility.DriverPage.clickOn(DriverPage.java:155)
at pages.Admin_ApplicationLogPage.clickOnCloseButtonOnExportPopUp(Admin_ApplicationLogPage.java:141)
at tests.ApplicationLogTest.testUserIsAbleExportAndDownloadPageEventsInSelectedFormatsByUser(ApplicationLogTest.java:596)
at java.base/java.util.ArrayList.forEach(ArrayList.java:1511)
at java.base/java.util.concurrent.FutureTask.run(FutureTask.java:264)
at java.base/java.util.concurrent.ThreadPoolExecutor.runWorker(ThreadPoolExecutor.java:1136)
at java.base/java.util.concurrent.ThreadPoolExecutor$Worker.run(ThreadPoolExecutor.java:635)
at java.base/java.lang.Thread.run(Thread.java:833)
... Removed 23 stack frames]]>
    </failure>
  </testcase> <!-- testUserIsAbleExportAndDownloadPageEventsInSelectedFormatsByUser -->
  <testcase classname="tests.ApplicationLogTest" name="testUserIsAbleToFilterApplicationLogWithActionModified" time="35.95"/>
  <testcase classname="tests.ApplicationLogTest" name="testUserIsAbleToFilterApplicationLogWithObjectContains" time="41.096"/>
  <testcase classname="tests.ApplicationLogTest" name="testUserIsAbleToFilterApplicationLogWithObjectTypeUser" time="36.079"/>
  <testcase classname="tests.ApplicationLogTest" name="testUserIsAbleToFilterApplicationLogWithUserContains" time="41.049"/>
</testsuite> <!-- Application Log -->
