<?xml version="1.0" encoding="UTF-8"?>
<!-- Generated by org.testng.reporters.JUnitXMLReporter -->
<testsuite ignored="8" hostname="WIN-IAU3NU9P049" failures="1" tests="2" name="User Test" time="106.826" errors="0" timestamp="2022-01-26T19:10:38 IST">
  <testcase classname="tests.Admin_UserTest" name="testApplicationAllowToFilterUserByEmailDropdownCondition" time="19.72">
    <failure type="java.lang.AssertionError" message="expected [2] but found [1]">
      <![CDATA[java.lang.AssertionError: expected [2] but found [1]
at pages.FilterDialogPage.assertNumberOnFilterButton(FilterDialogPage.java:61)
at tests.Admin_UserTest.testApplicationAllowToFilterUserByEmailDropdownCondition(Admin_UserTest.java:489)
at java.base/java.util.ArrayList.forEach(ArrayList.java:1511)
at java.base/java.util.concurrent.FutureTask.run(FutureTask.java:264)
at java.base/java.util.concurrent.ThreadPoolExecutor.runWorker(ThreadPoolExecutor.java:1136)
at java.base/java.util.concurrent.ThreadPoolExecutor$Worker.run(ThreadPoolExecutor.java:635)
at java.base/java.lang.Thread.run(Thread.java:833)
... Removed 24 stack frames]]>
    </failure>
  </testcase> <!-- testApplicationAllowToFilterUserByEmailDropdownCondition -->
  <testcase classname="tests.Admin_UserTest" name="testApplicationAllowToFilterUserByRoleCondition" time="4.18"/>
  <testcase classname="tests.Admin_UserTest" name="testApplicationAllowsToCreateAUserWithManageUserRole" time="0.0">
    <ignored/>
  </testcase> <!-- testApplicationAllowsToCreateAUserWithManageUserRole -->
  <testcase classname="tests.Admin_UserTest" name="testUserIsAbleDisabledUserAndCrossSignDisplayedWithUser" time="0.0">
    <ignored/>
  </testcase> <!-- testUserIsAbleDisabledUserAndCrossSignDisplayedWithUser -->
  <testcase classname="tests.Admin_UserTest" name="testApplicationAllowsToSetPassword" time="0.0">
    <ignored/>
  </testcase> <!-- testApplicationAllowsToSetPassword -->
  <testcase classname="tests.Admin_UserTest" name="testUserisAbleToFilterByNameFieldWithContainsConditions" time="0.0">
    <ignored/>
  </testcase> <!-- testUserisAbleToFilterByNameFieldWithContainsConditions -->
  <testcase classname="tests.Admin_UserTest" name="testUserIsNotAbleToLoginIntoApplicationWhenDisabledUserProfile" time="0.0">
    <ignored/>
  </testcase> <!-- testUserIsNotAbleToLoginIntoApplicationWhenDisabledUserProfile -->
  <testcase classname="tests.Admin_UserTest" name="testApplicationAllowsToCreateNewUserWithAdministrationRole" time="0.0">
    <ignored/>
  </testcase> <!-- testApplicationAllowsToCreateNewUserWithAdministrationRole -->
  <testcase classname="tests.Admin_UserTest" name="testUserIsNotAbleToLoginIntoApplicationWhenUserProfileIsDeleted" time="0.0">
    <ignored/>
  </testcase> <!-- testUserIsNotAbleToLoginIntoApplicationWhenUserProfileIsDeleted -->
  <testcase classname="tests.Admin_UserTest" name="testPasswordComplexityRequirementsNotMet" time="0.0">
    <ignored/>
  </testcase> <!-- testPasswordComplexityRequirementsNotMet -->
</testsuite> <!-- User Test -->
